17	47630000	48530000	308.0200	0.1868	0.0000
3	45350000	46250000	307.0000	0.1173	0.0000
15	41700000	42690000	306.8800	0.1693	0.0000
4	112690000	113460000	305.4800	0.2712	0.0000
17	28430000	29280000	304.6000	0.1291	0.0000
20	32060000	32640000	302.5600	0.1234	0.0000
8	22450000	23240000	302.4400	0.2519	0.0000
1	39150000	39450000	301.6200	0.0710	0.0000
2	233120000	233560000	301.3600	0.0599	0.0000
17	39640000	40050000	300.7800	0.0560	0.0000
6	36040000	36590000	300.3400	0.0898	0.0000
11	45900000	46110000	300.1600	0.0364	0.0000
1	186480000	187080000	299.5200	0.1070	0.0000
9	113230000	113430000	299.2200	0.0262	0.0000
6	42300000	43300000	298.9400	0.1974	0.0000
17	3920000	4330000	298.9000	0.1209	0.0000
16	57430000	57700000	298.5400	0.1075	0.0000
9	320000	450000	298.4200	0.0357	0.0000
11	105240000	105960000	298.2000	0.0657	0.0000
6	41010000	42010000	298.0600	0.1809	0.0000
1	53690000	54380000	297.9400	0.1176	0.0000
12	121300000	121580000	297.7600	0.0939	0.0000
17	75540000	75710000	297.6600	0.0261	0.0000
16	66920000	67580000	297.6400	0.0393	0.0000
7	19750000	19830000	297.6200	0.0351	0.0000
5	96590000	97070000	297.4600	0.1311	0.0000
8	18100000	18800000	297.4400	0.1081	0.0000
3	51940000	52930000	297.2400	0.2790	0.0000
20	59180000	59260000	297.1000	0.0255	0.0000
15	40730000	40870000	297.0400	0.0367	0.0000
14	99160000	99270000	296.9000	0.0853	0.0000
14	78470000	79030000	296.8600	0.0740	0.0000
4	6850000	7010000	296.7600	0.0567	0.0000
1	151100000	151820000	296.6200	0.2670	0.0000
14	21350000	21540000	296.6000	0.0507	0.0000
2	98540000	98630000	296.5000	0.1012	0.0000
16	67940000	68540000	296.4200	0.2074	0.0000
22	19920000	20310000	296.4200	0.0408	0.0000
8	129830000	130090000	296.3200	0.0772	0.0000
1	55050000	55210000	295.9800	0.0496	0.0000
14	101870000	102520000	295.8000	0.1142	0.0000
14	73090000	73200000	295.4000	0.0908	0.0000
3	141340000	141610000	295.3600	0.0312	0.0000
1	63140000	63340000	295.2800	0.0411	0.0000
14	50100000	50810000	294.9200	0.1238	0.0000
17	81980000	82290000	294.7600	0.0483	0.0000
15	62990000	63350000	294.5800	0.0849	0.0000
8	122690000	123150000	294.4800	0.0604	0.0000
14	92360000	92610000	294.4000	0.0507	0.0000
1	206480000	206880000	294.3600	0.0275	0.0000
22	21660000	21810000	294.1000	0.0587	0.0000
1	40410000	40900000	294.0400	0.1340	0.0000
20	35280000	35690000	294.0200	0.0632	0.0000
1	153380000	153850000	293.9200	0.0519	0.0000
11	71920000	72660000	293.9000	0.0615	0.0000
21	46160000	46390000	293.9000	0.0552	0.0000
3	169000000	169650000	293.8000	0.0595	0.0000
3	36800000	36940000	293.7600	0.0515	0.0000
10	132230000	132520000	293.6600	0.0787	0.0000
14	20290000	20520000	293.6600	0.0758	0.0000
17	42700000	42870000	293.6400	0.0328	0.0000
16	23440000	24190000	293.6000	0.1109	0.0000
11	114130000	114310000	293.6000	0.0501	0.0000
15	40280000	40370000	293.5400	0.0277	0.0000
10	73820000	74250000	293.5200	0.0752	0.0000
13	39070000	39470000	293.5000	0.0683	0.0000
22	37870000	38340000	293.3800	0.0634	0.0000
9	93070000	93750000	293.3400	0.0977	0.0000
20	34690000	35070000	293.3200	0.0716	0.0000
2	69710000	69880000	293.2800	0.1401	0.0000
12	109470000	109970000	293.2600	0.0416	0.0000
6	37230000	38180000	293.2200	0.1760	0.0000
20	41070000	41430000	293.1800	0.0436	0.0000
11	32290000	32720000	293.0200	0.1891	0.0000
8	28710000	29380000	293.0000	0.0932	0.0000
2	225380000	226230000	292.8600	0.0324	0.0000
11	30720000	31320000	292.8200	0.0342	0.0000
17	26860000	26880000	292.8200	0.0097	0.0000
9	86290000	86370000	292.7400	0.0187	0.0000
20	44750000	45430000	292.6800	0.0610	0.0000
5	154350000	154440000	292.5400	0.0265	0.0000
6	33370000	34020000	292.5000	0.0757	0.0000
16	56660000	57060000	292.5000	0.0586	0.0000
1	240050000	240340000	292.4000	0.0714	0.0000
17	50100000	51050000	292.3200	0.0530	0.0000
6	111650000	111750000	292.1200	0.0700	0.0000
12	56990000	57310000	292.0600	0.0886	0.0000
11	65740000	66580000	292.0200	0.1486	0.0000
1	178330000	178470000	292.0200	0.0209	0.0000
16	27430000	27540000	292.0200	0.0170	0.0000
6	144440000	144560000	291.9400	0.0584	0.0000
17	79910000	80400000	291.8800	0.0849	0.0000
6	148270000	148560000	291.8600	0.0637	0.0000
8	27380000	27470000	291.8400	0.0940	0.0000
3	190040000	190910000	291.8200	0.1741	0.0000
12	90790000	91260000	291.7800	0.0841	0.0000
10	88890000	88990000	291.7000	0.0266	0.0000
3	102220000	102680000	291.6000	0.0585	0.0000
3	12440000	12930000	291.5400	0.0928	0.0000
4	185620000	185980000	291.5000	0.0981	0.0000
1	36170000	36180000	291.4000	0.0069	0.0000
12	55670000	56440000	291.3200	0.1205	0.0000
4	3170000	3390000	291.3200	0.0561	0.0000
10	110090000	111030000	291.3000	0.1374	0.0000
16	88710000	88880000	291.1800	0.1890	0.0000
20	33640000	33690000	291.1600	0.0533	0.0000
1	15330000	16240000	291.1400	0.0617	0.0000
8	132740000	133490000	291.0400	0.0857	0.0000
12	123800000	124670000	290.9600	0.1650	0.0000
19	42100000	42200000	290.9000	0.0413	0.0000
15	63620000	64500000	290.8400	0.0983	0.0000
2	227630000	227750000	290.8000	0.0572	0.0000
11	14370000	14570000	290.7600	0.0480	0.0000
16	81420000	81870000	290.5200	0.0853	0.0000
14	77080000	77760000	290.5200	0.0749	0.0000
7	155630000	155780000	290.5000	0.0678	0.0000
3	191880000	192610000	290.4800	0.1292	0.0000
1	88700000	89120000	290.3000	0.0571	0.0000
15	90430000	90500000	290.3000	0.0139	0.0000
11	102000000	102220000	290.2600	0.0510	0.0000
4	84500000	84930000	290.2200	0.0185	0.0000
15	48050000	48380000	290.1000	0.0438	0.0000
10	101320000	102120000	289.9400	0.1140	0.0000
4	89790000	89860000	289.9400	0.0198	0.0000
3	146050000	146380000	289.7800	0.0242	0.0000
9	121110000	121250000	289.7200	0.0860	0.0000
6	31630000	31730000	289.6400	0.0213	0.0000
11	72670000	72860000	289.5800	0.0634	0.0000
1	6030000	6110000	289.5400	0.0089	0.0000
6	2740000	3040000	289.5000	0.0348	0.0000
2	137880000	138490000	289.4600	0.0438	0.0000
3	12970000	13120000	289.4400	0.0441	0.0000
15	55400000	55860000	289.3400	0.0484	0.0000
4	78940000	79390000	289.3200	0.0796	0.0000
5	65550000	66190000	289.3000	0.0577	0.0000
17	75790000	75870000	289.2800	0.0546	0.0000
2	209330000	209600000	289.2600	0.0335	0.0000
17	2040000	2450000	289.2400	0.0318	0.0000
20	860000	1530000	289.2000	0.0558	0.0000
21	28640000	29140000	289.2000	0.0352	0.0000
2	83640000	84100000	289.1000	0.0761	0.0000
1	25870000	26610000	289.0400	0.0634	0.0000
6	140050000	140830000	289.0000	0.0895	0.0000
9	132190000	132980000	288.9800	0.1013	0.0000
17	74180000	74980000	288.9400	0.1617	0.0000
2	68800000	69000000	288.9200	0.0245	0.0000
4	162490000	163480000	288.8800	0.1163	0.0000
2	199460000	199710000	288.8800	0.0453	0.0000
3	157350000	157610000	288.8600	0.0611	0.0000
16	3520000	3770000	288.7800	0.0407	0.0000
1	51480000	51860000	288.7200	0.1113	0.0000
9	35360000	35950000	288.7000	0.1526	0.0000
1	209990000	210820000	288.6800	0.1082	0.0000
9	37150000	37930000	288.6800	0.0854	0.0000
12	54460000	54590000	288.6600	0.0209	0.0000
6	158050000	158800000	288.6400	0.0975	0.0000
9	97930000	98340000	288.6000	0.0875	0.0000
14	22520000	22550000	288.5400	0.0125	0.0000
13	101870000	102500000	288.5200	0.0735	0.0000
22	26440000	26620000	288.5000	0.0538	0.0000
3	65720000	66210000	288.4000	0.0903	0.0000
9	104150000	104690000	288.3800	0.0417	0.0000
2	57700000	57860000	288.3800	0.0392	0.0000
14	63870000	64470000	288.3600	0.1066	0.0000
16	2010000	2100000	288.3400	0.0831	0.0000
12	13590000	14080000	288.3000	0.0475	0.0000
1	19030000	19250000	288.2800	0.1133	0.0000
11	118360000	118630000	288.2400	0.0515	0.0000
3	178570000	178710000	288.2000	0.0477	0.0000
2	121720000	121770000	288.2000	0.0076	0.0000
6	26380000	26440000	288.1800	0.0192	0.0000
11	73310000	73480000	288.1600	0.0961	0.0000
2	53800000	54170000	288.1200	0.1054	0.0000
14	41460000	41840000	288.1200	0.0828	0.0000
4	137200000	138010000	288.0600	0.0709	0.0000
17	82540000	83200000	288.0600	0.0541	0.0000
4	6700000	6770000	287.9600	0.0173	0.0000
20	34290000	34600000	287.9200	0.0541	0.0000
10	34290000	34960000	287.9000	0.3580	0.0000
1	110180000	110450000	287.8800	0.0297	0.0000
10	94180000	94500000	287.8400	0.0410	0.0000
5	150360000	150460000	287.8200	0.0762	0.0000
7	120650000	120880000	287.8200	0.0717	0.0000
3	47290000	47650000	287.8000	0.0447	0.0000
12	57540000	57940000	287.7600	0.1127	0.0000
2	146850000	147010000	287.7600	0.0716	0.0000
10	100160000	100320000	287.7000	0.0901	0.0000
3	14100000	15080000	287.6800	0.1164	0.0000
7	27690000	27970000	287.6800	0.0702	0.0000
8	81440000	81560000	287.6000	0.0375	0.0000
9	128160000	128530000	287.6000	0.0303	0.0000
16	53400000	53580000	287.5600	0.0691	0.0000
12	88230000	88320000	287.5400	0.0119	0.0000
13	38430000	38950000	287.5000	0.1008	0.0000
10	103170000	103520000	287.5000	0.0597	0.0000
22	17670000	17830000	287.4600	0.0516	0.0000
10	68720000	69400000	287.3800	0.1338	0.0000
9	3940000	4470000	287.3600	0.0795	0.0000
9	120520000	120920000	287.3600	0.0166	0.0000
4	173640000	174210000	287.3400	0.1790	0.0000
1	217020000	217150000	287.3400	0.0586	0.0000
3	98110000	98440000	287.3200	0.0785	0.0000
1	167620000	167750000	287.2800	0.0490	0.0000
11	131850000	132270000	287.2600	0.0948	0.0000
5	141560000	142020000	287.2400	0.0804	0.0000
2	73870000	74190000	287.2200	0.0900	0.0000
12	118150000	118410000	287.2000	0.0682	0.0000
1	40040000	40270000	287.1800	0.0847	0.0000
4	176980000	177280000	287.1800	0.0506	0.0000
3	105660000	106110000	287.1600	0.1514	0.0000
6	157010000	157640000	287.1600	0.0471	0.0000
13	108580000	109140000	287.1400	0.0839	0.0000
10	22530000	22610000	287.0400	0.0267	0.0000
2	218270000	218740000	287.0200	0.4082	0.0000
5	83220000	83620000	287.0200	0.1042	0.0000
5	35140000	35410000	287.0000	0.0148	0.0000
5	177480000	177600000	286.9600	0.0242	0.0000
1	205020000	205400000	286.9400	0.2008	0.0000
4	36470000	36790000	286.9200	0.0487	0.0000
2	61040000	61440000	286.9000	0.0970	0.0000
4	94670000	95040000	286.8800	0.0935	0.0000
21	25220000	25280000	286.8400	0.0157	0.0000
4	84370000	84490000	286.7800	0.0508	0.0000
14	74590000	75550000	286.7600	0.1096	0.0000
1	16950000	17180000	286.7600	0.0409	0.0000
3	127470000	127740000	286.7200	0.0463	0.0000
6	104870000	105140000	286.7000	0.1467	0.0000
3	182820000	182880000	286.6800	0.0304	0.0000
9	33180000	33380000	286.6400	0.0386	0.0000
7	105020000	105240000	286.6200	0.0798	0.0000
4	17180000	17410000	286.6200	0.0311	0.0000
19	19410000	19560000	286.6200	0.0271	0.0000
1	27540000	27850000	286.6000	0.0392	0.0000
22	45930000	46460000	286.6000	0.0310	0.0000
10	116810000	117090000	286.5600	0.0371	0.0000
2	156830000	157060000	286.5200	0.0791	0.0000
1	185710000	186290000	286.5000	0.0733	0.0000
12	530000	620000	286.5000	0.0365	0.0000
12	112030000	112330000	286.4800	0.0881	0.0000
12	47560000	48240000	286.4400	0.1255	0.0000
20	51430000	51510000	286.4400	0.0364	0.0000
3	116780000	117140000	286.3600	0.0633	0.0000
5	122390000	122510000	286.3600	0.0139	0.0000
3	131640000	131870000	286.3000	0.0288	0.0000
3	43230000	43400000	286.2200	0.0320	0.0000
4	158090000	158300000	286.1800	0.0291	0.0000
17	29460000	29700000	286.1600	0.0555	0.0000
19	3600000	3680000	286.1600	0.0329	0.0000
8	23670000	24190000	286.1400	0.0761	0.0000
19	45010000	45160000	286.1200	0.0734	0.0000
11	83600000	83870000	286.1000	0.0550	0.0000
1	3510000	3880000	286.0800	0.0760	0.0000
15	38480000	38550000	286.0800	0.0488	0.0000
17	34650000	35370000	286.0400	0.1535	0.0000
5	142840000	142920000	286.0000	0.0224	0.0000
11	133910000	134480000	285.9800	0.0640	0.0000
5	129650000	129880000	285.9200	0.0292	0.0000
22	36890000	37210000	285.9000	0.0446	0.0000
17	57800000	58250000	285.8800	0.1146	0.0000
1	155760000	156080000	285.8800	0.0599	0.0000
2	150830000	151170000	285.8600	0.0534	0.0000
22	20420000	20660000	285.8400	0.0192	0.0000
11	46490000	46550000	285.8400	0.0103	0.0000
4	165830000	166190000	285.7600	0.0327	0.0000
12	40940000	41080000	285.7000	0.0235	0.0000
21	30470000	31460000	285.6800	0.0991	0.0000
11	64650000	64740000	285.6600	0.0338	0.0000
4	110470000	110640000	285.6200	0.0255	0.0000
3	63800000	64040000	285.6000	0.0489	0.0000
5	88650000	88760000	285.6000	0.0337	0.0000
6	79530000	79670000	285.5800	0.0069	0.0000
9	136330000	136690000	285.5600	0.0530	0.0000
1	194540000	195110000	285.5400	0.1328	0.0000
5	151090000	151190000	285.5400	0.0241	0.0000
20	49800000	50510000	285.5000	0.1153	0.0000
21	37020000	37290000	285.3600	0.0923	0.0000
10	67250000	67430000	285.3600	0.0581	0.0000
21	44940000	45000000	285.3600	0.0276	0.0000
18	67660000	68640000	285.3400	0.3055	0.0000
4	88410000	88790000	285.3400	0.0575	0.0000
8	141080000	141440000	285.3400	0.0205	0.0000
10	24160000	24360000	285.3200	0.0213	0.0000
5	30660000	31420000	285.2800	0.1247	0.0000
14	33430000	33830000	285.2800	0.1032	0.0000
16	620000	670000	285.2800	0.0552	0.0000
1	65600000	65950000	285.2000	0.0713	0.0000
18	32250000	33080000	285.2000	0.0713	0.0000
2	27430000	27940000	285.1800	0.0979	0.0000
18	34940000	35140000	285.1400	0.1365	0.0000
4	153530000	153630000	285.1400	0.0606	0.0000
1	159780000	160370000	285.1000	0.0830	0.0000
5	42360000	42430000	285.0800	0.0410	0.0000
1	155280000	155380000	285.0600	0.0209	0.0000
11	128470000	128520000	285.0000	0.0383	0.0000
6	98520000	98700000	285.0000	0.0258	0.0000
14	39720000	39840000	284.9600	0.0628	0.0000
2	218890000	219500000	284.9000	0.0562	0.0000
5	134390000	134860000	284.8800	0.2410	0.0000
6	97300000	98070000	284.8200	0.0604	0.0000
1	2380000	2500000	284.8200	0.0375	0.0000
14	34580000	35170000	284.8000	0.1380	0.0000
1	43880000	44030000	284.8000	0.0439	0.0000
10	79090000	79340000	284.7800	0.0777	0.0000
11	129860000	130000000	284.7600	0.0367	0.0000
6	36620000	37040000	284.7400	0.0515	0.0000
7	112430000	112680000	284.7200	0.0567	0.0000
4	140710000	140770000	284.7200	0.0287	0.0000
17	17780000	17970000	284.7000	0.0589	0.0000
6	152120000	152650000	284.6800	0.0747	0.0000
5	103240000	104050000	284.6800	0.0332	0.0000
15	40050000	40120000	284.6800	0.0108	0.0000
10	70090000	70360000	284.6600	0.1815	0.0000
20	63920000	64140000	284.6400	0.0829	0.0000
4	37710000	37900000	284.6400	0.0414	0.0000
15	35520000	35990000	284.6200	0.1050	0.0000
10	26380000	26570000	284.6200	0.0349	0.0000
20	62190000	62790000	284.6000	0.0837	0.0000
5	129900000	130350000	284.5800	0.1154	0.0000
12	103820000	104170000	284.5800	0.0636	0.0000
8	103790000	104190000	284.5800	0.0602	0.0000
21	32590000	32670000	284.5800	0.0210	0.0000
14	34160000	34310000	284.5600	0.0399	0.0000
11	128160000	128460000	284.5400	0.0658	0.0000
2	63050000	63140000	284.5400	0.0132	0.0000
14	68390000	69390000	284.5400	0.0069	0.0000
8	142910000	143350000	284.5200	0.0394	0.0000
7	128820000	129820000	284.5000	0.1838	0.0000
13	18210000	18220000	284.4800	22.7462	0.0000
22	40260000	40450000	284.4400	0.0639	0.0000
12	98740000	99110000	284.4200	0.0358	0.0000
4	86600000	86650000	284.4000	0.0153	0.0000
16	31320000	31610000	284.3800	0.0663	0.0000
3	57660000	57970000	284.3600	0.0361	0.0000
5	14680000	14770000	284.3200	0.0379	0.0000
10	25650000	25980000	284.3000	0.0662	0.0000
8	18860000	19270000	284.3000	0.0310	0.0000
2	191030000	191220000	284.2800	0.0467	0.0000
5	177180000	177420000	284.2600	0.0506	0.0000
10	43170000	43340000	284.2400	0.0431	0.0000
17	32130000	32620000	284.2200	0.1003	0.0000
2	228790000	229600000	284.2200	0.0596	0.0000
11	106590000	107110000	284.1800	0.0583	0.0000
4	90250000	90430000	284.1800	0.0233	0.0000
4	99180000	99410000	284.1600	0.0221	0.0000
11	79280000	79500000	284.1400	0.0538	0.0000
17	45220000	45270000	284.1000	0.0198	0.0000
13	76390000	76610000	284.0800	0.0707	0.0000
2	64550000	64820000	284.0800	0.0364	0.0000
1	161020000	161360000	284.0600	0.0739	0.0000
4	177600000	177780000	284.0600	0.0513	0.0000
9	98760000	99160000	284.0400	0.0674	0.0000
11	61700000	61790000	284.0200	0.0203	0.0000
3	181050000	181430000	283.9600	0.0880	0.0000
1	173890000	174010000	283.9400	0.0189	0.0000
2	227770000	228000000	283.9200	0.0652	0.0000
10	124380000	125060000	283.9000	0.0407	0.0000
10	103780000	104450000	283.8800	0.2615	0.0000
3	104110000	104810000	283.8600	0.1033	0.0000
2	237730000	238390000	283.8600	0.0615	0.0000
21	36010000	37010000	283.8400	0.0917	0.0000
6	126690000	126840000	283.8200	0.0158	0.0000
3	56730000	56780000	283.7800	0.0135	0.0000
11	11770000	12280000	283.7600	0.0925	0.0000
4	820000	870000	283.7600	0.0168	0.0000
1	240660000	241340000	283.7400	0.2252	0.0000
16	70310000	70610000	283.7400	0.0405	0.0000
9	124860000	124960000	283.7400	0.0103	0.0000
7	150860000	151440000	283.7200	0.0821	0.0000
3	50360000	50550000	283.7200	0.0771	0.0000
1	192200000	192470000	283.7000	0.1045	0.0000
10	115130000	115250000	283.7000	0.0196	0.0000
1	99410000	99660000	283.6800	0.0698	0.0000
1	179790000	180150000	283.6600	0.0758	0.0000
19	54140000	54150000	283.6600	0.0132	0.0000
1	160720000	160780000	283.6400	0.0656	0.0000
17	44020000	44130000	283.6400	0.0269	0.0000
4	146690000	147420000	283.6200	0.0930	0.0000
4	114300000	115000000	283.5600	0.0968	0.0000
11	63840000	64160000	283.5400	0.1531	0.0000
3	4380000	5310000	283.5400	0.1037	0.0000
17	5340000	5460000	283.5400	0.0250	0.0000
2	221580000	221850000	283.5200	0.0939	0.0000
13	27890000	27950000	283.5000	0.0257	0.0000
4	2640000	3160000	283.4800	0.0808	0.0000
11	128740000	128860000	283.4800	0.0654	0.0000
1	203700000	203740000	283.4800	0.0213	0.0000
4	184250000	184510000	283.4400	0.0446	0.0000
17	45100000	45130000	283.4000	0.0180	0.0000
14	75600000	76250000	283.3200	0.0634	0.0000
10	74840000	75110000	283.3200	0.0612	0.0000
20	37160000	38160000	283.3200	0.0533	0.0000
15	89100000	89480000	283.3200	0.0248	0.0000
3	139290000	139370000	283.3000	0.0372	0.0000
7	114260000	114770000	283.2600	0.0859	0.0000
6	7160000	7420000	283.2200	0.0549	0.0000
9	129660000	129830000	283.2200	0.0381	0.0000
10	80920000	81030000	283.2200	0.0220	0.0000
1	223720000	223780000	283.2000	0.0343	0.0000
4	164680000	165130000	283.1600	0.0452	0.0000
4	1120000	1400000	283.1200	0.0562	0.0000
3	88200000	88330000	283.1200	0.0391	0.0000
8	120700000	120960000	283.1000	0.0803	0.0000
6	32740000	33310000	283.0800	0.1332	0.0000
4	151150000	151500000	283.0800	0.0273	0.0000
5	53440000	53520000	283.0800	0.0095	0.0000
11	133070000	133260000	283.0600	0.0429	0.0000
2	194820000	195050000	283.0200	0.0965	0.0000
17	76380000	76480000	283.0200	0.0603	0.0000
12	95540000	95740000	283.0200	0.0237	0.0000
12	120960000	121040000	283.0200	0.0188	0.0000
12	94170000	94270000	283.0200	0.0174	0.0000
2	200220000	201200000	283.0000	0.1100	0.0000
4	154200000	154730000	282.9800	0.0750	0.0000
1	202700000	203030000	282.9800	0.0309	0.0000
12	110480000	110700000	282.9600	0.0396	0.0000
19	16410000	16600000	282.9000	0.0377	0.0000
12	49860000	50280000	282.8800	0.0538	0.0000
12	132250000	132590000	282.8600	0.0720	0.0000
1	12060000	12600000	282.8600	0.0678	0.0000
14	35210000	35440000	282.7800	0.0823	0.0000
20	24940000	25120000	282.7600	0.0648	0.0000
9	109250000	109660000	282.7400	0.0993	0.0000
16	4630000	5080000	282.7400	0.0689	0.0000
19	40210000	40410000	282.7200	0.0684	0.0000
10	73420000	73520000	282.7200	0.0427	0.0000
1	235700000	235770000	282.7000	0.0498	0.0000
6	136610000	136640000	282.7000	0.0248	0.0000
3	16320000	16720000	282.6800	0.1156	0.0000
8	30030000	30340000	282.6800	0.0493	0.0000
18	23340000	23670000	282.6600	0.0790	0.0000
5	1430000	1530000	282.6600	0.0727	0.0000
11	3000000	3110000	282.6600	0.0463	0.0000
15	85670000	85780000	282.6600	0.0291	0.0000
11	66790000	67400000	282.6200	0.1328	0.0000
4	111200000	111680000	282.6000	0.0460	0.0000
4	29360000	29460000	282.6000	0.0310	0.0000
11	34090000	34170000	282.6000	0.0251	0.0000
5	101190000	101400000	282.5800	0.0766	0.0000
1	31630000	31910000	282.5200	0.0546	0.0000
5	10190000	10800000	282.5000	0.0704	0.0000
1	68200000	68300000	282.5000	0.0310	0.0000
17	18210000	18290000	282.5000	0.0227	0.0000
3	105330000	105460000	282.4400	0.0389	0.0000
17	55410000	55860000	282.4200	0.0550	0.0000
12	122740000	123040000	282.4200	0.0546	0.0000
2	161560000	161750000	282.4000	0.0607	0.0000
5	54520000	54810000	282.3600	0.0609	0.0000
3	99640000	99700000	282.3600	0.0364	0.0000
17	18320000	18350000	282.3400	0.0177	0.0000
12	82530000	83330000	282.3000	0.1251	0.0000
11	28460000	28760000	282.3000	0.0739	0.0000
7	117620000	117950000	282.3000	0.0642	0.0000
2	177510000	177590000	282.3000	0.0295	0.0000
8	120370000	120480000	282.2800	0.0413	0.0000
19	51140000	51150000	282.2800	0.0113	0.0000
6	70230000	70360000	282.2600	0.0205	0.0000
19	5010000	5070000	282.2400	0.0173	0.0000
2	114120000	114740000	282.2200	0.0517	0.0000
18	3770000	4390000	282.2200	0.0489	0.0000
9	8550000	8910000	282.2000	0.0764	0.0000
14	61480000	61550000	282.1600	0.0844	0.0000
17	56660000	57030000	282.1600	0.0790	0.0000
7	36640000	36740000	282.1600	0.0449	0.0000
1	200010000	200110000	282.1200	0.0352	0.0000
3	186510000	186600000	282.1200	0.0291	0.0000
4	79800000	79850000	282.1200	0.0286	0.0000
7	38180000	38230000	282.1200	0.0183	0.0000
6	159730000	160120000	282.0600	0.0840	0.0000
8	37590000	38280000	282.0600	0.0409	0.0000
12	122220000	122380000	282.0600	0.0405	0.0000
5	172900000	172930000	282.0600	0.0120	0.0000
6	146070000	146810000	282.0400	0.1315	0.0000
11	121320000	121670000	282.0400	0.0689	0.0000
1	170620000	171100000	282.0200	0.0593	0.0000
8	100500000	100580000	281.9600	0.0275	0.0000
16	87740000	87760000	281.9600	0.0154	0.0000
1	177850000	178250000	281.9400	0.1085	0.0000
11	44540000	45000000	281.9200	0.0731	0.0000
13	58880000	59770000	281.9200	0.0603	0.0000
17	38760000	38810000	281.9200	0.0167	0.0000
9	128870000	129010000	281.9000	0.0659	0.0000
18	64000000	64330000	281.9000	0.0499	0.0000
7	27990000	28130000	281.8800	0.0673	0.0000
2	60740000	60960000	281.8800	0.0532	0.0000
19	38700000	38730000	281.8800	0.0164	0.0000
2	214830000	215070000	281.8600	0.0688	0.0000
20	38420000	38550000	281.8400	0.0580	0.0000
1	154680000	155190000	281.8200	0.1423	0.0000
13	112830000	113680000	281.8200	0.1099	0.0000
3	53080000	53360000	281.8200	0.0949	0.0000
9	122810000	123350000	281.8200	0.0337	0.0000
22	42780000	42930000	281.8000	0.0338	0.0000
2	85980000	86540000	281.7800	0.0654	0.0000
11	78160000	78290000	281.7800	0.0342	0.0000
6	98770000	98820000	281.7800	0.0177	0.0000
9	35980000	36440000	281.7600	0.0984	0.0000
2	146440000	146750000	281.7400	0.0479	0.0000
19	1570000	1650000	281.7400	0.0275	0.0000
17	77920000	78700000	281.7200	0.3191	0.0000
5	148350000	148440000	281.7200	0.0367	0.0000
14	91270000	91340000	281.7000	0.0857	0.0000
9	79620000	79730000	281.7000	0.0453	0.0000
22	29740000	29830000	281.7000	0.0285	0.0000
2	194470000	194750000	281.6800	0.1065	0.0000
16	10960000	11760000	281.6800	0.0773	0.0000
14	104590000	104810000	281.6800	0.0737	0.0000
11	122070000	122360000	281.6800	0.0680	0.0000
4	86440000	86600000	281.6600	0.0651	0.0000
19	19030000	19100000	281.6600	0.0368	0.0000
9	30010000	30080000	281.6600	0.0121	0.0000
7	113850000	114240000	281.6400	0.0710	0.0000
7	148750000	148840000	281.6400	0.0330	0.0000
13	96410000	97060000	281.6200	0.1253	0.0000
15	92940000	93090000	281.6200	0.0367	0.0000
9	131010000	131210000	281.5800	0.0797	0.0000
3	48410000	48440000	281.5800	0.0069	0.0000
1	169860000	169960000	281.5600	0.0075	0.0000
6	34570000	34670000	281.5400	0.0381	0.0000
2	150150000	150740000	281.5000	0.0849	0.0000
4	138520000	138880000	281.5000	0.0698	0.0000
10	96540000	96690000	281.4800	0.0487	0.0000
1	231580000	231650000	281.4800	0.0199	0.0000
7	127640000	127790000	281.4600	0.0402	0.0000
8	124860000	125110000	281.4600	0.0266	0.0000
4	44350000	44430000	281.4600	0.0234	0.0000
3	104980000	105190000	281.4400	0.0165	0.0000
2	197070000	197140000	281.4200	0.0418	0.0000
7	157070000	157300000	281.4200	0.0288	0.0000
1	27950000	28010000	281.4200	0.0287	0.0000
22	46560000	46770000	281.4000	0.0669	0.0000
10	71520000	71730000	281.3800	0.0263	0.0000
19	19300000	19360000	281.3600	0.0167	0.0000
6	71410000	71760000	281.3400	0.0352	0.0000
17	80650000	81340000	281.3200	0.1711	0.0000
10	50970000	51220000	281.3200	0.0603	0.0000
17	8880000	8890000	281.3000	0.0095	0.0000
18	76830000	77050000	281.2800	0.0729	0.0000
4	39840000	39950000	281.2800	0.0406	0.0000
9	134280000	134390000	281.2800	0.0392	0.0000
3	184120000	184240000	281.2800	0.0229	0.0000
1	215570000	215630000	281.2800	0.0226	0.0000
12	31310000	31480000	281.2800	0.0204	0.0000
1	107610000	107930000	281.2600	0.0846	0.0000
17	49700000	49720000	281.2600	0.0094	0.0000
5	146040000	146310000	281.2400	0.0664	0.0000
6	49140000	49420000	281.2400	0.0369	0.0000
20	5090000	5860000	281.2200	0.0544	0.0000
11	16530000	16700000	281.2000	0.0345	0.0000
16	30410000	30780000	281.1800	0.3484	0.0000
6	68540000	69180000	281.1800	0.3080	0.0000
1	41430000	41900000	281.1800	0.0685	0.0000
5	116450000	117100000	281.1600	0.0654	0.0000
12	17870000	18640000	281.1400	0.0380	0.0000
8	104380000	104560000	281.1200	0.0759	0.0000
7	115450000	116050000	281.1200	0.0346	0.0000
8	91230000	91420000	281.1200	0.0342	0.0000
15	45110000	45180000	281.1200	0.0338	0.0000
10	131290000	131310000	281.1200	0.0115	0.0000
2	117930000	118010000	281.1200	0.0091	0.0000
9	71230000	71550000	281.1000	0.0430	0.0000
12	53510000	53760000	281.1000	0.0372	0.0000
1	26820000	26900000	281.1000	0.0298	0.0000
1	2030000	2220000	281.1000	0.0158	0.0000
17	21130000	21280000	281.0800	0.0286	0.0000
19	40560000	40730000	281.0600	0.1243	0.0000
17	37490000	37720000	281.0400	0.0501	0.0000
17	7890000	8120000	281.0200	0.0735	0.0000
6	95230000	95560000	281.0000	0.0962	0.0000
16	29840000	29920000	281.0000	0.0361	0.0000
8	130730000	130890000	281.0000	0.0305	0.0000
2	75780000	76040000	281.0000	0.0200	0.0000
20	63120000	63600000	280.9800	0.0868	0.0000
15	44560000	44660000	280.9800	0.0455	0.0000
11	111540000	112020000	280.9800	0.0425	0.0000
3	37970000	38020000	280.9600	0.0438	0.0000
2	182060000	182210000	280.9600	0.0391	0.0000
8	108290000	108390000	280.9200	0.0304	0.0000
4	74520000	75170000	280.9000	0.0256	0.0000
6	133490000	133920000	280.9000	0.0253	0.0000
7	108010000	108450000	280.8800	0.0744	0.0000
16	84900000	85100000	280.8800	0.0539	0.0000
1	46520000	46720000	280.8400	0.0761	0.0000
4	3440000	3520000	280.8400	0.0335	0.0000
15	74370000	74720000	280.8200	0.0384	0.0000
3	147190000	147390000	280.7600	0.0104	0.0000
16	2690000	2970000	280.7400	0.0332	0.0000
1	110010000	110080000	280.7400	0.0164	0.0000
21	33460000	34360000	280.7200	0.0608	0.0000
2	26160000	26310000	280.7000	0.0328	0.0000
5	131400000	131510000	280.6600	0.0478	0.0000
10	67100000	67220000	280.6400	0.0455	0.0000
19	33380000	33490000	280.6000	0.0347	0.0000
8	106380000	106670000	280.5800	0.1190	0.0000
5	36380000	36700000	280.5800	0.0631	0.0000
3	109260000	109470000	280.5800	0.0472	0.0000
10	98410000	98480000	280.5800	0.0224	0.0000
4	89980000	90180000	280.5600	0.0699	0.0000
9	113440000	113570000	280.5400	0.0314	0.0000
7	98920000	99000000	280.5400	0.0162	0.0000
4	1900000	2040000	280.5200	0.0315	0.0000
10	66520000	66740000	280.5000	0.2515	0.0000
8	54200000	54570000	280.5000	0.1181	0.0000
1	19350000	19430000	280.5000	0.0241	0.0000
1	35410000	35670000	280.4800	0.0457	0.0000
15	65100000	65660000	280.4600	0.1373	0.0000
14	20120000	20160000	280.4600	0.0247	0.0000
14	67630000	67870000	280.4400	0.0487	0.0000
14	32490000	32740000	280.4200	0.0871	0.0000
1	243980000	244120000	280.4000	0.0629	0.0000
21	41350000	41430000	280.4000	0.0258	0.0000
17	59660000	59720000	280.4000	0.0186	0.0000
14	59870000	59940000	280.3600	0.0249	0.0000
5	52090000	52630000	280.3400	0.0733	0.0000
1	245150000	245280000	280.3400	0.0599	0.0000
18	70370000	70710000	280.3200	0.1296	0.0000
11	61280000	61390000	280.3200	0.0305	0.0000
9	76710000	77200000	280.3000	0.0996	0.0000
14	53480000	54020000	280.3000	0.0691	0.0000
1	115750000	115940000	280.3000	0.0369	0.0000
7	117290000	117520000	280.3000	0.0183	0.0000
20	54510000	54740000	280.2400	0.1072	0.0000
4	36250000	36350000	280.2400	0.0324	0.0000
4	41620000	41790000	280.2000	0.0460	0.0000
9	900000	1150000	280.2000	0.0264	0.0000
12	92130000	92150000	280.2000	0.0197	0.0000
16	83800000	84310000	280.1600	0.0642	0.0000
6	10830000	10900000	280.1600	0.0286	0.0000
14	49890000	49900000	280.1600	0.0189	0.0000
4	93620000	94020000	280.1400	0.0541	0.0000
3	122530000	122640000	280.1200	0.0947	0.0000
3	128060000	128120000	280.1200	0.0298	0.0000
9	127060000	127960000	280.1000	0.0929	0.0000
1	65220000	65320000	280.0600	0.0631	0.0000
7	94120000	94470000	280.0400	0.0686	0.0000
3	196900000	197220000	280.0400	0.0523	0.0000
2	168120000	168260000	280.0400	0.0147	0.0000
11	47730000	48180000	280.0200	0.0463	0.0000
5	174320000	174440000	280.0200	0.0365	0.0000
12	132700000	132830000	280.0200	0.0348	0.0000
4	141950000	142050000	280.0200	0.0260	0.0000
22	43050000	43320000	280.0000	0.0811	0.0000
10	11200000	11270000	279.9800	0.0196	0.0000
20	44240000	44260000	279.9800	0.0194	0.0000
8	78770000	79640000	279.9600	0.1585	0.0000
2	232700000	232870000	279.9400	0.0638	0.0000
2	241050000	241610000	279.9200	0.0545	0.0000
8	118750000	118890000	279.9000	0.0553	0.0000
14	22760000	22910000	279.9000	0.0432	0.0000
17	27440000	27910000	279.9000	0.0391	0.0000
1	11650000	11750000	279.9000	0.0246	0.0000
2	23650000	23890000	279.8800	0.0468	0.0000
11	12570000	12760000	279.8800	0.0321	0.0000
2	149060000	149280000	279.8600	0.0861	0.0000
16	67640000	67920000	279.8600	0.0471	0.0000
17	4590000	4600000	279.8600	0.0097	0.0000
3	188010000	188360000	279.8400	0.0886	0.0000
17	2770000	3030000	279.8400	0.0550	0.0000
10	128010000	128120000	279.8400	0.0359	0.0000
3	98720000	98850000	279.7800	0.0743	0.0000
3	44210000	45190000	279.7800	0.0505	0.0000
9	137020000	137120000	279.7800	0.0395	0.0000
10	60920000	61690000	279.7600	0.1228	0.0000
7	12780000	12980000	279.7600	0.0560	0.0000
9	69600000	70120000	279.7400	0.0735	0.0000
11	107320000	107540000	279.7400	0.0459	0.0000
11	6440000	6720000	279.7200	0.2330	0.0000
18	21180000	21510000	279.7000	0.0975	0.0000
14	24200000	24210000	279.7000	0.0121	0.0000
12	6220000	6670000	279.6800	0.0361	0.0000
10	15290000	15470000	279.6800	0.0188	0.0000
1	214350000	214600000	279.6600	0.0404	0.0000
4	154920000	154990000	279.6400	0.0412	0.0000
1	225430000	225500000	279.6200	0.0248	0.0000
5	157310000	157380000	279.6200	0.0217	0.0000
7	5590000	5730000	279.6000	0.0689	0.0000
1	42880000	43030000	279.6000	0.0334	0.0000
17	39100000	39130000	279.6000	0.0144	0.0000
3	59040000	59220000	279.5600	0.0569	0.0000
4	182160000	182640000	279.5400	0.0638	0.0000
11	43320000	43440000	279.5400	0.0632	0.0000
7	158670000	159010000	279.5400	0.0506	0.0000
6	13400000	13880000	279.5200	0.1235	0.0000
6	123530000	123850000	279.5200	0.0640	0.0000
17	77430000	77480000	279.5200	0.0267	0.0000
6	129960000	130190000	279.5000	0.0722	0.0000
7	51000000	51220000	279.4800	0.0607	0.0000
6	108540000	108950000	279.4800	0.0444	0.0000
1	118940000	119000000	279.4800	0.0271	0.0000
1	1210000	1230000	279.4800	0.0143	0.0000
5	57550000	57710000	279.4600	0.0444	0.0000
18	33810000	34130000	279.4600	0.0413	0.0000
3	46860000	47150000	279.4600	0.0399	0.0000
18	470000	650000	279.4400	0.1113	0.0000
12	29480000	29750000	279.4200	0.1110	0.0000
7	17250000	17630000	279.4000	0.0493	0.0000
7	20500000	20770000	279.4000	0.0303	0.0000
16	28810000	28870000	279.4000	0.0205	0.0000
6	140980000	141130000	279.4000	0.0136	0.0000
3	167140000	167410000	279.3800	0.1199	0.0000
1	237520000	237740000	279.3600	0.0306	0.0000
11	3840000	3900000	279.3600	0.0146	0.0000
9	2020000	2150000	279.3400	0.0436	0.0000
14	39970000	40120000	279.3400	0.0184	0.0000
11	61030000	61040000	279.3400	0.0083	0.0000
14	103460000	104260000	279.3200	0.1558	0.0000
1	75460000	75640000	279.3200	0.0274	0.0000
20	47620000	47720000	279.3000	0.0681	0.0000
3	129500000	129740000	279.3000	0.0462	0.0000
16	10740000	10750000	279.3000	0.0080	0.0000
4	46990000	47260000	279.2800	0.1016	0.0000
14	100360000	100680000	279.2800	0.0832	0.0000
1	113760000	113930000	279.2800	0.0411	0.0000
12	132010000	132150000	279.2800	0.0363	0.0000
15	55200000	55270000	279.2600	0.0954	0.0000
2	101770000	102150000	279.2600	0.0629	0.0000
1	90380000	90450000	279.2600	0.0321	0.0000
4	129310000	129600000	279.2400	0.0411	0.0000
22	24080000	24140000	279.2400	0.0235	0.0000
12	15660000	15790000	279.2400	0.0123	0.0000
8	121630000	121990000	279.2200	0.0812	0.0000
14	40570000	40630000	279.2000	0.0565	0.0000
14	63410000	63510000	279.2000	0.0350	0.0000
3	106620000	106810000	279.1800	0.0192	0.0000
13	36090000	36670000	279.1600	0.0724	0.0000
11	75230000	75650000	279.1600	0.0622	0.0000
7	93370000	93580000	279.1400	0.0368	0.0000
12	110000	330000	279.1000	0.0872	0.0000
4	126090000	126850000	279.1000	0.0537	0.0000
4	127710000	127840000	279.1000	0.0197	0.0000
5	7690000	7820000	279.0800	0.0312	0.0000
6	30600000	31190000	279.0600	0.0484	0.0000
7	111990000	112170000	279.0600	0.0315	0.0000
14	97300000	97830000	279.0400	0.2424	0.0000
2	163070000	163900000	279.0400	0.0621	0.0000
11	830000	910000	279.0400	0.0128	0.0000
19	1010000	1020000	279.0400	0.0089	0.0000
4	103690000	104090000	279.0200	0.0741	0.0000
11	92720000	92980000	279.0200	0.0674	0.0000
14	100120000	100190000	279.0200	0.0181	0.0000
22	37250000	37410000	279.0000	0.0568	0.0000
15	42720000	43510000	278.9600	0.1527	0.0000
8	109630000	109760000	278.9600	0.0585	0.0000
1	56580000	56720000	278.9400	0.0431	0.0000
9	137280000	137410000	278.9200	0.0467	0.0000
19	10660000	11060000	278.8800	0.1334	0.0000
2	158890000	159000000	278.8800	0.0408	0.0000
13	46130000	46160000	278.8800	0.0170	0.0000
7	11410000	11490000	278.8800	0.0130	0.0000
4	108790000	109090000	278.8400	0.1400	0.0000
19	6210000	6920000	278.8400	0.0587	0.0000
3	62240000	62850000	278.8400	0.0523	0.0000
16	89710000	90000000	278.8400	0.0416	0.0000
12	84700000	84870000	278.8400	0.0381	0.0000
2	74490000	74560000	278.8400	0.0091	0.0000
3	191390000	191590000	278.8200	0.0311	0.0000
7	12480000	12510000	278.8200	0.0160	0.0000
2	153050000	153150000	278.8000	0.0213	0.0000
14	92750000	92840000	278.7800	0.0373	0.0000
2	174560000	174590000	278.7800	0.0177	0.0000
2	69450000	69550000	278.7600	0.0528	0.0000
9	133010000	133130000	278.7600	0.0365	0.0000
6	126180000	126440000	278.7400	0.0411	0.0000
16	70670000	70810000	278.7400	0.0253	0.0000
5	61560000	62170000	278.7200	0.0532	0.0000
3	133190000	133370000	278.7200	0.0332	0.0000
4	145070000	145130000	278.7200	0.0299	0.0000
10	72350000	72530000	278.7200	0.0294	0.0000
21	44900000	44910000	278.7200	0.0092	0.0000
9	126380000	126490000	278.7000	0.0518	0.0000
1	85430000	85510000	278.7000	0.0113	0.0000
1	154480000	154640000	278.6800	0.0831	0.0000
17	35680000	36020000	278.6800	0.0715	0.0000
1	36260000	36440000	278.6800	0.0663	0.0000
9	18240000	18310000	278.6800	0.0090	0.0000
16	8550000	8820000	278.6600	0.0829	0.0000
21	24390000	25160000	278.6600	0.0625	0.0000
4	163740000	163870000	278.6600	0.0612	0.0000
4	165400000	165570000	278.6600	0.0515	0.0000
3	97370000	97720000	278.6400	0.0637	0.0000
20	3010000	3050000	278.6400	0.0274	0.0000
2	153440000	153510000	278.6200	0.0088	0.0000
17	39400000	39630000	278.6000	0.0689	0.0000
9	115490000	115670000	278.6000	0.0219	0.0000
10	119310000	119480000	278.6000	0.0214	0.0000
10	70730000	70940000	278.5600	0.0711	0.0000
9	34460000	34750000	278.5600	0.0382	0.0000
8	114670000	115010000	278.5600	0.0168	0.0000
19	48120000	48240000	278.5400	0.0473	0.0000
5	39180000	39220000	278.5400	0.0335	0.0000
8	141970000	142910000	278.5200	0.1415	0.0000
22	36370000	36390000	278.5200	0.0260	0.0000
2	48570000	48680000	278.5000	0.0332	0.0000
11	47280000	47320000	278.5000	0.0141	0.0000
15	75320000	75420000	278.4800	0.0351	0.0000
5	179760000	179920000	278.4800	0.0298	0.0000
18	12690000	13310000	278.4600	0.1577	0.0000
2	900000	910000	278.4600	0.0111	0.0000
12	111380000	111570000	278.4400	0.1120	0.0000
5	38190000	38850000	278.4400	0.0937	0.0000
17	70000000	70320000	278.4400	0.0197	0.0000
1	166480000	166660000	278.4200	0.2914	0.0000
17	67510000	67690000	278.4200	0.0772	0.0000
3	124980000	125590000	278.4200	0.0770	0.0000
7	104230000	104440000	278.4200	0.0412	0.0000
17	42020000	42350000	278.4000	0.0510	0.0000
2	191950000	192110000	278.4000	0.0498	0.0000
3	152620000	152820000	278.4000	0.0206	0.0000
3	10270000	10320000	278.4000	0.0102	0.0000
11	119010000	119550000	278.3800	0.1033	0.0000
7	38910000	39570000	278.3800	0.0565	0.0000
6	167790000	168010000	278.3800	0.0178	0.0000
1	20590000	20830000	278.3600	0.0795	0.0000
14	33010000	33320000	278.3600	0.0630	0.0000
13	94680000	94860000	278.3400	0.0829	0.0000
5	174710000	175340000	278.3400	0.0559	0.0000
3	15220000	15310000	278.3400	0.0552	0.0000
6	29970000	30060000	278.3400	0.0481	0.0000
22	49540000	49830000	278.3200	0.0374	0.0000
17	60400000	60480000	278.3200	0.0298	0.0000
19	49990000	50030000	278.3200	0.0049	0.0000
18	57820000	58050000	278.3000	0.0475	0.0000
7	128300000	128430000	278.3000	0.0313	0.0000
12	21710000	21780000	278.2800	0.0755	0.0000
2	222200000	222290000	278.2800	0.0344	0.0000
1	108560000	109560000	278.2600	0.1619	0.0000
9	5760000	6150000	278.2600	0.0301	0.0000
3	189630000	190020000	278.2400	0.0783	0.0000
3	63220000	63520000	278.2400	0.0723	0.0000
6	42160000	42290000	278.2400	0.0203	0.0000
2	121310000	121480000	278.2000	0.0802	0.0000
7	91990000	92130000	278.2000	0.0613	0.0000
6	113600000	114360000	278.1800	0.0928	0.0000
1	59920000	60450000	278.1800	0.0603	0.0000
6	170550000	170590000	278.1800	0.0274	0.0000
1	218010000	218540000	278.1600	0.1838	0.0000
2	27020000	27110000	278.1600	0.0769	0.0000
1	43250000	43420000	278.1400	0.1120	0.0000
12	7100000	7180000	278.1000	0.0548	0.0000
3	197670000	197960000	278.0800	0.0901	0.0000
6	103890000	104100000	278.0800	0.0250	0.0000
2	222310000	222500000	278.0600	0.0499	0.0000
4	12710000	12890000	278.0600	0.0426	0.0000
2	45220000	45760000	278.0400	0.0827	0.0000
2	210420000	210780000	278.0400	0.0547	0.0000
22	43650000	43710000	278.0400	0.0326	0.0000
9	71680000	71910000	278.0000	0.1464	0.0000
3	71500000	71580000	278.0000	0.0157	0.0000
7	88790000	88890000	277.9600	0.0352	0.0000
6	137460000	137520000	277.9600	0.0120	0.0000
13	36950000	37070000	277.9400	0.0255	0.0000
8	42310000	42330000	277.9400	0.0143	0.0000
15	70890000	71170000	277.9200	0.0911	0.0000
4	104670000	104780000	277.9200	0.0436	0.0000
19	41390000	41710000	277.8800	0.0826	0.0000
1	156560000	156920000	277.8800	0.0630	0.0000
22	19040000	19140000	277.8600	0.0526	0.0000
19	15350000	15480000	277.8600	0.0359	0.0000
14	40970000	41120000	277.8400	0.0745	0.0000
2	74360000	74420000	277.8400	0.0378	0.0000
10	18050000	18560000	277.8200	0.0679	0.0000
7	30550000	30640000	277.8200	0.0425	0.0000
21	42130000	42330000	277.8200	0.0370	0.0000
22	20720000	20920000	277.8200	0.0344	0.0000
9	18350000	18560000	277.8000	0.0790	0.0000
3	11230000	11340000	277.8000	0.0607	0.0000
14	92950000	93110000	277.8000	0.0464	0.0000
8	130200000	130390000	277.8000	0.0330	0.0000
19	18060000	18080000	277.8000	0.0104	0.0000
5	166740000	167530000	277.7800	0.2456	0.0000
12	123060000	123230000	277.7800	0.0417	0.0000
12	27930000	27990000	277.7800	0.0389	0.0000
6	43430000	43450000	277.7800	0.0123	0.0000
7	113090000	113490000	277.7600	0.1158	0.0000
17	16400000	16660000	277.7600	0.0548	0.0000
19	18120000	18150000	277.7600	0.0177	0.0000
2	230370000	230550000	277.7400	0.0788	0.0000
5	130400000	130710000	277.7400	0.0443	0.0000
2	136450000	136560000	277.7400	0.0359	0.0000
20	36200000	36910000	277.7200	0.0857	0.0000
3	112350000	112580000	277.7200	0.0168	0.0000
1	29000000	29170000	277.7000	0.0903	0.0000
8	13590000	13790000	277.7000	0.0432	0.0000
14	40270000	40340000	277.7000	0.0190	0.0000
8	113580000	113700000	277.6800	0.0447	0.0000
12	2680000	2970000	277.6800	0.0367	0.0000
2	215230000	215290000	277.6800	0.0169	0.0000
17	61900000	62040000	277.6600	0.0602	0.0000
10	119580000	119920000	277.6600	0.0368	0.0000
5	113450000	113500000	277.6600	0.0200	0.0000
11	126310000	126350000	277.6600	0.0176	0.0000
3	38480000	38540000	277.6200	0.0224	0.0000
19	9840000	9850000	277.6200	0.0047	0.0000
4	100280000	100580000	277.6000	0.0502	0.0000
9	131570000	131680000	277.6000	0.0419	0.0000
2	197150000	197190000	277.6000	0.0248	0.0000
3	144690000	145030000	277.6000	0.0164	0.0000
8	48980000	49930000	277.5800	0.0592	0.0000
10	28620000	29230000	277.5600	0.0549	0.0000
9	135620000	136270000	277.5600	0.0404	0.0000
6	83550000	83730000	277.5600	0.0194	0.0000
3	16820000	17070000	277.5400	0.0780	0.0000
5	55260000	55390000	277.5400	0.0280	0.0000
19	10340000	10400000	277.5400	0.0275	0.0000
14	21080000	21120000	277.5400	0.0202	0.0000
1	150140000	150170000	277.5200	0.0185	0.0000
12	45810000	46090000	277.5000	0.1814	0.0000
11	97450000	97980000	277.5000	0.0579	0.0000
1	23050000	23110000	277.5000	0.0422	0.0000
17	28320000	28360000	277.4800	0.0294	0.0000
1	37480000	37650000	277.4800	0.0253	0.0000
18	75440000	76430000	277.4600	0.1009	0.0000
10	2710000	3100000	277.4600	0.0450	0.0000
4	99010000	99130000	277.4600	0.0286	0.0000
3	171110000	171510000	277.4200	0.1323	0.0000
4	186280000	186750000	277.4200	0.0805	0.0000
2	214250000	214450000	277.4200	0.0356	0.0000
2	204190000	204530000	277.4000	0.0702	0.0000
12	91780000	92020000	277.3800	0.0236	0.0000
17	17090000	17130000	277.3800	0.0110	0.0000
11	47470000	47500000	277.3600	0.0100	0.0000
19	47630000	47730000	277.3000	0.0286	0.0000
5	97360000	97470000	277.3000	0.0244	0.0000
12	63930000	64180000	277.3000	0.0166	0.0000
7	122390000	122670000	277.2600	0.0668	0.0000
11	65170000	65410000	277.2600	0.0628	0.0000
12	62860000	63240000	277.2400	0.0459	0.0000
3	181570000	181710000	277.2400	0.0408	0.0000
14	60460000	60620000	277.2400	0.0373	0.0000
14	68170000	68280000	277.2400	0.0341	0.0000
3	196060000	196300000	277.2000	0.0981	0.0000
12	88380000	89000000	277.2000	0.0846	0.0000
12	119940000	120270000	277.2000	0.0732	0.0000
3	191030000	191290000	277.2000	0.0460	0.0000
17	75000000	75250000	277.2000	0.0266	0.0000
12	48990000	49070000	277.2000	0.0259	0.0000
21	44050000	44090000	277.2000	0.0143	0.0000
16	15560000	15730000	277.1800	0.0915	0.0000
3	179780000	180010000	277.1800	0.0476	0.0000
2	192170000	192350000	277.1800	0.0398	0.0000
5	140550000	140710000	277.1800	0.0314	0.0000
8	38780000	39080000	277.1800	0.0240	0.0000
3	195860000	195890000	277.1800	0.0203	0.0000
2	194110000	194160000	277.1800	0.0202	0.0000
11	3720000	3760000	277.1800	0.0200	0.0000
4	122150000	122270000	277.1600	0.0799	0.0000
16	89040000	89160000	277.1600	0.0401	0.0000
15	61870000	61910000	277.1600	0.0273	0.0000
11	129530000	129710000	277.1400	0.0192	0.0000
11	4640000	4890000	277.1200	0.0441	0.0000
6	100050000	100510000	277.1200	0.0350	0.0000
17	31320000	31390000	277.1200	0.0252	0.0000
6	53950000	54020000	277.1200	0.0163	0.0000
7	72000000	72080000	277.1000	0.0221	0.0000
1	24730000	25240000	277.0800	0.0558	0.0000
1	220270000	220590000	277.0800	0.0282	0.0000
13	43210000	43490000	277.0600	0.0363	0.0000
1	119870000	119980000	277.0600	0.0290	0.0000
15	68770000	68810000	277.0400	0.0153	0.0000
15	94140000	94460000	277.0200	0.0992	0.0000
15	51180000	51530000	277.0200	0.0913	0.0000
1	19720000	20530000	277.0200	0.0416	0.0000
1	64830000	64860000	277.0200	0.0175	0.0000
13	98140000	98300000	277.0000	0.0571	0.0000
1	6250000	6330000	277.0000	0.0454	0.0000
22	19790000	19910000	277.0000	0.0394	0.0000
11	43820000	43920000	277.0000	0.0354	0.0000
17	30240000	30430000	276.9800	0.0464	0.0000
5	84080000	84370000	276.9600	0.0365	0.0000
6	84150000	84240000	276.9600	0.0153	0.0000
3	173030000	173530000	276.9200	0.1929	0.0000
13	30630000	30810000	276.9200	0.0633	0.0000
6	131910000	132340000	276.9200	0.0515	0.0000
6	47660000	48040000	276.9200	0.0316	0.0000
16	60000	140000	276.9200	0.0277	0.0000
7	11980000	12040000	276.9200	0.0227	0.0000
3	184320000	184360000	276.9200	0.0191	0.0000
9	131690000	132080000	276.9000	0.0768	0.0000
11	4960000	5380000	276.9000	0.0691	0.0000
1	9830000	9990000	276.9000	0.0374	0.0000
15	78260000	78310000	276.9000	0.0196	0.0000
7	39600000	39730000	276.9000	0.0193	0.0000
7	149590000	149620000	276.9000	0.0093	0.0000
16	85440000	85650000	276.8800	0.0431	0.0000
5	40720000	40770000	276.8800	0.0385	0.0000
3	37170000	37310000	276.8600	0.0575	0.0000
17	64520000	64610000	276.8600	0.0291	0.0000
7	6580000	6650000	276.8600	0.0289	0.0000
4	83990000	84300000	276.8400	0.0686	0.0000
3	39650000	39860000	276.8400	0.0155	0.0000
5	127150000	127450000	276.8200	0.0827	0.0000
7	47450000	48430000	276.8000	0.1756	0.0000
10	91820000	91840000	276.8000	0.0156	0.0000
18	61330000	61850000	276.7600	0.0679	0.0000
20	48650000	48710000	276.7600	0.0233	0.0000
5	138140000	138520000	276.7200	0.0954	0.0000
12	99470000	99600000	276.7200	0.0527	0.0000
17	58390000	58640000	276.7200	0.0437	0.0000
6	127280000	127330000	276.7200	0.0360	0.0000
1	178610000	178800000	276.7200	0.0359	0.0000
1	218730000	219080000	276.7200	0.0218	0.0000
