17	47600000	48470000	317.0800	0.1098	0.0000
3	45380000	45800000	312.9400	0.0455	0.0000
11	105350000	105960000	312.0600	0.0755	0.0000
17	28440000	29280000	311.0200	0.1771	0.0000
8	22240000	22740000	309.8800	0.0696	0.0000
2	233090000	233480000	308.8600	0.0475	0.0000
6	42150000	42740000	308.3400	0.0811	0.0000
4	112690000	113430000	307.9200	0.0615	0.0000
11	45750000	46110000	306.1000	0.0825	0.0000
11	71970000	72850000	305.4200	0.0685	0.0000
6	36040000	36560000	305.2400	0.0649	0.0000
1	39150000	39450000	305.2000	0.0889	0.0000
15	42120000	42520000	305.0400	0.0361	0.0000
17	3890000	4340000	304.2600	0.1718	0.0000
3	141330000	141610000	304.2600	0.0641	0.0000
16	23540000	24200000	304.2000	0.1731	0.0000
4	6170000	7020000	304.2000	0.1290	0.0000
3	52320000	53320000	304.1800	0.1945	0.0000
6	144410000	144600000	303.6400	0.0346	0.0000
17	39660000	40040000	303.6000	0.0550	0.0000
8	129830000	130090000	303.5600	0.0456	0.0000
16	57440000	57700000	302.6200	0.0587	0.0000
2	225380000	226190000	302.5800	0.0508	0.0000
2	98370000	98640000	302.4000	0.0622	0.0000
22	19900000	20280000	302.0000	0.0543	0.0000
1	186440000	187080000	301.9600	0.1604	0.0000
12	109310000	110160000	301.9400	0.1347	0.0000
14	101860000	102520000	301.8800	0.0559	0.0000
10	73820000	74150000	301.8800	0.0481	0.0000
15	90430000	90500000	301.8800	0.0302	0.0000
14	99230000	99270000	301.8400	0.0566	0.0000
9	280000	560000	301.6200	0.0521	0.0000
6	33450000	33990000	301.5800	0.0864	0.0000
20	35340000	35730000	301.5200	0.1227	0.0000
14	50090000	50540000	301.4000	0.0540	0.0000
13	39230000	39460000	301.3400	0.0622	0.0000
14	92400000	92630000	301.3200	0.0587	0.0000
1	55060000	55210000	301.2200	0.0422	0.0000
4	84500000	84890000	301.0000	0.0710	0.0000
6	40970000	41780000	300.7400	0.1113	0.0000
3	36810000	37330000	300.5000	0.1263	0.0000
5	96620000	97060000	300.4000	0.1415	0.0000
1	151290000	152000000	300.3600	0.1003	0.0000
9	132270000	133000000	299.9800	0.1648	0.0000
8	28690000	29380000	299.7400	0.1040	0.0000
17	75540000	75710000	299.5400	0.0275	0.0000
5	83220000	83620000	299.4200	0.0456	0.0000
12	55650000	55910000	299.3600	0.0670	0.0000
1	53420000	54410000	299.2800	0.1124	0.0000
8	27390000	27460000	299.2200	0.0267	0.0000
7	19750000	19830000	299.0400	0.0238	0.0000
9	121110000	121330000	298.9800	0.0472	0.0000
11	30730000	31320000	298.7000	0.0716	0.0000
16	66930000	67530000	298.6400	0.1286	0.0000
2	227560000	227790000	298.6200	0.0539	0.0000
11	114110000	114310000	298.5600	0.0426	0.0000
15	63050000	63380000	298.4600	0.0551	0.0000
16	67870000	68210000	298.3200	0.0672	0.0000
1	88750000	89150000	298.2800	0.0745	0.0000
17	81980000	82290000	298.1800	0.0547	0.0000
4	114290000	114680000	297.9200	0.0488	0.0000
9	3940000	4470000	297.8400	0.0699	0.0000
20	59170000	59290000	297.8400	0.0490	0.0000
10	68740000	69270000	297.7400	0.0308	0.0000
17	34430000	35370000	297.6600	0.1188	0.0000
2	218230000	218750000	297.6400	0.0740	0.0000
20	34690000	35070000	297.5400	0.0466	0.0000
15	40210000	40580000	297.5200	0.0336	0.0000
1	206480000	206880000	297.4200	0.0442	0.0000
15	42570000	43510000	297.3400	0.1080	0.0000
11	128470000	128510000	297.3200	0.0580	0.0000
2	69710000	69880000	297.2400	0.0451	0.0000
6	111650000	111750000	297.2000	0.0421	0.0000
14	21320000	21520000	297.1200	0.0522	0.0000
8	132740000	133490000	297.1000	0.0957	0.0000
1	178330000	178470000	297.1000	0.0405	0.0000
14	22520000	22560000	297.0800	0.0215	0.0000
5	141500000	141590000	297.0400	0.0154	0.0000
5	129910000	130700000	297.0000	0.1036	0.0000
6	37250000	38210000	296.8800	0.0893	0.0000
15	63620000	64310000	296.8800	0.0583	0.0000
11	118360000	118630000	296.8600	0.0767	0.0000
1	153370000	153830000	296.6000	0.0550	0.0000
1	36170000	36180000	296.6000	0.0070	0.0000
15	89100000	89480000	296.5000	0.0605	0.0000
1	194550000	195140000	296.4600	0.1481	0.0000
3	102240000	102490000	296.4600	0.0324	0.0000
12	120610000	121610000	296.3800	0.1729	0.0000
9	136330000	136680000	296.3600	0.0824	0.0000
6	140130000	140690000	296.3600	0.0556	0.0000
20	32070000	32480000	296.3400	0.1101	0.0000
7	27730000	27950000	296.3000	0.0426	0.0000
17	57760000	58260000	296.2600	0.0736	0.0000
16	81300000	81860000	296.0200	0.0905	0.0000
20	41060000	41430000	295.9800	0.0713	0.0000
8	122710000	123150000	295.8400	0.0913	0.0000
17	50100000	51090000	295.7400	0.1857	0.0000
6	26350000	26470000	295.7400	0.0636	0.0000
3	47290000	47650000	295.7000	0.0587	0.0000
9	104140000	104700000	295.6400	0.0439	0.0000
6	152090000	152340000	295.6000	0.0788	0.0000
1	185680000	186220000	295.6000	0.0786	0.0000
13	38160000	38930000	295.5800	0.0753	0.0000
22	45930000	46460000	295.4400	0.0745	0.0000
1	155760000	156080000	295.4200	0.0512	0.0000
7	105040000	105210000	295.3200	0.0312	0.0000
20	44790000	45470000	295.2600	0.0643	0.0000
9	120450000	120920000	295.2600	0.0624	0.0000
9	86270000	86370000	295.1800	0.0259	0.0000
5	14680000	14770000	295.1600	0.0218	0.0000
9	93070000	93660000	295.0600	0.0609	0.0000
21	28600000	29140000	295.0400	0.0810	0.0000
2	194460000	194750000	295.0400	0.0583	0.0000
3	12440000	12930000	295.0000	0.1274	0.0000
17	79970000	80380000	295.0000	0.0842	0.0000
10	109860000	110820000	294.9400	0.1103	0.0000
4	108790000	109310000	294.8800	0.1966	0.0000
17	77440000	77460000	294.7800	0.0159	0.0000
1	51490000	51850000	294.7600	0.0754	0.0000
8	18100000	18800000	294.7400	0.0550	0.0000
5	176900000	177600000	294.7000	0.1175	0.0000
12	57010000	57350000	294.5200	0.0304	0.0000
10	88890000	88990000	294.5000	0.0255	0.0000
10	79080000	79340000	294.4600	0.0713	0.0000
6	79410000	79920000	294.4600	0.0641	0.0000
4	3170000	3390000	294.4600	0.0399	0.0000
15	55490000	55940000	294.4400	0.0685	0.0000
10	101170000	102160000	294.4400	0.0501	0.0000
7	155680000	155760000	294.3400	0.0350	0.0000
6	43000000	43440000	294.3000	0.0977	0.0000
10	103160000	104150000	294.2600	0.1010	0.0000
20	51430000	51490000	294.2200	0.0259	0.0000
21	46050000	46570000	294.1800	0.0685	0.0000
4	154200000	154730000	294.1400	0.0723	0.0000
7	120640000	120880000	294.1400	0.0497	0.0000
1	19030000	19250000	294.1000	0.0274	0.0000
12	54180000	54760000	293.9000	0.0839	0.0000
16	56660000	57060000	293.9000	0.0455	0.0000
3	168910000	169620000	293.8000	0.1072	0.0000
3	178130000	178840000	293.7800	0.1174	0.0000
18	32240000	32610000	293.7400	0.0640	0.0000
9	128160000	128530000	293.7000	0.0854	0.0000
6	158070000	158790000	293.6400	0.0927	0.0000
19	42090000	42240000	293.6400	0.0870	0.0000
3	104260000	105080000	293.6200	0.2608	0.0000
5	101200000	101400000	293.6200	0.0331	0.0000
2	61040000	61440000	293.6000	0.0434	0.0000
16	27420000	27540000	293.5800	0.0262	0.0000
13	108570000	109100000	293.5000	0.1150	0.0000
11	102000000	102250000	293.5000	0.0706	0.0000
2	26020000	26420000	293.5000	0.0608	0.0000
14	78460000	79030000	293.3800	0.0621	0.0000
9	113150000	113710000	293.3400	0.0631	0.0000
5	154240000	154430000	293.3200	0.0433	0.0000
15	55190000	55250000	293.2600	0.0228	0.0000
3	12940000	13070000	293.2400	0.0251	0.0000
1	40040000	40270000	293.1400	0.0378	0.0000
2	27600000	27980000	293.1200	0.0778	0.0000
14	41450000	41840000	293.0400	0.0420	0.0000
17	75790000	76100000	292.9800	0.0884	0.0000
15	48170000	48610000	292.9800	0.0849	0.0000
22	37870000	38360000	292.9600	0.0733	0.0000
20	24930000	25130000	292.9600	0.0410	0.0000
12	57530000	57960000	292.9400	0.0612	0.0000
1	6030000	6120000	292.9000	0.0246	0.0000
1	159780000	160370000	292.8800	0.0979	0.0000
16	3520000	3770000	292.8600	0.0573	0.0000
14	20290000	20610000	292.8400	0.0416	0.0000
9	37130000	37930000	292.8200	0.1385	0.0000
2	73860000	74440000	292.8000	0.0544	0.0000
11	11790000	12280000	292.7000	0.0456	0.0000
14	50620000	50800000	292.6800	0.0924	0.0000
4	2640000	3150000	292.6400	0.0840	0.0000
9	97930000	98340000	292.6400	0.0650	0.0000
10	100130000	100280000	292.5600	0.0491	0.0000
15	35550000	35950000	292.5200	0.1201	0.0000
12	540000	610000	292.5000	0.0312	0.0000
2	137650000	138510000	292.4800	0.0810	0.0000
14	63980000	64190000	292.4400	0.0494	0.0000
1	110180000	110490000	292.4400	0.0429	0.0000
20	34290000	34510000	292.4000	0.0520	0.0000
11	65670000	66070000	292.3800	0.0919	0.0000
2	168120000	168260000	292.3600	0.0896	0.0000
21	30350000	30640000	292.3400	0.0538	0.0000
18	68190000	68640000	292.3200	0.0895	0.0000
1	111400000	112000000	292.2800	0.0773	0.0000
10	132270000	132470000	292.2800	0.0511	0.0000
3	51990000	52240000	292.2800	0.0493	0.0000
4	141950000	142040000	292.2800	0.0467	0.0000
1	2420000	2490000	292.2800	0.0133	0.0000
19	41400000	41450000	292.2600	0.0168	0.0000
17	42710000	42870000	292.2400	0.0462	0.0000
1	179790000	180170000	292.2000	0.0426	0.0000
6	36640000	37040000	292.1000	0.0399	0.0000
3	98150000	98410000	292.0800	0.0537	0.0000
1	15260000	15600000	292.0600	0.0544	0.0000
22	26430000	26630000	292.0600	0.0301	0.0000
2	156830000	157060000	292.0200	0.0388	0.0000
2	53800000	54170000	292.0000	0.2488	0.0000
4	162490000	163480000	291.9800	0.0917	0.0000
17	35690000	36040000	291.9400	0.0425	0.0000
10	34290000	34930000	291.9200	0.0495	0.0000
14	75510000	76280000	291.8600	0.2064	0.0000
1	113710000	114090000	291.8600	0.0825	0.0000
4	88390000	88790000	291.7200	0.0725	0.0000
21	24370000	25350000	291.6800	0.0896	0.0000
6	70070000	70470000	291.6600	0.0484	0.0000
3	190040000	190910000	291.6200	0.1531	0.0000
7	12780000	12980000	291.6200	0.0349	0.0000
2	194830000	195050000	291.5800	0.0474	0.0000
6	2740000	3050000	291.5600	0.1430	0.0000
11	116640000	117020000	291.5200	0.0298	0.0000
15	65110000	65630000	291.4600	0.1031	0.0000
3	191780000	192510000	291.4400	0.0701	0.0000
11	73310000	73480000	291.4400	0.0417	0.0000
11	46490000	46550000	291.3800	0.0188	0.0000
17	74140000	75010000	291.3600	0.0793	0.0000
15	92940000	93090000	291.3600	0.0274	0.0000
14	34160000	34310000	291.3600	0.0238	0.0000
6	108540000	108930000	291.3200	0.0454	0.0000
9	33170000	33350000	291.3000	0.0531	0.0000
14	49890000	49900000	291.2400	0.0107	0.0000
5	141940000	141990000	291.2200	0.0272	0.0000
4	37710000	37900000	291.2000	0.0420	0.0000
4	78950000	79520000	291.1600	0.0792	0.0000
17	45250000	45410000	291.1200	0.0779	0.0000
12	123590000	124000000	291.1000	0.0708	0.0000
3	14110000	14550000	291.0800	0.0515	0.0000
5	54520000	54810000	291.0400	0.0490	0.0000
4	84330000	84490000	291.0200	0.0443	0.0000
4	164660000	165000000	291.0200	0.0420	0.0000
12	118140000	118410000	291.0000	0.0466	0.0000
20	37930000	38140000	290.9600	0.0296	0.0000
18	76790000	77320000	290.9000	0.1084	0.0000
9	131090000	131230000	290.8600	0.0338	0.0000
4	94670000	95030000	290.8200	0.0791	0.0000
13	76370000	76590000	290.8200	0.0426	0.0000
12	45810000	46090000	290.8000	0.0782	0.0000
5	142870000	142940000	290.7800	0.0206	0.0000
14	73090000	73230000	290.7600	0.0492	0.0000
19	19270000	19370000	290.7600	0.0221	0.0000
7	114260000	114770000	290.7400	0.0689	0.0000
14	77100000	78070000	290.7400	0.0534	0.0000
2	85980000	86550000	290.7200	0.1164	0.0000
22	40270000	40570000	290.7000	0.1205	0.0000
5	76270000	76710000	290.7000	0.0492	0.0000
7	51000000	51370000	290.6600	0.0384	0.0000
3	16320000	16720000	290.6200	0.0647	0.0000
14	74630000	75210000	290.5600	0.0919	0.0000
1	65580000	66150000	290.4600	0.0624	0.0000
1	205020000	205400000	290.4200	0.0786	0.0000
11	83670000	83850000	290.4000	0.0279	0.0000
2	237720000	238140000	290.3800	0.1125	0.0000
1	235700000	235780000	290.3600	0.0341	0.0000
4	79610000	79870000	290.3400	0.0674	0.0000
17	59670000	59780000	290.3400	0.0331	0.0000
20	33600000	33660000	290.3200	0.0144	0.0000
12	111850000	112330000	290.3000	0.0468	0.0000
16	68300000	68580000	290.2800	0.0714	0.0000
3	182740000	182900000	290.2800	0.0489	0.0000
10	124380000	125060000	290.2200	0.0904	0.0000
3	43230000	43410000	290.2200	0.0252	0.0000
21	44930000	45000000	290.1800	0.0302	0.0000
3	88170000	88330000	290.1800	0.0280	0.0000
5	150350000	150410000	290.1600	0.0185	0.0000
1	173890000	174020000	290.1400	0.0451	0.0000
6	147510000	148450000	290.1200	0.0737	0.0000
21	32600000	33140000	290.1200	0.0729	0.0000
11	63840000	64160000	290.1200	0.0476	0.0000
8	38210000	38310000	290.0600	0.0266	0.0000
1	107620000	107950000	289.9800	0.1633	0.0000
4	165830000	166180000	289.9200	0.0501	0.0000
8	81340000	81530000	289.9000	0.0867	0.0000
4	74530000	75210000	289.9000	0.0608	0.0000
8	125010000	125150000	289.9000	0.0328	0.0000
2	68790000	68990000	289.8800	0.0319	0.0000
20	49630000	50610000	289.8600	0.1068	0.0000
8	120690000	120950000	289.8600	0.0569	0.0000
5	129430000	129880000	289.8600	0.0284	0.0000
12	49890000	50300000	289.8400	0.0513	0.0000
2	200310000	201200000	289.8400	0.0402	0.0000
5	134390000	134860000	289.8200	0.0949	0.0000
11	32290000	32760000	289.8000	0.0646	0.0000
5	65530000	66190000	289.7800	0.0809	0.0000
16	2010000	2100000	289.7600	0.0587	0.0000
2	226200000	226330000	289.7400	0.0482	0.0000
1	63150000	63280000	289.7000	0.0335	0.0000
3	57850000	57930000	289.7000	0.0302	0.0000
3	50360000	50550000	289.6600	0.0614	0.0000
4	840000	920000	289.6400	0.0187	0.0000
11	12580000	12770000	289.6000	0.0371	0.0000
7	128300000	128450000	289.5800	0.0268	0.0000
6	31670000	31730000	289.5400	0.0186	0.0000
12	40890000	41080000	289.5200	0.0575	0.0000
1	40410000	40900000	289.4600	0.0786	0.0000
2	161520000	161710000	289.4200	0.0568	0.0000
1	240670000	241280000	289.4200	0.0568	0.0000
2	232700000	233070000	289.2800	0.0856	0.0000
2	150150000	150740000	289.2600	0.0870	0.0000
3	29420000	29760000	289.2600	0.0490	0.0000
4	163700000	163780000	289.2400	0.0348	0.0000
12	90780000	91240000	289.2200	0.0457	0.0000
1	160720000	160780000	289.2000	0.0361	0.0000
14	64390000	64500000	289.1800	0.0360	0.0000
4	158110000	158300000	289.1600	0.0388	0.0000
3	66060000	66190000	289.1000	0.0253	0.0000
12	92130000	92150000	289.1000	0.0242	0.0000
14	22270000	22320000	289.0800	0.0184	0.0000
13	101720000	102490000	289.0600	0.1077	0.0000
14	33010000	33600000	289.0400	0.1003	0.0000
15	38440000	38550000	289.0200	0.0381	0.0000
22	36370000	36390000	289.0200	0.0200	0.0000
3	63880000	64050000	289.0000	0.0507	0.0000
2	146850000	147010000	289.0000	0.0392	0.0000
14	32490000	32820000	288.9600	0.0611	0.0000
20	63980000	64210000	288.9400	0.0603	0.0000
8	30070000	30100000	288.9400	0.0192	0.0000
8	100450000	100550000	288.9200	0.0194	0.0000
18	34990000	35330000	288.8800	0.0521	0.0000
11	128740000	128860000	288.8800	0.0280	0.0000
3	71660000	71750000	288.8600	0.0214	0.0000
2	214850000	215060000	288.8400	0.0310	0.0000
13	58870000	59770000	288.8200	0.0917	0.0000
11	14400000	14570000	288.7800	0.0524	0.0000
3	98720000	98850000	288.7400	0.0218	0.0000
6	144680000	144860000	288.7200	0.0832	0.0000
5	103370000	103960000	288.6800	0.1564	0.0000
1	239870000	240360000	288.6600	0.0697	0.0000
3	105660000	106090000	288.6400	0.1202	0.0000
16	88710000	88890000	288.6200	0.0459	0.0000
4	39840000	39950000	288.6200	0.0140	0.0000
2	219140000	219170000	288.6200	0.0131	0.0000
11	34070000	34180000	288.6000	0.0493	0.0000
22	42780000	42920000	288.5800	0.0320	0.0000
13	112840000	113680000	288.5600	0.1076	0.0000
9	35540000	35880000	288.5600	0.0394	0.0000
10	26490000	26580000	288.5600	0.0261	0.0000
11	64550000	64740000	288.5400	0.0324	0.0000
1	11650000	11860000	288.5200	0.0758	0.0000
11	78160000	78290000	288.5200	0.0240	0.0000
4	137530000	138020000	288.5000	0.0482	0.0000
1	25870000	26610000	288.4800	0.0978	0.0000
18	3760000	4460000	288.4800	0.0671	0.0000
17	29460000	29700000	288.4800	0.0570	0.0000
4	86460000	86630000	288.4800	0.0513	0.0000
20	870000	1560000	288.4400	0.0999	0.0000
3	46810000	47170000	288.4400	0.0874	0.0000
16	87740000	87760000	288.4200	0.0117	0.0000
5	39220000	39290000	288.4000	0.0225	0.0000
2	69450000	69550000	288.3800	0.0316	0.0000
2	57700000	57860000	288.3600	0.0275	0.0000
3	128060000	128440000	288.3400	0.1269	0.0000
8	78660000	79640000	288.3200	0.1152	0.0000
12	122220000	122380000	288.3200	0.0437	0.0000
21	37030000	37300000	288.3200	0.0426	0.0000
15	40730000	40870000	288.3200	0.0183	0.0000
2	121350000	121780000	288.3000	0.1031	0.0000
2	191950000	192110000	288.2800	0.0349	0.0000
14	67270000	67870000	288.2600	0.0668	0.0000
2	204190000	204530000	288.2400	0.0530	0.0000
4	165400000	165570000	288.2000	0.0478	0.0000
5	169630000	169780000	288.2000	0.0402	0.0000
4	89760000	89890000	288.1800	0.0402	0.0000
1	210000000	210310000	288.1400	0.1448	0.0000
10	8560000	9300000	288.1000	0.0900	0.0000
6	49090000	49420000	288.1000	0.0300	0.0000
6	141000000	141170000	288.0600	0.0495	0.0000
1	46520000	46730000	288.0600	0.0467	0.0000
7	36570000	36720000	288.0600	0.0445	0.0000
21	41350000	41430000	288.0400	0.0310	0.0000
17	49700000	49720000	288.0400	0.0108	0.0000
4	177630000	178090000	288.0200	0.0341	0.0000
10	22550000	22610000	288.0200	0.0203	0.0000
2	213380000	213400000	288.0200	0.0107	0.0000
1	35420000	36060000	288.0000	0.1266	0.0000
9	35990000	36440000	287.9800	0.0446	0.0000
1	43550000	44380000	287.9600	0.1228	0.0000
3	48230000	48730000	287.9600	0.0529	0.0000
3	192510000	192740000	287.9400	0.0848	0.0000
2	195750000	196050000	287.9400	0.0468	0.0000
4	140710000	140770000	287.9400	0.0226	0.0000
1	27950000	28010000	287.9200	0.0238	0.0000
3	44690000	45220000	287.9000	0.0350	0.0000
11	123750000	124250000	287.8800	0.0326	0.0000
4	151000000	151500000	287.8600	0.1075	0.0000
1	170630000	171270000	287.8600	0.0543	0.0000
15	41720000	41970000	287.8400	0.0254	0.0000
12	47580000	48260000	287.7200	0.0842	0.0000
10	116860000	117040000	287.7200	0.0340	0.0000
20	4630000	5600000	287.7000	0.0698	0.0000
16	31320000	31520000	287.7000	0.0403	0.0000
1	16950000	17170000	287.6800	0.0651	0.0000
5	98510000	98850000	287.6800	0.0556	0.0000
7	111590000	111920000	287.6800	0.0505	0.0000
2	174560000	174590000	287.6800	0.0233	0.0000
10	73420000	73520000	287.6600	0.0220	0.0000
7	148750000	148840000	287.6400	0.0126	0.0000
9	109250000	109660000	287.6200	0.0526	0.0000
3	109250000	109460000	287.5600	0.0349	0.0000
12	103750000	104130000	287.5400	0.0621	0.0000
12	94210000	94330000	287.5400	0.0236	0.0000
7	157110000	157430000	287.5200	0.0508	0.0000
6	7150000	7420000	287.5000	0.0734	0.0000
4	173720000	174190000	287.4600	0.0499	0.0000
3	196490000	197250000	287.4200	0.0737	0.0000
2	194000000	194270000	287.4200	0.0321	0.0000
3	71500000	71540000	287.4000	0.0194	0.0000
9	8530000	8910000	287.3600	0.0758	0.0000
17	5340000	5460000	287.3600	0.0309	0.0000
16	70440000	70570000	287.3400	0.0492	0.0000
14	22130000	22260000	287.3400	0.0465	0.0000
18	45800000	45980000	287.3400	0.0431	0.0000
6	13400000	13880000	287.3000	0.0898	0.0000
2	117930000	118010000	287.3000	0.0282	0.0000
21	42070000	42590000	287.2600	0.0734	0.0000
12	4480000	4710000	287.2400	0.0983	0.0000
12	53710000	53730000	287.2200	0.0147	0.0000
2	188760000	189270000	287.2000	0.0935	0.0000
14	35180000	35480000	287.2000	0.0818	0.0000
4	1840000	2110000	287.2000	0.0463	0.0000
14	59680000	59950000	287.1800	0.0679	0.0000
1	109220000	109290000	287.1600	0.0327	0.0000
7	38180000	38230000	287.1600	0.0204	0.0000
5	39180000	39220000	287.1600	0.0199	0.0000
2	230380000	230550000	287.1400	0.0433	0.0000
10	70770000	70940000	287.1400	0.0307	0.0000
5	169850000	170060000	287.1400	0.0301	0.0000
17	55410000	55860000	287.1200	0.0584	0.0000
10	43170000	43270000	287.1200	0.0419	0.0000
10	66410000	67220000	287.0800	0.1094	0.0000
5	73150000	73400000	287.0800	0.0454	0.0000
10	112360000	112490000	287.0800	0.0357	0.0000
12	108800000	108850000	287.0800	0.0160	0.0000
3	152580000	152860000	287.0400	0.0509	0.0000
1	230890000	231000000	287.0400	0.0410	0.0000
10	5720000	6040000	287.0200	0.0573	0.0000
1	243980000	244120000	287.0200	0.0233	0.0000
2	83640000	84100000	287.0000	0.0474	0.0000
20	48660000	48710000	287.0000	0.0153	0.0000
8	121630000	122080000	286.9800	0.0592	0.0000
6	16300000	16600000	286.9600	0.1086	0.0000
22	36890000	37160000	286.9600	0.0559	0.0000
12	105120000	105170000	286.9600	0.0200	0.0000
11	85730000	86340000	286.9400	0.0683	0.0000
1	31690000	31920000	286.9400	0.0479	0.0000
1	167620000	167760000	286.9000	0.0379	0.0000
8	47860000	47960000	286.8800	0.0375	0.0000
3	131580000	131880000	286.8400	0.0334	0.0000
11	133930000	134480000	286.8000	0.0746	0.0000
11	74600000	74850000	286.7800	0.0398	0.0000
2	197070000	197150000	286.7800	0.0365	0.0000
12	15040000	15480000	286.7600	0.1009	0.0000
8	144220000	144340000	286.7600	0.0410	0.0000
17	45990000	46090000	286.7600	0.0342	0.0000
9	124870000	124950000	286.7600	0.0319	0.0000
10	60920000	61690000	286.7400	0.1623	0.0000
2	190970000	191760000	286.7400	0.1000	0.0000
7	115450000	116060000	286.7400	0.0958	0.0000
14	100390000	100640000	286.7000	0.0607	0.0000
20	23370000	23510000	286.6600	0.0620	0.0000
10	94360000	94510000	286.6600	0.0472	0.0000
16	53460000	53590000	286.6600	0.0388	0.0000
2	150830000	151170000	286.6600	0.0249	0.0000
1	203490000	203910000	286.6400	0.0949	0.0000
4	36250000	36350000	286.6400	0.0382	0.0000
10	24070000	24540000	286.6000	0.0448	0.0000
20	63920000	63950000	286.6000	0.0187	0.0000
22	36180000	36330000	286.5600	0.0422	0.0000
6	68530000	69090000	286.5000	0.0917	0.0000
8	49020000	49760000	286.5000	0.0651	0.0000
4	89520000	89720000	286.5000	0.0647	0.0000
5	151090000	151190000	286.4800	0.0248	0.0000
19	19430000	19510000	286.4800	0.0235	0.0000
8	22880000	23370000	286.4400	0.0383	0.0000
9	910000	1030000	286.4200	0.0122	0.0000
4	36440000	36780000	286.3600	0.0476	0.0000
2	60740000	60960000	286.3400	0.0222	0.0000
10	11190000	11390000	286.3200	0.0450	0.0000
4	184250000	184530000	286.3000	0.0585	0.0000
1	145930000	145950000	286.2800	0.0156	0.0000
11	47730000	48180000	286.2400	0.1617	0.0000
15	94120000	94450000	286.2400	0.0852	0.0000
1	99410000	99660000	286.2400	0.0828	0.0000
2	23610000	23890000	286.2400	0.0704	0.0000
1	108550000	108930000	286.2400	0.0696	0.0000
6	11150000	11300000	286.2400	0.0310	0.0000
10	30740000	30830000	286.2400	0.0305	0.0000
4	182160000	182620000	286.2200	0.0594	0.0000
17	56660000	57390000	286.2000	0.1068	0.0000
18	70380000	70620000	286.1800	0.0341	0.0000
8	109620000	109820000	286.1800	0.0284	0.0000
17	32340000	32540000	286.1600	0.0957	0.0000
3	127470000	127740000	286.1600	0.0587	0.0000
1	225430000	225500000	286.1400	0.0316	0.0000
3	122530000	122640000	286.1400	0.0298	0.0000
18	23560000	23570000	286.1400	0.0106	0.0000
1	160980000	161360000	286.1200	0.0717	0.0000
9	126290000	126490000	286.1200	0.0464	0.0000
1	3510000	3880000	286.1000	0.0783	0.0000
11	3000000	3160000	286.1000	0.0474	0.0000
4	146700000	147440000	286.1000	0.0332	0.0000
12	117850000	117860000	286.1000	0.0049	0.0000
12	110300000	110740000	286.0600	0.0732	0.0000
11	121300000	121610000	286.0400	0.0855	0.0000
17	1960000	2380000	286.0400	0.0677	0.0000
1	20400000	21050000	286.0200	0.0824	0.0000
14	58590000	59330000	286.0200	0.0543	0.0000
22	37250000	37560000	285.9800	0.0678	0.0000
9	122960000	123120000	285.9800	0.0234	0.0000
20	62250000	62720000	285.9600	0.1363	0.0000
6	32870000	33320000	285.9600	0.0532	0.0000
9	32370000	32600000	285.9600	0.0350	0.0000
12	31320000	31350000	285.9600	0.0138	0.0000
11	66150000	66520000	285.9000	0.0698	0.0000
3	139290000	139380000	285.8800	0.0468	0.0000
4	101800000	101890000	285.8800	0.0261	0.0000
14	96520000	96620000	285.8800	0.0238	0.0000
14	35070000	35110000	285.8600	0.0228	0.0000
8	18950000	19120000	285.8200	0.0324	0.0000
6	129960000	130160000	285.8200	0.0245	0.0000
3	4390000	4710000	285.8000	0.0773	0.0000
3	197670000	197920000	285.8000	0.0586	0.0000
3	186530000	187010000	285.8000	0.0496	0.0000
5	157330000	157380000	285.8000	0.0292	0.0000
17	60400000	60460000	285.8000	0.0225	0.0000
1	196410000	196690000	285.7600	0.0617	0.0000
1	12180000	12410000	285.7400	0.0423	0.0000
7	20790000	20840000	285.7400	0.0148	0.0000
3	106620000	106810000	285.7200	0.0448	0.0000
4	99010000	99140000	285.7200	0.0440	0.0000
10	70060000	70430000	285.7200	0.0440	0.0000
3	68960000	69230000	285.7000	0.0669	0.0000
2	182570000	182710000	285.7000	0.0327	0.0000
9	71230000	71550000	285.6600	0.0565	0.0000
12	2730000	2860000	285.6600	0.0256	0.0000
4	90250000	90430000	285.6600	0.0255	0.0000
4	185620000	185980000	285.6400	0.0353	0.0000
3	11300000	11330000	285.6400	0.0176	0.0000
12	82510000	83400000	285.6200	0.0962	0.0000
4	119660000	119880000	285.6200	0.0341	0.0000
8	89910000	90040000	285.6200	0.0252	0.0000
12	48870000	49060000	285.5600	0.0562	0.0000
22	21670000	21810000	285.5600	0.0335	0.0000
18	75440000	76430000	285.5400	0.1268	0.0000
8	54200000	54550000	285.5400	0.0415	0.0000
9	134280000	134410000	285.5200	0.0316	0.0000
3	38180000	38340000	285.5000	0.0260	0.0000
6	95130000	95560000	285.4800	0.0563	0.0000
4	17210000	17410000	285.4800	0.0435	0.0000
19	46670000	46710000	285.4800	0.0270	0.0000
10	98370000	98470000	285.4800	0.0223	0.0000
7	49790000	50370000	285.4600	0.0615	0.0000
6	25010000	25100000	285.4600	0.0311	0.0000
12	122540000	122640000	285.4400	0.0247	0.0000
15	85710000	85770000	285.4400	0.0133	0.0000
1	75460000	75640000	285.4200	0.0413	0.0000
14	61480000	61550000	285.4200	0.0353	0.0000
1	19340000	19430000	285.4000	0.0571	0.0000
5	1150000	1530000	285.3800	0.0482	0.0000
10	25650000	25980000	285.3600	0.0452	0.0000
17	45020000	45140000	285.3600	0.0371	0.0000
11	6440000	6720000	285.3400	0.0574	0.0000
13	61890000	62430000	285.3200	0.1088	0.0000
6	97280000	97510000	285.3200	0.0443	0.0000
5	55260000	55400000	285.3200	0.0367	0.0000
5	35140000	35380000	285.3000	0.0509	0.0000
5	10200000	10810000	285.2800	0.1093	0.0000
19	16380000	16600000	285.2800	0.0304	0.0000
14	22370000	22410000	285.2800	0.0143	0.0000
14	23360000	23410000	285.2600	0.0293	0.0000
11	60980000	60990000	285.2600	0.0224	0.0000
1	159030000	159080000	285.2400	0.0256	0.0000
3	56580000	56780000	285.2000	0.0649	0.0000
8	102150000	102360000	285.2000	0.0461	0.0000
1	68200000	68300000	285.2000	0.0391	0.0000
17	30240000	30430000	285.2000	0.0386	0.0000
12	88250000	88330000	285.1400	0.0145	0.0000
17	61870000	62060000	285.1200	0.0642	0.0000
7	13090000	13360000	285.1000	0.0700	0.0000
4	1120000	1400000	285.0600	0.0694	0.0000
4	40190000	40210000	285.0600	0.0166	0.0000
4	99180000	99410000	285.0400	0.0255	0.0000
10	115120000	115220000	285.0400	0.0175	0.0000
7	27990000	28160000	285.0200	0.0264	0.0000
20	3010000	3050000	285.0200	0.0126	0.0000
3	145600000	146260000	285.0000	0.0979	0.0000
10	74840000	75110000	285.0000	0.0516	0.0000
2	193250000	193490000	285.0000	0.0220	0.0000
7	12280000	12540000	284.9800	0.0340	0.0000
13	97780000	98300000	284.9600	0.0349	0.0000
10	50960000	51230000	284.9600	0.0282	0.0000
1	183490000	183610000	284.9400	0.0341	0.0000
2	209340000	209690000	284.9200	0.0485	0.0000
12	111440000	111550000	284.9200	0.0318	0.0000
1	36330000	36360000	284.9200	0.0169	0.0000
12	124330000	124480000	284.9000	0.0421	0.0000
3	116670000	117310000	284.8600	0.0707	0.0000
8	38380000	38390000	284.8600	0.0131	0.0000
1	205640000	205870000	284.8000	0.0487	0.0000
1	183020000	183180000	284.7800	0.0543	0.0000
12	6950000	6960000	284.7800	0.0138	0.0000
18	21160000	21520000	284.7600	0.1142	0.0000
9	112060000	112280000	284.7600	0.0316	0.0000
1	27460000	27800000	284.7400	0.0856	0.0000
22	20420000	20660000	284.7400	0.0574	0.0000
13	48440000	48610000	284.7400	0.0545	0.0000
9	131420000	131610000	284.7400	0.0493	0.0000
12	13590000	14070000	284.7200	0.0397	0.0000
8	13600000	13790000	284.7200	0.0362	0.0000
12	63930000	64130000	284.7200	0.0315	0.0000
10	96920000	97520000	284.6800	0.0445	0.0000
6	146070000	146800000	284.6600	0.0763	0.0000
14	81480000	81500000	284.6600	0.0110	0.0000
21	33550000	34150000	284.6400	0.0680	0.0000
16	48260000	48600000	284.6400	0.0663	0.0000
3	111600000	111740000	284.6400	0.0450	0.0000
9	71590000	71890000	284.6200	0.0603	0.0000
14	91270000	91340000	284.6200	0.0329	0.0000
12	18100000	18250000	284.6000	0.0497	0.0000
16	60000	140000	284.6000	0.0287	0.0000
17	4530000	4830000	284.5800	0.0557	0.0000
16	70690000	70800000	284.5800	0.0212	0.0000
2	239240000	240070000	284.5600	0.1211	0.0000
2	64550000	64830000	284.5600	0.0583	0.0000
8	105850000	106600000	284.5000	0.1519	0.0000
9	76860000	77190000	284.5000	0.0642	0.0000
6	154160000	154210000	284.5000	0.0341	0.0000
2	75770000	76090000	284.5000	0.0290	0.0000
1	41480000	41890000	284.4800	0.0455	0.0000
1	220610000	220920000	284.4600	0.0759	0.0000
6	56620000	56770000	284.4600	0.0391	0.0000
7	128860000	129840000	284.4000	0.1195	0.0000
6	126680000	126840000	284.4000	0.0227	0.0000
11	97770000	98120000	284.3800	0.0476	0.0000
5	110800000	110930000	284.3800	0.0369	0.0000
18	67100000	67820000	284.3600	0.1442	0.0000
1	115710000	115870000	284.3000	0.0816	0.0000
5	116430000	117110000	284.3000	0.0499	0.0000
8	23610000	24200000	284.3000	0.0375	0.0000
7	154910000	155010000	284.3000	0.0299	0.0000
15	53730000	54280000	284.2800	0.0431	0.0000
9	131250000	131280000	284.2800	0.0299	0.0000
6	34460000	34920000	284.2600	0.0568	0.0000
12	780000	970000	284.2600	0.0516	0.0000
11	129860000	130000000	284.2600	0.0287	0.0000
18	39090000	39460000	284.2400	0.1109	0.0000
2	186000000	186470000	284.2400	0.0572	0.0000
17	64990000	65230000	284.2200	0.1268	0.0000
10	20850000	21480000	284.2200	0.1137	0.0000
2	114220000	115090000	284.2000	0.0953	0.0000
5	88650000	88870000	284.2000	0.0492	0.0000
21	36010000	37010000	284.1800	0.0640	0.0000
19	40610000	40710000	284.1800	0.0320	0.0000
19	45010000	45160000	284.1800	0.0278	0.0000
1	58800000	58960000	284.1800	0.0222	0.0000
10	30360000	30520000	284.1600	0.0811	0.0000
6	157020000	157320000	284.1400	0.0428	0.0000
21	30790000	31440000	284.1200	0.1679	0.0000
11	13320000	13380000	284.1200	0.0479	0.0000
3	187900000	188360000	284.1000	0.1340	0.0000
5	132220000	132410000	284.1000	0.0356	0.0000
15	81450000	81660000	284.1000	0.0300	0.0000
7	30350000	30370000	284.1000	0.0135	0.0000
3	15220000	15320000	284.0800	0.0218	0.0000
14	58160000	58590000	284.0600	0.0538	0.0000
6	122070000	122380000	284.0600	0.0351	0.0000
10	103040000	103150000	284.0600	0.0222	0.0000
2	127930000	128340000	284.0400	0.0518	0.0000
8	114750000	115010000	284.0000	0.0325	0.0000
2	231000000	231160000	283.9800	0.0478	0.0000
22	24310000	24420000	283.9800	0.0335	0.0000
6	106530000	106650000	283.9400	0.0331	0.0000
2	203700000	203720000	283.9400	0.0082	0.0000
18	12690000	13130000	283.8800	0.0863	0.0000
6	133780000	133920000	283.8800	0.0511	0.0000
13	104890000	105330000	283.8600	0.0606	0.0000
2	210570000	210860000	283.8600	0.0436	0.0000
19	48120000	48250000	283.8400	0.0311	0.0000
17	8190000	8630000	283.8200	0.1003	0.0000
6	111970000	112130000	283.8200	0.0535	0.0000
3	59080000	59220000	283.8200	0.0510	0.0000
1	245150000	245290000	283.8200	0.0363	0.0000
16	620000	670000	283.8200	0.0081	0.0000
6	47680000	48090000	283.8000	0.0371	0.0000
2	85640000	85860000	283.7800	0.0618	0.0000
7	97020000	97460000	283.7800	0.0365	0.0000
11	61700000	61790000	283.7800	0.0168	0.0000
17	78710000	78790000	283.7600	0.0471	0.0000
4	72270000	72430000	283.7600	0.0321	0.0000
10	128020000	128090000	283.7600	0.0241	0.0000
11	111650000	112260000	283.7400	0.0968	0.0000
1	26820000	26860000	283.7400	0.0159	0.0000
1	193920000	194530000	283.6800	0.0627	0.0000
1	223720000	223830000	283.6800	0.0460	0.0000
19	19030000	19100000	283.6800	0.0383	0.0000
16	28090000	28140000	283.6800	0.0351	0.0000
18	64170000	64330000	283.6800	0.0161	0.0000
2	240990000	241610000	283.6600	0.1637	0.0000
6	104960000	105050000	283.6600	0.0204	0.0000
3	136290000	136370000	283.6600	0.0178	0.0000
9	131750000	132250000	283.6400	0.0365	0.0000
2	182070000	182210000	283.6400	0.0337	0.0000
19	5020000	5070000	283.6400	0.0281	0.0000
10	119570000	119930000	283.6200	0.0689	0.0000
12	91710000	92000000	283.6200	0.0680	0.0000
20	17600000	17650000	283.6200	0.0288	0.0000
17	63910000	63950000	283.6000	0.0269	0.0000
17	8880000	8930000	283.6000	0.0251	0.0000
9	129660000	129830000	283.5800	0.0601	0.0000
6	149050000	149860000	283.5600	0.1065	0.0000
2	192170000	192330000	283.5600	0.0612	0.0000
4	122150000	122360000	283.5600	0.0501	0.0000
3	45920000	46090000	283.5600	0.0390	0.0000
7	104270000	104370000	283.5600	0.0229	0.0000
14	22740000	23050000	283.5400	0.0570	0.0000
14	24030000	24270000	283.5400	0.0482	0.0000
9	1580000	1710000	283.5400	0.0393	0.0000
12	6150000	6600000	283.5000	0.2279	0.0000
10	23280000	23590000	283.5000	0.1257	0.0000
17	81540000	81580000	283.5000	0.0162	0.0000
10	26000000	26160000	283.4800	0.0295	0.0000
15	75320000	75420000	283.4800	0.0202	0.0000
1	9820000	10750000	283.4600	0.1082	0.0000
20	49110000	49160000	283.4600	0.0197	0.0000
14	22460000	22470000	283.4600	0.0086	0.0000
4	44350000	44430000	283.4000	0.0182	0.0000
2	11990000	12480000	283.3800	0.0487	0.0000
2	215230000	215570000	283.3800	0.0375	0.0000
2	199620000	199710000	283.3600	0.0599	0.0000
11	47470000	47500000	283.3600	0.0168	0.0000
8	141080000	141400000	283.3400	0.2193	0.0000
18	74480000	74500000	283.3400	0.0123	0.0000
5	80180000	80200000	283.3200	0.0184	0.0000
17	35410000	35650000	283.3000	0.0719	0.0000
7	127610000	127780000	283.3000	0.0514	0.0000
17	44000000	44120000	283.3000	0.0287	0.0000
12	124910000	124920000	283.3000	0.0121	0.0000
7	108740000	109180000	283.2800	0.0356	0.0000
22	46620000	46770000	283.2800	0.0258	0.0000
2	27020000	27150000	283.2600	0.0496	0.0000
2	8720000	8910000	283.2400	0.0478	0.0000
12	7030000	7170000	283.2400	0.0357	0.0000
5	42350000	42660000	283.2200	0.0817	0.0000
1	33250000	33440000	283.2200	0.0567	0.0000
5	97520000	97670000	283.2200	0.0484	0.0000
3	16780000	16830000	283.2200	0.0273	0.0000
21	44900000	44910000	283.2200	0.0104	0.0000
17	58380000	58600000	283.2000	0.0565	0.0000
10	71540000	71740000	283.2000	0.0367	0.0000
11	119010000	119580000	283.1600	0.1075	0.0000
11	106590000	107120000	283.1600	0.0600	0.0000
7	150890000	151330000	283.1400	0.1082	0.0000
16	84920000	85110000	283.1400	0.0635	0.0000
5	113450000	114050000	283.1000	0.0664	0.0000
17	78000000	78100000	283.1000	0.0388	0.0000
20	57620000	57750000	283.1000	0.0248	0.0000
5	35850000	35860000	283.1000	0.0109	0.0000
4	176980000	177280000	283.0800	0.0899	0.0000
13	96410000	97060000	283.0800	0.0755	0.0000
5	52360000	52620000	283.0800	0.0544	0.0000
21	17430000	17510000	283.0800	0.0199	0.0000
14	100060000	100080000	283.0800	0.0160	0.0000
3	160280000	160510000	283.0600	0.0606	0.0000
9	26630000	26820000	283.0600	0.0334	0.0000
15	51640000	51970000	283.0400	0.0608	0.0000
4	90010000	90170000	283.0400	0.0310	0.0000
1	117460000	117680000	283.0200	0.0458	0.0000
2	68070000	68220000	283.0200	0.0453	0.0000
16	89720000	90000000	283.0000	0.0791	0.0000
14	97320000	97840000	283.0000	0.0600	0.0000
7	35810000	35910000	283.0000	0.0333	0.0000
15	69380000	69860000	282.9800	0.0827	0.0000
1	196950000	197020000	282.9800	0.0244	0.0000
14	22410000	22450000	282.9800	0.0207	0.0000
17	75210000	75240000	282.9400	0.0167	0.0000
11	61030000	61040000	282.9200	0.0117	0.0000
5	57550000	57710000	282.8800	0.0267	0.0000
19	3610000	3700000	282.8800	0.0266	0.0000
19	40210000	40400000	282.8600	0.0417	0.0000
22	17670000	17830000	282.8400	0.0465	0.0000
12	98950000	99150000	282.8400	0.0437	0.0000
17	28330000	28370000	282.8400	0.0353	0.0000
10	125690000	125800000	282.8400	0.0229	0.0000
11	3840000	3990000	282.8200	0.0498	0.0000
11	107730000	107980000	282.8200	0.0355	0.0000
1	199930000	200140000	282.8000	0.0482	0.0000
10	63150000	63220000	282.8000	0.0403	0.0000
11	830000	910000	282.8000	0.0181	0.0000
5	146020000	146290000	282.7800	0.0536	0.0000
3	144680000	145040000	282.7600	0.0359	0.0000
4	145100000	145150000	282.7600	0.0331	0.0000
4	83190000	83210000	282.7600	0.0211	0.0000
1	229440000	229540000	282.7600	0.0137	0.0000
12	68120000	68330000	282.7400	0.0762	0.0000
19	46800000	47040000	282.7200	0.0455	0.0000
3	97250000	97720000	282.7000	0.0730	0.0000
17	17010000	17180000	282.7000	0.0372	0.0000
11	57680000	57710000	282.7000	0.0203	0.0000
17	82540000	83200000	282.6800	0.1045	0.0000
1	239220000	239460000	282.6800	0.0566	0.0000
7	111090000	111240000	282.6800	0.0417	0.0000
1	78250000	78400000	282.6800	0.0283	0.0000
2	221580000	221880000	282.6800	0.0193	0.0000
6	136610000	136640000	282.6800	0.0148	0.0000
5	59640000	60040000	282.6600	0.0778	0.0000
8	38780000	39080000	282.6600	0.0371	0.0000
1	216850000	217240000	282.6400	0.0517	0.0000
8	103890000	104220000	282.6400	0.0483	0.0000
6	159990000	160120000	282.6400	0.0278	0.0000
11	43320000	43440000	282.6200	0.0281	0.0000
14	101810000	101830000	282.6000	0.0363	0.0000
13	78630000	79130000	282.6000	0.0334	0.0000
1	85360000	85510000	282.6000	0.0301	0.0000
10	80920000	81040000	282.6000	0.0101	0.0000
1	109420000	109610000	282.5800	0.0437	0.0000
17	26860000	26870000	282.5800	0.0190	0.0000
22	29790000	29820000	282.5800	0.0176	0.0000
1	26760000	26780000	282.5800	0.0136	0.0000
9	135630000	136300000	282.5600	0.1804	0.0000
3	142300000	142520000	282.5600	0.1217	0.0000
13	36090000	36430000	282.5600	0.0388	0.0000
8	118790000	119070000	282.5600	0.0351	0.0000
5	101590000	101660000	282.5600	0.0151	0.0000
16	2690000	2780000	282.5400	0.0277	0.0000
11	79280000	79500000	282.5400	0.0183	0.0000
3	10090000	10440000	282.5200	0.0633	0.0000
2	45350000	45800000	282.5200	0.0429	0.0000
10	111480000	111540000	282.5200	0.0219	0.0000
4	68430000	68470000	282.5200	0.0187	0.0000
5	131400000	131510000	282.5000	0.0386	0.0000
2	214230000	214550000	282.4800	0.0503	0.0000
11	107320000	107540000	282.4800	0.0400	0.0000
4	29360000	29480000	282.4800	0.0225	0.0000
14	103420000	104260000	282.4600	0.2634	0.0000
1	200800000	201180000	282.4600	0.0634	0.0000
3	28920000	29300000	282.4600	0.0445	0.0000
6	72250000	72450000	282.4600	0.0327	0.0000
4	108140000	108180000	282.4600	0.0302	0.0000
1	218070000	218520000	282.4400	0.0681	0.0000
9	101660000	102060000	282.4200	0.0814	0.0000
9	133020000	133130000	282.4200	0.0431	0.0000
22	41130000	41170000	282.4200	0.0301	0.0000
11	27660000	27730000	282.4200	0.0216	0.0000
7	30550000	30640000	282.4200	0.0194	0.0000
9	127030000	127880000	282.4000	0.1368	0.0000
9	103160000	104030000	282.4000	0.0836	0.0000
1	52340000	52690000	282.4000	0.0673	0.0000
1	18750000	18940000	282.4000	0.0592	0.0000
1	199530000	199750000	282.3800	0.0317	0.0000
14	40170000	40310000	282.3200	0.0475	0.0000
10	62620000	62660000	282.3200	0.0231	0.0000
2	74470000	74560000	282.3000	0.0236	0.0000
12	27930000	27980000	282.3000	0.0176	0.0000
3	184120000	184250000	282.2800	0.0433	0.0000
2	179640000	179710000	282.2800	0.0300	0.0000
17	36940000	37640000	282.2600	0.0681	0.0000
13	36950000	37070000	282.2600	0.0350	0.0000
2	224760000	224890000	282.2400	0.0929	0.0000
19	960000	1020000	282.2400	0.0399	0.0000
4	153540000	153640000	282.2400	0.0362	0.0000
19	18120000	18150000	282.2200	0.0097	0.0000
14	32250000	32480000	282.2000	0.0323	0.0000
7	66750000	66830000	282.2000	0.0257	0.0000
18	62220000	62380000	282.1800	0.0612	0.0000
7	108010000	108440000	282.1600	0.0598	0.0000
20	49230000	49420000	282.1200	0.0388	0.0000
6	139980000	140090000	282.1200	0.0279	0.0000
13	93500000	93630000	282.1000	0.0206	0.0000
1	156560000	156910000	282.0800	0.0628	0.0000
3	141210000	141250000	282.0800	0.0301	0.0000
15	74250000	74490000	282.0600	0.0392	0.0000
10	67350000	67600000	282.0600	0.0267	0.0000
8	119530000	119730000	282.0400	0.0719	0.0000
4	129320000	129630000	282.0400	0.0339	0.0000
19	49990000	50010000	282.0400	0.0100	0.0000
10	52070000	52230000	282.0200	0.0394	0.0000
15	101530000	101720000	282.0000	0.0491	0.0000
12	46180000	46210000	282.0000	0.0336	0.0000
3	110250000	110360000	282.0000	0.0330	0.0000
1	178560000	178820000	282.0000	0.0324	0.0000
6	10830000	10900000	282.0000	0.0180	0.0000
1	43290000	43420000	282.0000	0.0162	0.0000
12	95960000	96070000	281.9800	0.0296	0.0000
9	134030000	134060000	281.9800	0.0225	0.0000
19	38700000	38730000	281.9600	0.0175	0.0000
14	104670000	104930000	281.9200	0.0675	0.0000
7	113150000	113440000	281.9000	0.0597	0.0000
3	156440000	156560000	281.9000	0.0377	0.0000
6	140810000	140850000	281.9000	0.0193	0.0000
9	128870000	129010000	281.8800	0.0810	0.0000
7	112430000	112680000	281.8800	0.0470	0.0000
5	176310000	176680000	281.8800	0.0440	0.0000
1	215550000	215670000	281.8800	0.0344	0.0000
5	7430000	7820000	281.8800	0.0324	0.0000
16	15560000	15730000	281.8800	0.0273	0.0000
2	186660000	187500000	281.8600	0.0675	0.0000
1	53020000	53340000	281.8600	0.0495	0.0000
1	103300000	103420000	281.8600	0.0220	0.0000
2	227800000	228000000	281.8400	0.0309	0.0000
2	205220000	205470000	281.8200	0.0565	0.0000
3	98030000	98150000	281.8200	0.0359	0.0000
22	30040000	30660000	281.7800	0.1153	0.0000
3	157450000	157630000	281.7800	0.0356	0.0000
10	57800000	58090000	281.7800	0.0342	0.0000
4	107050000	107500000	281.7400	0.1223	0.0000
14	69040000	69150000	281.7400	0.0446	0.0000
19	51080000	51170000	281.7000	0.0178	0.0000
11	58000000	58290000	281.6800	0.0883	0.0000
11	131800000	132310000	281.6600	0.0945	0.0000
11	65170000	65410000	281.6600	0.0421	0.0000
17	38760000	38790000	281.6600	0.0192	0.0000
17	16010000	16660000	281.6400	0.1335	0.0000
18	57730000	58240000	281.6400	0.0622	0.0000
17	76360000	76550000	281.6400	0.0440	0.0000
9	5750000	6130000	281.6200	0.0841	0.0000
7	117530000	118060000	281.6000	0.1391	0.0000
19	32410000	32670000	281.6000	0.0455	0.0000
6	43510000	44240000	281.5800	0.1353	0.0000
12	84620000	85170000	281.5800	0.1157	0.0000
14	60450000	60610000	281.5800	0.0181	0.0000
2	153460000	153480000	281.5800	0.0172	0.0000
8	104380000	104560000	281.5600	0.0413	0.0000
2	50520000	50570000	281.5600	0.0230	0.0000
7	122290000	122660000	281.5400	0.0736	0.0000
20	20380000	20660000	281.5400	0.0477	0.0000
12	21730000	21790000	281.5400	0.0174	0.0000
1	15870000	16320000	281.5000	0.0867	0.0000
10	1060000	1100000	281.5000	0.0149	0.0000
14	21080000	21110000	281.5000	0.0144	0.0000
9	70310000	70330000	281.5000	0.0093	0.0000
17	53510000	54230000	281.4800	0.0829	0.0000
16	21930000	22180000	281.4800	0.0674	0.0000
14	70670000	70880000	281.4600	0.0393	0.0000
1	25000000	25230000	281.4600	0.0382	0.0000
7	158670000	159030000	281.4400	0.0662	0.0000
15	75650000	76040000	281.4400	0.0431	0.0000
16	75830000	76030000	281.4400	0.0307	0.0000
2	32380000	32670000	281.4200	0.0449	0.0000
13	30630000	30810000	281.4200	0.0420	0.0000
7	88790000	88890000	281.4200	0.0291	0.0000
3	38480000	38540000	281.4200	0.0270	0.0000
17	21130000	21280000	281.4200	0.0250	0.0000
19	54140000	54150000	281.4200	0.0104	0.0000
20	43880000	44640000	281.3600	0.0983	0.0000
13	23000000	23110000	281.3600	0.0352	0.0000
9	133440000	133450000	281.3400	0.0106	0.0000
1	183630000	183640000	281.3400	0.0091	0.0000
10	96540000	96730000	281.3200	0.0917	0.0000
8	77090000	77610000	281.3200	0.0626	0.0000
1	65130000	65330000	281.3200	0.0396	0.0000
3	99600000	99730000	281.3200	0.0395	0.0000
8	67200000	67330000	281.3200	0.0344	0.0000
16	30480000	30520000	281.3000	0.0148	0.0000
5	38270000	38690000	281.2800	0.0537	0.0000
21	26440000	26720000	281.2800	0.0364	0.0000
3	129550000	129570000	281.2800	0.0125	0.0000
12	132250000	132570000	281.2400	0.0761	0.0000
6	128350000	128810000	281.2400	0.0723	0.0000
3	191050000	191580000	281.2400	0.0337	0.0000
4	175620000	176190000	281.2200	0.0856	0.0000
15	52180000	52350000	281.2200	0.0719	0.0000
2	96490000	96630000	281.2200	0.0485	0.0000
1	236640000	236770000	281.2200	0.0174	0.0000
1	23050000	23110000	281.2200	0.0162	0.0000
11	75230000	75650000	281.2000	0.0488	0.0000
4	4240000	4480000	281.1800	0.0429	0.0000
12	100350000	100580000	281.1800	0.0342	0.0000
4	23060000	23510000	281.1600	0.1135	0.0000
1	155300000	155460000	281.1600	0.0407	0.0000
13	43270000	43500000	281.1600	0.0359	0.0000
2	28590000	28600000	281.1600	0.0122	0.0000
7	91980000	92460000	281.1400	0.0718	0.0000
2	15460000	15660000	281.1400	0.0435	0.0000
16	10910000	11900000	281.1000	0.1190	0.0000
3	58220000	58490000	281.1000	0.0497	0.0000
8	17160000	17330000	281.0800	0.0781	0.0000
7	94120000	94470000	281.0600	0.0588	0.0000
4	69890000	70290000	281.0400	0.1065	0.0000
20	47620000	47720000	281.0400	0.0277	0.0000
3	98870000	99040000	281.0400	0.0277	0.0000
17	67630000	67670000	281.0400	0.0231	0.0000
1	226730000	226740000	281.0400	0.0108	0.0000
11	44540000	45000000	281.0200	0.0657	0.0000
2	146450000	146720000	281.0200	0.0607	0.0000
4	102980000	103110000	281.0200	0.0448	0.0000
1	169810000	170000000	281.0200	0.0425	0.0000
9	34100000	34740000	281.0000	0.0590	0.0000
12	95540000	95730000	281.0000	0.0469	0.0000
14	60080000	60170000	281.0000	0.0296	0.0000
6	10680000	10750000	280.9800	0.0287	0.0000
1	52140000	52150000	280.9800	0.0122	0.0000
22	20750000	21050000	280.9600	0.0602	0.0000
11	16540000	16700000	280.9600	0.0398	0.0000
2	155460000	155900000	280.9600	0.0366	0.0000
3	100780000	100910000	280.9600	0.0264	0.0000
9	137270000	137440000	280.9600	0.0226	0.0000
2	206170000	206400000	280.9000	0.0255	0.0000
6	83040000	83170000	280.9000	0.0248	0.0000
11	47280000	47320000	280.8800	0.0147	0.0000
11	128160000	128470000	280.8600	0.0555	0.0000
