15	63720000	64590000	284.9000	0.1749	0.0000
17	75790000	75910000	280.3800	0.0401	0.0000
12	91310000	92310000	275.8200	0.1559	0.0000
22	37830000	38350000	275.7200	0.0922	0.0000
14	68470000	69410000	275.7000	0.1686	0.0000
16	66900000	67550000	274.6400	0.0409	0.0000
7	1890000	2090000	272.8200	0.0264	0.0000
9	35370000	36000000	272.5400	0.0904	0.0000
9	93060000	93330000	272.4200	0.0581	0.0000
1	26260000	26690000	272.0200	0.0621	0.0000
20	32050000	32650000	271.9800	0.1846	0.0000
3	52210000	53070000	271.8400	0.1077	0.0000
1	12080000	12670000	271.8000	0.0491	0.0000
2	136170000	136330000	271.6000	0.0801	0.0000
11	65620000	66180000	271.1600	0.0887	0.0000
17	77100000	77430000	271.0600	0.0540	0.0000
14	78460000	79160000	271.0200	0.1704	0.0000
16	10950000	11920000	271.0200	0.1676	0.0000
6	36010000	36690000	270.6200	0.1439	0.0000
4	112970000	113460000	270.6000	0.0652	0.0000
2	30070000	30570000	270.4000	0.2548	0.0000
17	2180000	2500000	270.2200	0.1194	0.0000
12	55860000	56220000	270.0800	0.1081	0.0000
21	46020000	46300000	269.9800	0.0519	0.0000
6	42400000	43390000	269.8200	0.2265	0.0000
16	57420000	58090000	269.7200	0.1682	0.0000
9	127740000	128000000	269.4400	0.1237	0.0000
17	17810000	17950000	269.4400	0.0470	0.0000
12	52740000	53670000	269.3800	0.1126	0.0000
17	80730000	81160000	269.3600	0.1787	0.0000
1	27080000	27750000	269.1800	0.4635	0.0000
12	111890000	112380000	269.0800	0.0446	0.0000
12	122850000	122870000	269.0800	0.0172	0.0000
2	232940000	233490000	269.0600	0.0652	0.0000
19	10590000	11050000	268.8800	0.0368	0.0000
10	73850000	74380000	268.8400	0.1048	0.0000
3	157380000	157540000	268.7400	0.0452	0.0000
1	192240000	192440000	268.5400	0.0200	0.0000
3	12460000	12900000	268.4800	0.0647	0.0000
6	33430000	34200000	268.4000	0.1539	0.0000
10	119290000	119590000	268.3400	0.0956	0.0000
1	206740000	206880000	268.3400	0.0272	0.0000
12	110300000	110720000	268.2200	0.0776	0.0000
17	77910000	78490000	268.1200	0.0797	0.0000
2	27610000	28590000	268.1000	0.1007	0.0000
5	30640000	31440000	267.9800	0.1083	0.0000
3	106050000	106370000	267.7200	0.1309	0.0000
16	88500000	88560000	267.3600	0.0405	0.0000
16	30400000	30610000	267.3000	0.1345	0.0000
10	6130000	6370000	267.2600	0.0582	0.0000
14	35180000	35430000	267.1800	0.0767	0.0000
22	20380000	20600000	267.1200	0.0873	0.0000
19	17670000	17890000	266.9600	0.0778	0.0000
5	134390000	134580000	266.9600	0.0701	0.0000
19	2500000	2600000	266.9600	0.0477	0.0000
9	130400000	131220000	266.8000	0.2121	0.0000
5	7420000	7930000	266.7400	0.0685	0.0000
16	67840000	68500000	266.6400	0.1697	0.0000
2	101190000	102070000	266.6200	0.0753	0.0000
1	150980000	151130000	266.6200	0.0262	0.0000
22	19910000	20280000	266.6000	0.1020	0.0000
5	177180000	177560000	266.5400	0.0264	0.0000
1	35460000	36460000	266.4800	0.1970	0.0000
8	142910000	143620000	266.2800	0.1488	0.0000
6	37050000	38030000	266.2600	0.4269	0.0000
18	23330000	23600000	266.1600	0.0846	0.0000
11	47160000	47320000	266.1000	0.0347	0.0000
19	6130000	7000000	266.0000	0.2220	0.0000
11	14340000	14570000	266.0000	0.0298	0.0000
19	47470000	47630000	265.9600	0.0338	0.0000
17	3930000	3950000	265.9000	0.0180	0.0000
17	78650000	79050000	265.8000	0.0417	0.0000
17	39400000	39730000	265.8000	0.0360	0.0000
11	131560000	132320000	265.6400	0.0557	0.0000
1	153520000	153810000	265.6200	0.0561	0.0000
18	24950000	25810000	265.5400	0.1501	0.0000
1	15290000	16250000	265.5000	0.1850	0.0000
11	750000	1010000	265.4800	0.0654	0.0000
17	39770000	40160000	265.4400	0.1445	0.0000
11	66850000	67480000	265.4000	0.1301	0.0000
22	37000000	37540000	265.4000	0.0606	0.0000
14	97920000	98780000	265.3800	0.2161	0.0000
17	50730000	51040000	265.3800	0.0961	0.0000
3	48570000	48710000	265.3600	0.0722	0.0000
2	152200000	152950000	265.3200	0.0335	0.0000
2	96560000	97010000	265.2600	0.0261	0.0000
1	7880000	8350000	265.1600	0.0357	0.0000
19	44960000	45340000	265.1200	0.1455	0.0000
3	43310000	43510000	265.1200	0.0625	0.0000
1	28590000	29160000	265.1000	0.0913	0.0000
4	2200000	2710000	264.9400	0.0702	0.0000
17	67380000	67750000	264.9200	0.1460	0.0000
13	101870000	102500000	264.9200	0.0376	0.0000
3	191910000	192640000	264.9000	0.1466	0.0000
17	8210000	8930000	264.8800	0.0622	0.0000
8	142050000	142850000	264.8600	0.1450	0.0000
21	43650000	44060000	264.7800	0.0476	0.0000
4	137330000	138010000	264.7600	0.1194	0.0000
6	30770000	30960000	264.7600	0.0391	0.0000
14	104620000	104810000	264.7600	0.0376	0.0000
5	127210000	127440000	264.7200	0.0260	0.0000
2	171170000	171230000	264.7000	0.0293	0.0000
9	133500000	133800000	264.5800	0.0428	0.0000
22	44630000	44860000	264.5000	0.0960	0.0000
20	6230000	6750000	264.5000	0.0390	0.0000
2	61340000	61900000	264.4600	0.0675	0.0000
17	32370000	32600000	264.4400	0.0777	0.0000
9	128870000	129010000	264.4400	0.0481	0.0000
21	36030000	36530000	264.3800	0.0981	0.0000
6	157810000	158790000	264.3000	0.1533	0.0000
11	75250000	75420000	264.2800	0.0599	0.0000
8	63490000	64090000	264.2800	0.0415	0.0000
13	36270000	36920000	264.2400	0.0560	0.0000
1	167250000	167790000	264.2000	0.1270	0.0000
9	130120000	130280000	264.0800	0.0406	0.0000
3	18470000	18830000	264.0600	0.0248	0.0000
2	100470000	100740000	264.0400	0.0438	0.0000
5	88640000	88670000	264.0200	0.0213	0.0000
5	172840000	173220000	263.8800	0.0516	0.0000
8	22280000	22660000	263.8600	0.1770	0.0000
4	114770000	114840000	263.8000	0.0196	0.0000
12	132410000	132560000	263.7800	0.0364	0.0000
4	8150000	8260000	263.7800	0.0349	0.0000
1	19280000	19470000	263.7800	0.0317	0.0000
2	237820000	238450000	263.7200	0.1693	0.0000
12	123830000	124710000	263.6200	0.0146	0.0000
21	42160000	42310000	263.5600	0.0522	0.0000
3	130540000	130680000	263.5600	0.0520	0.0000
16	81480000	81730000	263.5000	0.1834	0.0000
8	143900000	144100000	263.5000	0.0464	0.0000
7	19720000	19840000	263.3800	0.0366	0.0000
13	49810000	49850000	263.3800	0.0156	0.0000
4	88440000	88790000	263.3400	0.0603	0.0000
4	47020000	47280000	263.3000	0.1312	0.0000
3	30280000	30540000	263.3000	0.0800	0.0000
10	74600000	75100000	263.2800	0.0880	0.0000
4	156890000	157440000	263.2800	0.0815	0.0000
19	19230000	19380000	263.2400	0.0570	0.0000
12	82060000	82980000	263.2200	0.1713	0.0000
13	18210000	18220000	263.1800	21.0988	0.0000
3	45410000	46270000	263.1800	0.1222	0.0000
12	76760000	77170000	263.1800	0.0730	0.0000
1	155240000	155440000	263.1600	0.0252	0.0000
19	8590000	8650000	263.1600	0.0227	0.0000
1	39900000	40360000	263.1400	0.0984	0.0000
19	42120000	42440000	263.0600	0.0518	0.0000
3	128400000	128680000	263.0400	0.1236	0.0000
19	3530000	3700000	263.0200	0.0448	0.0000
6	41760000	42400000	263.0000	0.0881	0.0000
6	126220000	126380000	262.9400	0.0455	0.0000
18	32440000	33180000	262.9400	0.0406	0.0000
17	82010000	82160000	262.9000	0.0656	0.0000
12	62910000	63030000	262.9000	0.0169	0.0000
9	113670000	113820000	262.8600	0.0181	0.0000
3	48960000	49120000	262.8400	0.0511	0.0000
1	60050000	60360000	262.8200	0.0944	0.0000
14	92460000	92630000	262.8000	0.1175	0.0000
19	40120000	40550000	262.7400	0.0956	0.0000
10	43170000	43360000	262.7400	0.0675	0.0000
2	153040000	153180000	262.7400	0.0320	0.0000
10	110690000	110950000	262.7000	0.0972	0.0000
17	65110000	65520000	262.7000	0.0617	0.0000
3	191060000	191170000	262.7000	0.0547	0.0000
15	48080000	48360000	262.6800	0.0593	0.0000
3	173220000	173700000	262.6200	0.1373	0.0000
20	61970000	62370000	262.5800	0.0109	0.0000
22	41420000	42070000	262.5600	0.0899	0.0000
16	22330000	22350000	262.5400	0.0205	0.0000
1	237540000	237840000	262.4800	0.0628	0.0000
11	47710000	47850000	262.4800	0.0462	0.0000
7	124720000	124980000	262.4600	0.0644	0.0000
16	89250000	90000000	262.4400	0.1321	0.0000
18	12700000	13340000	262.4400	0.0679	0.0000
17	82380000	83200000	262.4200	0.0877	0.0000
13	59800000	59970000	262.4200	0.0638	0.0000
20	33720000	34140000	262.3400	0.0443	0.0000
2	229860000	230260000	262.3200	0.0908	0.0000
3	141420000	141620000	262.3000	0.0790	0.0000
3	169060000	169350000	262.2800	0.1665	0.0000
17	76020000	76070000	262.2200	0.0152	0.0000
17	55570000	55800000	262.1800	0.0428	0.0000
10	91800000	91850000	262.1800	0.0344	0.0000
20	63650000	64290000	262.1200	0.1780	0.0000
4	17170000	17470000	262.0800	0.0694	0.0000
2	176810000	176860000	262.0200	0.0641	0.0000
11	96040000	96170000	262.0200	0.0485	0.0000
18	53330000	53470000	261.9600	0.0440	0.0000
2	157340000	157370000	261.9400	0.0156	0.0000
3	53260000	53320000	261.9200	0.0499	0.0000
2	241000000	241610000	261.9200	0.0459	0.0000
3	129530000	129660000	261.9000	0.0358	0.0000
16	6600000	6810000	261.8800	0.0240	0.0000
2	69690000	70030000	261.8600	0.0801	0.0000
14	63300000	63660000	261.8400	0.1199	0.0000
2	60760000	60930000	261.8400	0.0673	0.0000
15	40280000	40340000	261.8400	0.0220	0.0000
19	4090000	4580000	261.8200	0.1226	0.0000
1	115690000	115850000	261.8200	0.0641	0.0000
4	12930000	13070000	261.8200	0.0315	0.0000
9	117270000	118090000	261.8000	0.1649	0.0000
8	18380000	18580000	261.7200	0.0483	0.0000
17	30810000	31020000	261.7000	0.1306	0.0000
14	101970000	102210000	261.7000	0.0698	0.0000
7	1410000	1500000	261.6800	0.0233	0.0000
19	15100000	15490000	261.6600	0.0824	0.0000
2	234220000	234420000	261.6400	0.0798	0.0000
1	207320000	207380000	261.6400	0.0240	0.0000
5	140590000	140690000	261.6200	0.0303	0.0000
14	68030000	68450000	261.6200	0.0289	0.0000
14	24100000	24200000	261.6200	0.0251	0.0000
9	69530000	70190000	261.6000	0.0462	0.0000
9	37120000	37220000	261.5600	0.0355	0.0000
11	32280000	32560000	261.5600	0.0331	0.0000
1	10640000	10680000	261.5400	0.0258	0.0000
11	82910000	83200000	261.5200	0.0554	0.0000
13	40120000	40330000	261.4600	0.0936	0.0000
3	116630000	117340000	261.4600	0.0858	0.0000
22	46090000	46450000	261.4400	0.0158	0.0000
22	39580000	40530000	261.4200	0.1222	0.0000
22	21670000	21720000	261.4000	0.0129	0.0000
4	6870000	7030000	261.3800	0.0225	0.0000
14	39800000	39870000	261.3800	0.0210	0.0000
22	49320000	49950000	261.3200	0.1237	0.0000
20	35780000	36760000	261.3000	0.2821	0.0000
22	43840000	44200000	261.2800	0.0472	0.0000
6	156890000	157670000	261.2600	0.1178	0.0000
11	128240000	128470000	261.1400	0.0321	0.0000
6	145270000	145430000	261.1200	0.0452	0.0000
2	64460000	64860000	261.1000	0.0609	0.0000
17	16180000	16350000	261.0800	0.0962	0.0000
7	2870000	3080000	261.0800	0.0829	0.0000
4	162440000	163170000	261.0600	0.1602	0.0000
17	42290000	42340000	261.0600	0.0252	0.0000
9	135880000	136840000	261.0400	0.0564	0.0000
20	300000	530000	261.0400	0.0557	0.0000
8	42950000	43150000	261.0200	0.0561	0.0000
11	61260000	61420000	261.0200	0.0303	0.0000
6	142830000	142870000	261.0000	0.0337	0.0000
3	131550000	131900000	260.9800	0.0694	0.0000
6	12070000	12140000	260.9200	0.0178	0.0000
6	90060000	90480000	260.9000	0.3055	0.0000
10	103310000	103840000	260.9000	0.0688	0.0000
3	4830000	4990000	260.9000	0.0234	0.0000
11	119020000	119290000	260.8800	0.0578	0.0000
22	23080000	23300000	260.8600	0.0601	0.0000
19	54130000	54240000	260.8000	0.0219	0.0000
17	76120000	76540000	260.7800	0.1287	0.0000
14	33420000	33840000	260.7800	0.0955	0.0000
13	108220000	108230000	260.7800	0.0165	0.0000
9	108520000	108850000	260.7600	0.0521	0.0000
19	1110000	1230000	260.7600	0.0371	0.0000
10	82830000	82960000	260.7400	0.0339	0.0000
14	105290000	105370000	260.7200	0.0254	0.0000
7	39620000	39720000	260.6800	0.0297	0.0000
8	132700000	133610000	260.6600	0.1759	0.0000
19	1790000	2000000	260.6600	0.0512	0.0000
1	2060000	2200000	260.6000	0.0557	0.0000
19	7620000	7650000	260.5400	0.0200	0.0000
14	58930000	58940000	260.5400	0.0097	0.0000
5	67400000	67520000	260.4800	0.0415	0.0000
2	7380000	7590000	260.4400	0.0863	0.0000
16	70250000	70570000	260.4400	0.0676	0.0000
19	940000	1020000	260.4400	0.0456	0.0000
12	56980000	57330000	260.4200	0.0397	0.0000
2	23850000	23950000	260.4200	0.0312	0.0000
10	67270000	67460000	260.4000	0.0808	0.0000
19	47160000	47310000	260.4000	0.0720	0.0000
21	45430000	45730000	260.4000	0.0458	0.0000
8	60800000	61040000	260.3600	0.0774	0.0000
9	129710000	129830000	260.3400	0.0675	0.0000
2	127060000	127090000	260.3400	0.0241	0.0000
6	146210000	146270000	260.3400	0.0062	0.0000
16	56420000	57240000	260.3200	0.1565	0.0000
16	4200000	4840000	260.3200	0.1557	0.0000
11	133130000	133300000	260.3000	0.1598	0.0000
16	29680000	29970000	260.3000	0.0580	0.0000
18	10830000	10900000	260.3000	0.0190	0.0000
11	72440000	73200000	260.2800	0.0259	0.0000
17	37570000	37640000	260.2800	0.0240	0.0000
20	5750000	5760000	260.1800	0.0161	0.0000
1	240130000	240370000	260.1600	0.1053	0.0000
17	71640000	72110000	260.1600	0.0779	0.0000
3	51380000	51600000	260.1400	0.0347	0.0000
17	81440000	81700000	260.1200	0.1035	0.0000
16	1360000	1510000	260.1000	0.1009	0.0000
8	48550000	48790000	260.1000	0.0606	0.0000
6	149070000	149230000	260.1000	0.0446	0.0000
3	28190000	28260000	260.1000	0.0290	0.0000
2	42300000	42980000	260.0800	0.1395	0.0000
12	97120000	97250000	260.0800	0.0239	0.0000
14	64000000	64670000	260.0400	0.0740	0.0000
11	4640000	4730000	260.0200	0.0410	0.0000
6	139260000	139310000	260.0200	0.0237	0.0000
1	24150000	25070000	260.0000	0.2662	0.0000
11	64520000	65040000	260.0000	0.0978	0.0000
7	107190000	107250000	260.0000	0.0194	0.0000
9	97970000	98290000	259.9800	0.0862	0.0000
1	178340000	178470000	259.9800	0.0167	0.0000
7	11030000	11450000	259.9600	0.0531	0.0000
19	34950000	35350000	259.9400	0.0986	0.0000
16	1150000	1230000	259.9400	0.0389	0.0000
1	160950000	161220000	259.9200	0.0677	0.0000
7	151120000	151460000	259.9000	0.0543	0.0000
21	30600000	30970000	259.9000	0.0312	0.0000
14	97650000	97890000	259.8800	0.1612	0.0000
11	46150000	46950000	259.8600	0.1389	0.0000
11	66220000	66430000	259.8400	0.0589	0.0000
4	173530000	173590000	259.8400	0.0345	0.0000
2	114420000	114590000	259.8000	0.0281	0.0000
16	75870000	75940000	259.8000	0.0180	0.0000
2	104410000	104690000	259.7800	0.0626	0.0000
1	234920000	235310000	259.7600	0.1273	0.0000
6	97260000	97500000	259.7600	0.0672	0.0000
2	163680000	163850000	259.7600	0.0329	0.0000
20	60390000	60430000	259.7600	0.0159	0.0000
3	70970000	71320000	259.7400	0.1590	0.0000
3	105790000	106030000	259.7400	0.1250	0.0000
11	105520000	106330000	259.7400	0.0961	0.0000
17	48130000	48600000	259.7200	0.0929	0.0000
9	98860000	99160000	259.7200	0.0529	0.0000
12	67530000	67580000	259.7000	0.0258	0.0000
1	41440000	41900000	259.6800	0.1142	0.0000
13	30310000	30730000	259.6800	0.0550	0.0000
2	25190000	25420000	259.6600	0.0153	0.0000
7	2480000	2610000	259.6400	0.0476	0.0000
22	29550000	29640000	259.6000	0.0414	0.0000
17	45210000	45360000	259.6000	0.0400	0.0000
20	15710000	15880000	259.5600	0.0362	0.0000
17	29370000	29810000	259.5400	0.1448	0.0000
10	124730000	124810000	259.5400	0.0267	0.0000
3	191390000	191600000	259.5400	0.0257	0.0000
3	5280000	5560000	259.5200	0.0818	0.0000
16	70630000	70760000	259.5200	0.0464	0.0000
12	107290000	107570000	259.5200	0.0438	0.0000
11	230000	360000	259.5000	0.0556	0.0000
17	26860000	26880000	259.5000	0.0113	0.0000
5	15300000	16040000	259.4800	0.1207	0.0000
5	62990000	63420000	259.4800	0.0577	0.0000
11	78720000	79480000	259.4400	0.1462	0.0000
22	26400000	26600000	259.4400	0.0497	0.0000
19	17280000	17580000	259.4000	0.0715	0.0000
20	49850000	50150000	259.4000	0.0389	0.0000
10	15180000	15200000	259.4000	0.0152	0.0000
17	50430000	50570000	259.3800	0.0677	0.0000
4	44820000	45520000	259.3800	0.0423	0.0000
20	62500000	62700000	259.3800	0.0353	0.0000
14	41430000	41720000	259.3400	0.0320	0.0000
5	178620000	179080000	259.3200	0.1020	0.0000
19	18350000	18680000	259.3200	0.0412	0.0000
3	125000000	125510000	259.3000	0.0987	0.0000
5	20020000	20180000	259.3000	0.0419	0.0000
1	112430000	112550000	259.2800	0.0588	0.0000
11	121300000	121440000	259.2800	0.0359	0.0000
5	35630000	35850000	259.2400	0.0688	0.0000
17	1460000	1740000	259.2200	0.0884	0.0000
1	77140000	77990000	259.2200	0.0786	0.0000
6	14710000	14880000	259.2200	0.0562	0.0000
3	146060000	146510000	259.2200	0.0554	0.0000
11	37250000	37420000	259.2000	0.0298	0.0000
15	36840000	36970000	259.2000	0.0169	0.0000
19	49970000	50010000	259.2000	0.0161	0.0000
6	127900000	128070000	259.1800	0.0315	0.0000
14	67320000	67330000	259.1600	0.0103	0.0000
20	41110000	41730000	259.1000	0.1610	0.0000
11	104760000	104940000	259.1000	0.0840	0.0000
5	179810000	179920000	259.1000	0.0415	0.0000
5	65760000	66160000	259.1000	0.0348	0.0000
14	100410000	100750000	259.0800	0.1181	0.0000
8	13480000	13760000	259.0800	0.0479	0.0000
9	118770000	119120000	259.0600	0.0382	0.0000
4	106620000	106720000	259.0600	0.0109	0.0000
1	103460000	103590000	259.0200	0.0155	0.0000
11	47380000	47480000	259.0000	0.0482	0.0000
12	47100000	47550000	258.9800	0.1272	0.0000
7	136110000	136290000	258.9800	0.0851	0.0000
16	27320000	27530000	258.9800	0.0627	0.0000
13	27290000	27550000	258.9800	0.0405	0.0000
16	88720000	88870000	258.9800	0.0396	0.0000
1	165690000	165710000	258.9800	0.0170	0.0000
16	30830000	30860000	258.9800	0.0130	0.0000
12	121060000	122050000	258.9600	0.2579	0.0000
1	176470000	177150000	258.9400	0.2213	0.0000
7	131120000	131380000	258.9400	0.0756	0.0000
14	90820000	91430000	258.9200	0.0909	0.0000
4	176930000	177230000	258.9000	0.0522	0.0000
7	46560000	47560000	258.8800	0.0539	0.0000
1	145980000	146000000	258.8800	0.0169	0.0000
17	57580000	57640000	258.8600	0.0358	0.0000
4	105480000	105830000	258.8400	0.0822	0.0000
5	150170000	150460000	258.8400	0.0680	0.0000
4	160250000	160900000	258.7800	0.0764	0.0000
7	125640000	125740000	258.7800	0.0271	0.0000
7	36640000	36770000	258.7600	0.0700	0.0000
10	11810000	12700000	258.7200	0.1145	0.0000
1	2330000	2520000	258.6600	0.0771	0.0000
8	11730000	11920000	258.6600	0.0409	0.0000
12	84760000	84890000	258.6600	0.0346	0.0000
5	146170000	146320000	258.6600	0.0298	0.0000
7	6590000	6630000	258.6600	0.0197	0.0000
17	28310000	29290000	258.6400	0.1654	0.0000
4	177590000	178360000	258.6400	0.1148	0.0000
4	165910000	166130000	258.6400	0.0686	0.0000
2	96070000	96180000	258.6400	0.0337	0.0000
5	53440000	53550000	258.6400	0.0193	0.0000
19	16400000	16470000	258.6200	0.0406	0.0000
13	90900000	91350000	258.6000	0.1006	0.0000
6	31620000	31750000	258.6000	0.0456	0.0000
13	89990000	90510000	258.5800	0.1167	0.0000
14	103530000	104390000	258.5800	0.0940	0.0000
3	81380000	81700000	258.5800	0.0513	0.0000
7	93690000	93750000	258.5800	0.0262	0.0000
4	138030000	138220000	258.5600	0.1074	0.0000
3	46820000	47140000	258.5600	0.0528	0.0000
12	9870000	9970000	258.4800	0.0501	0.0000
1	25760000	26070000	258.4800	0.0443	0.0000
19	19030000	19100000	258.4800	0.0416	0.0000
20	46200000	46220000	258.4800	0.0155	0.0000
1	53060000	53890000	258.4600	0.1536	0.0000
6	123540000	123710000	258.4600	0.0628	0.0000
16	50080000	50340000	258.4400	0.1280	0.0000
3	188650000	189400000	258.4200	0.1491	0.0000
4	1120000	1250000	258.4200	0.0735	0.0000
2	73910000	74190000	258.4200	0.0701	0.0000
8	108950000	108980000	258.4200	0.0159	0.0000
13	73710000	74060000	258.4000	0.0907	0.0000
2	119760000	119820000	258.4000	0.0447	0.0000
20	33600000	33690000	258.3800	0.0397	0.0000
14	98830000	98900000	258.3800	0.0249	0.0000
19	57460000	57680000	258.3600	0.0621	0.0000
4	152080000	152310000	258.3600	0.0455	0.0000
9	109270000	109400000	258.3600	0.0268	0.0000
8	107940000	108000000	258.3600	0.0212	0.0000
12	1150000	1190000	258.3400	0.0419	0.0000
2	192160000	192430000	258.3200	0.0184	0.0000
8	104000000	104240000	258.3000	0.0402	0.0000
6	29960000	30070000	258.2800	0.0344	0.0000
14	29660000	29740000	258.2600	0.0245	0.0000
14	20420000	20530000	258.2400	0.0256	0.0000
2	218270000	218420000	258.2200	0.0604	0.0000
20	63530000	63600000	258.2200	0.0445	0.0000
22	19800000	19910000	258.2000	0.0531	0.0000
8	130570000	130910000	258.2000	0.0313	0.0000
16	89130000	89150000	258.2000	0.0233	0.0000
6	113630000	114340000	258.1800	0.0949	0.0000
14	76870000	77000000	258.1800	0.0513	0.0000
1	69730000	69790000	258.1800	0.0251	0.0000
14	63100000	63180000	258.1600	0.0200	0.0000
11	126310000	126340000	258.1600	0.0066	0.0000
20	35400000	35730000	258.1200	0.0569	0.0000
8	24090000	24210000	258.1200	0.0257	0.0000
7	105030000	105420000	258.1000	0.0678	0.0000
11	78160000	78260000	258.1000	0.0563	0.0000
7	117640000	118120000	258.1000	0.0488	0.0000
5	38290000	38890000	258.1000	0.0412	0.0000
7	96870000	97270000	258.0800	0.1442	0.0000
13	91660000	91920000	258.0800	0.0391	0.0000
9	4630000	4750000	258.0600	0.0273	0.0000
13	39380000	39670000	258.0400	0.1315	0.0000
6	53900000	54050000	258.0400	0.0244	0.0000
19	5040000	5050000	258.0200	0.0084	0.0000
14	24200000	24330000	258.0000	0.0610	0.0000
9	34220000	34300000	258.0000	0.0434	0.0000
4	24660000	24790000	258.0000	0.0298	0.0000
15	41580000	42300000	257.9600	0.1380	0.0000
11	16530000	16620000	257.9600	0.0403	0.0000
20	3640000	4170000	257.9400	0.0496	0.0000
3	55680000	56130000	257.9400	0.0380	0.0000
6	109040000	109070000	257.9400	0.0127	0.0000
3	148220000	148350000	257.9200	0.0262	0.0000
17	70000000	70320000	257.9000	0.0440	0.0000
15	52120000	52270000	257.8600	0.0967	0.0000
8	64530000	64920000	257.8600	0.0523	0.0000
4	23730000	23760000	257.8400	0.0431	0.0000
4	182860000	183300000	257.8200	0.0713	0.0000
2	53790000	54230000	257.7800	0.1098	0.0000
2	228890000	229620000	257.7800	0.0660	0.0000
1	225760000	226010000	257.7600	0.0496	0.0000
1	25530000	25560000	257.7600	0.0133	0.0000
19	2110000	2390000	257.7400	0.0496	0.0000
6	134710000	134740000	257.7200	0.0252	0.0000
11	2270000	2580000	257.7000	0.1005	0.0000
12	88180000	88480000	257.7000	0.0763	0.0000
1	205020000	205220000	257.7000	0.0586	0.0000
9	107370000	107510000	257.6800	0.0344	0.0000
20	19780000	19840000	257.6800	0.0164	0.0000
12	92890000	92940000	257.6600	0.0627	0.0000
2	64150000	64240000	257.6600	0.0525	0.0000
17	7200000	7230000	257.6600	0.0199	0.0000
10	71530000	71830000	257.6200	0.0698	0.0000
8	63240000	63480000	257.6200	0.0315	0.0000
16	3380000	3880000	257.6000	0.0585	0.0000
9	71640000	71710000	257.6000	0.0448	0.0000
4	127710000	127820000	257.6000	0.0372	0.0000
3	46500000	46680000	257.5400	0.0664	0.0000
2	48760000	49110000	257.5400	0.0627	0.0000
10	132180000	132320000	257.5400	0.0537	0.0000
7	112610000	112860000	257.5400	0.0533	0.0000
10	132750000	132780000	257.5400	0.0190	0.0000
8	18940000	19040000	257.5200	0.0609	0.0000
11	85600000	85900000	257.5000	0.0592	0.0000
10	50810000	51270000	257.4800	0.0975	0.0000
7	21990000	22370000	257.4800	0.0966	0.0000
2	70100000	70290000	257.4800	0.0930	0.0000
21	24510000	25250000	257.4800	0.0731	0.0000
1	153880000	153960000	257.4800	0.0114	0.0000
3	13140000	13900000	257.4600	0.1525	0.0000
11	83920000	84510000	257.4600	0.0929	0.0000
8	69550000	69630000	257.4600	0.0474	0.0000
17	75050000	75150000	257.4600	0.0380	0.0000
3	56510000	56940000	257.4400	0.1319	0.0000
4	111240000	112110000	257.4200	0.1778	0.0000
8	25830000	25990000	257.4200	0.0384	0.0000
17	79930000	80400000	257.4000	0.0789	0.0000
1	65800000	65870000	257.4000	0.0420	0.0000
9	38030000	38120000	257.4000	0.0284	0.0000
9	104300000	104720000	257.3800	0.1263	0.0000
7	44880000	45110000	257.3800	0.0700	0.0000
17	46820000	46950000	257.3800	0.0218	0.0000
10	133260000	133340000	257.3800	0.0187	0.0000
17	49040000	49480000	257.3600	0.0814	0.0000
18	60070000	60220000	257.3600	0.0409	0.0000
15	69670000	69760000	257.3600	0.0259	0.0000
6	36910000	37040000	257.3400	0.0879	0.0000
14	22720000	23270000	257.3200	0.1184	0.0000
7	27990000	28160000	257.3200	0.0760	0.0000
7	50980000	51270000	257.3200	0.0571	0.0000
3	193300000	193570000	257.3200	0.0342	0.0000
9	137470000	137520000	257.3000	0.0190	0.0000
5	80180000	80190000	257.3000	0.0139	0.0000
4	1460000	1530000	257.3000	0.0092	0.0000
10	60760000	61030000	257.2800	0.0729	0.0000
12	55710000	55820000	257.2800	0.0409	0.0000
15	40700000	40870000	257.2800	0.0301	0.0000
7	113090000	113490000	257.2600	0.0973	0.0000
2	98420000	98440000	257.2600	0.0195	0.0000
6	6540000	6630000	257.2400	0.0354	0.0000
8	144110000	144180000	257.2400	0.0135	0.0000
9	19560000	19670000	257.2200	0.0322	0.0000
10	3170000	3200000	257.2200	0.0142	0.0000
12	54340000	54660000	257.2000	0.0277	0.0000
22	20750000	20990000	257.1800	0.0899	0.0000
12	58130000	58330000	257.1800	0.0610	0.0000
7	90440000	90480000	257.1800	0.0251	0.0000
17	5230000	5390000	257.1600	0.0568	0.0000
1	52340000	52500000	257.1600	0.0493	0.0000
7	11530000	11840000	257.1600	0.0319	0.0000
3	9700000	10010000	257.1400	0.1112	0.0000
19	14530000	14570000	257.1000	0.0282	0.0000
12	63870000	64130000	257.0600	0.0502	0.0000
3	119210000	119230000	257.0600	0.0111	0.0000
3	47270000	48010000	257.0400	0.0938	0.0000
8	66010000	66030000	257.0400	0.0324	0.0000
11	3720000	3780000	257.0200	0.0291	0.0000
7	118520000	118920000	257.0200	0.0186	0.0000
17	3960000	4750000	257.0000	0.2459	0.0000
21	43260000	43350000	257.0000	0.0221	0.0000
11	6360000	6510000	257.0000	0.0207	0.0000
21	44260000	44370000	256.9800	0.0752	0.0000
18	61340000	61870000	256.9800	0.0718	0.0000
10	72180000	72710000	256.9800	0.0333	0.0000
3	182830000	182910000	256.9800	0.0182	0.0000
16	28810000	28870000	256.9600	0.0258	0.0000
13	20350000	20380000	256.9600	0.0192	0.0000
17	47600000	47930000	256.9400	0.0557	0.0000
11	68840000	68970000	256.9400	0.0298	0.0000
6	167910000	168030000	256.9200	0.0346	0.0000
16	85040000	85250000	256.9000	0.0547	0.0000
16	24620000	25110000	256.9000	0.0447	0.0000
12	123390000	123440000	256.9000	0.0259	0.0000
6	107720000	107820000	256.8800	0.0755	0.0000
4	8720000	8800000	256.8800	0.0407	0.0000
4	17740000	18040000	256.8800	0.0352	0.0000
17	41330000	41340000	256.8800	0.0143	0.0000
20	4770000	5700000	256.8400	0.1977	0.0000
8	98330000	98390000	256.8400	0.0135	0.0000
7	30150000	30170000	256.8400	0.0132	0.0000
13	60330000	60660000	256.8200	0.0745	0.0000
18	48720000	49020000	256.8200	0.0583	0.0000
5	65600000	65710000	256.8200	0.0215	0.0000
3	179930000	180330000	256.8000	0.0881	0.0000
10	110100000	110380000	256.8000	0.0615	0.0000
1	115390000	115690000	256.8000	0.0385	0.0000
17	63930000	64000000	256.8000	0.0336	0.0000
17	72940000	73010000	256.8000	0.0330	0.0000
9	17560000	17770000	256.7800	0.0570	0.0000
5	21620000	21700000	256.7400	0.0273	0.0000
17	73950000	74930000	256.7200	0.1258	0.0000
16	2040000	2090000	256.7200	0.0253	0.0000
18	34630000	34710000	256.7200	0.0107	0.0000
6	33170000	33310000	256.7000	0.0813	0.0000
5	180340000	180860000	256.6800	0.0781	0.0000
6	98540000	98690000	256.6800	0.0317	0.0000
15	87790000	87800000	256.6800	0.0162	0.0000
12	13610000	13970000	256.6600	0.0612	0.0000
4	84350000	84460000	256.6600	0.0202	0.0000
3	144650000	144760000	256.6600	0.0078	0.0000
2	200470000	200650000	256.6400	0.0598	0.0000
22	19040000	19130000	256.6400	0.0338	0.0000
4	114750000	114760000	256.6200	0.0033	0.0000
13	38360000	38800000	256.6000	0.0792	0.0000
2	78040000	79020000	256.6000	0.0702	0.0000
3	145260000	145680000	256.5800	0.0811	0.0000
22	36440000	36550000	256.5800	0.0358	0.0000
1	155010000	155090000	256.5800	0.0246	0.0000
1	19590000	20340000	256.5600	0.0926	0.0000
2	162860000	162980000	256.5600	0.0410	0.0000
5	114430000	114470000	256.5600	0.0228	0.0000
11	92700000	92870000	256.5400	0.0887	0.0000
16	69060000	69350000	256.5400	0.0814	0.0000
12	74400000	74440000	256.5400	0.0224	0.0000
12	40290000	40420000	256.5200	0.0939	0.0000
8	119170000	119230000	256.5200	0.0274	0.0000
12	83240000	83270000	256.5200	0.0167	0.0000
12	31590000	31890000	256.5000	0.0558	0.0000
16	15570000	15720000	256.5000	0.0443	0.0000
8	128030000	128340000	256.4800	0.1251	0.0000
5	103200000	103630000	256.4800	0.0804	0.0000
19	5560000	5720000	256.4800	0.0587	0.0000
4	138480000	138810000	256.4800	0.0519	0.0000
3	159730000	159830000	256.4800	0.0369	0.0000
7	105730000	106070000	256.4600	0.0992	0.0000
1	97050000	97220000	256.4400	0.0954	0.0000
15	90420000	90970000	256.4200	0.0931	0.0000
3	99390000	99570000	256.4000	0.1283	0.0000
12	11820000	11910000	256.4000	0.0203	0.0000
1	228160000	228400000	256.3800	0.0507	0.0000
3	84810000	85130000	256.3800	0.0347	0.0000
8	28280000	28510000	256.3600	0.1814	0.0000
4	106990000	107050000	256.3600	0.0431	0.0000
2	5410000	5550000	256.3600	0.0267	0.0000
20	47160000	47740000	256.3400	0.1254	0.0000
22	26080000	26170000	256.3400	0.0542	0.0000
7	50310000	50320000	256.3400	0.0229	0.0000
14	53570000	53950000	256.3200	0.1035	0.0000
6	31870000	31910000	256.3200	0.0358	0.0000
15	90070000	90140000	256.3000	0.0255	0.0000
20	34270000	34360000	256.3000	0.0106	0.0000
2	199510000	199940000	256.2800	0.0497	0.0000
17	82190000	82320000	256.2600	0.0624	0.0000
1	92810000	92900000	256.2600	0.0234	0.0000
19	36680000	36980000	256.2400	0.0520	0.0000
16	72630000	72890000	256.2200	0.0649	0.0000
11	1730000	1770000	256.2200	0.0270	0.0000
6	71410000	71760000	256.2000	0.1590	0.0000
2	149030000	149480000	256.2000	0.0717	0.0000
3	15580000	15660000	256.2000	0.0209	0.0000
3	50330000	50340000	256.2000	0.0139	0.0000
18	26540000	26790000	256.1800	0.0495	0.0000
9	73790000	73830000	256.1800	0.0214	0.0000
4	64660000	64670000	256.1800	0.0035	0.0000
17	35800000	36000000	256.1600	0.1137	0.0000
4	20630000	20750000	256.1400	0.0422	0.0000
1	66670000	66780000	256.1400	0.0259	0.0000
8	74420000	74500000	256.1400	0.0168	0.0000
15	67400000	67410000	256.1400	0.0115	0.0000
19	45480000	45900000	256.1200	0.0659	0.0000
5	141930000	142070000	256.1200	0.0533	0.0000
7	94070000	94260000	256.1200	0.0475	0.0000
6	159710000	159930000	256.1200	0.0219	0.0000
6	106560000	106690000	256.1200	0.0203	0.0000
14	74870000	75240000	256.1000	0.0500	0.0000
11	62560000	62660000	256.1000	0.0249	0.0000
2	95150000	95180000	256.1000	0.0058	0.0000
19	9700000	10200000	256.0600	0.1592	0.0000
18	7480000	7560000	256.0600	0.0319	0.0000
7	44800000	44820000	256.0600	0.0260	0.0000
11	93860000	93890000	256.0600	0.0147	0.0000
11	28410000	28970000	256.0400	0.0354	0.0000
4	18510000	18700000	256.0400	0.0325	0.0000
12	120020000	120620000	256.0200	0.0653	0.0000
2	17140000	17600000	256.0200	0.0623	0.0000
6	165090000	165300000	256.0200	0.0252	0.0000
18	41780000	42410000	256.0000	0.1332	0.0000
12	450000	1030000	256.0000	0.1064	0.0000
14	21180000	21450000	256.0000	0.0650	0.0000
13	114090000	114240000	256.0000	0.0554	0.0000
1	205690000	205900000	256.0000	0.0501	0.0000
1	89540000	89550000	256.0000	0.0177	0.0000
2	13170000	13270000	255.9800	0.0457	0.0000
11	1830000	1850000	255.9800	0.0183	0.0000
6	73600000	73620000	255.9800	0.0161	0.0000
1	81180000	81220000	255.9600	0.0159	0.0000
8	27360000	27510000	255.9400	0.0318	0.0000
8	144230000	144330000	255.9200	0.0319	0.0000
3	57450000	57480000	255.9200	0.0244	0.0000
6	89980000	90050000	255.9200	0.0188	0.0000
7	137440000	137890000	255.9000	0.1143	0.0000
4	38670000	38790000	255.9000	0.0501	0.0000
14	40840000	40940000	255.9000	0.0281	0.0000
5	76260000	76370000	255.8800	0.0914	0.0000
1	224060000	224270000	255.8800	0.0594	0.0000
3	161480000	161510000	255.8800	0.0407	0.0000
4	67760000	67930000	255.8800	0.0402	0.0000
8	16990000	17130000	255.8800	0.0371	0.0000
1	234460000	234500000	255.8800	0.0318	0.0000
15	75350000	75450000	255.8600	0.0131	0.0000
2	84690000	84720000	255.8400	0.0381	0.0000
11	110060000	110110000	255.8400	0.0325	0.0000
3	27430000	27480000	255.8400	0.0097	0.0000
18	72190000	72660000	255.8200	0.0714	0.0000
9	22110000	22220000	255.8200	0.0449	0.0000
5	136320000	136520000	255.8000	0.1034	0.0000
3	190330000	190920000	255.8000	0.0629	0.0000
4	62830000	62970000	255.8000	0.0424	0.0000
2	75240000	75410000	255.8000	0.0361	0.0000
11	83460000	83510000	255.8000	0.0354	0.0000
8	111540000	111980000	255.7800	0.0541	0.0000
8	1570000	1630000	255.7800	0.0302	0.0000
1	247960000	247990000	255.7800	0.0160	0.0000
19	8240000	8260000	255.7800	0.0107	0.0000
22	31600000	31810000	255.7600	0.0576	0.0000
6	83560000	84030000	255.7600	0.0552	0.0000
12	126170000	126550000	255.7600	0.0452	0.0000
5	51020000	51060000	255.7600	0.0306	0.0000
4	163940000	163970000	255.7200	0.0262	0.0000
5	109320000	109350000	255.7200	0.0158	0.0000
3	49700000	49710000	255.7200	0.0150	0.0000
3	157940000	157990000	255.7000	0.0174	0.0000
3	73100000	73180000	255.7000	0.0165	0.0000
8	52210000	52260000	255.7000	0.0073	0.0000
3	141200000	141250000	255.6800	0.0326	0.0000
22	42200000	42370000	255.6800	0.0255	0.0000
13	114000000	114020000	255.6800	0.0147	0.0000
4	170800000	170860000	255.6800	0.0138	0.0000
15	56810000	57090000	255.6600	0.0484	0.0000
11	29060000	29690000	255.6600	0.0307	0.0000
5	5110000	5250000	255.6600	0.0301	0.0000
7	20000000	20110000	255.6600	0.0227	0.0000
18	63530000	63850000	255.6400	0.0808	0.0000
2	62770000	63120000	255.6400	0.0610	0.0000
9	126310000	126490000	255.6400	0.0576	0.0000
5	139580000	139710000	255.6400	0.0540	0.0000
2	226250000	226320000	255.6400	0.0371	0.0000
2	179470000	179520000	255.6200	0.0334	0.0000
6	65680000	65710000	255.6200	0.0038	0.0000
3	122460000	122620000	255.6000	0.1073	0.0000
14	87610000	87740000	255.6000	0.0962	0.0000
2	239110000	239410000	255.6000	0.0836	0.0000
5	87140000	87320000	255.6000	0.0329	0.0000
1	189720000	189730000	255.6000	0.0064	0.0000
4	66150000	66160000	255.6000	0.0054	0.0000
9	134470000	134850000	255.5800	0.0615	0.0000
4	121580000	121650000	255.5800	0.0353	0.0000
14	81610000	81940000	255.5600	0.0803	0.0000
13	54610000	55390000	255.5600	0.0483	0.0000
13	53440000	53810000	255.5600	0.0432	0.0000
4	48720000	48850000	255.5600	0.0219	0.0000
22	43690000	43720000	255.5600	0.0109	0.0000
4	94440000	94950000	255.5400	0.0765	0.0000
12	56280000	56620000	255.5400	0.0499	0.0000
13	82330000	82370000	255.5400	0.0438	0.0000
12	99750000	99950000	255.5400	0.0433	0.0000
5	111670000	111840000	255.5200	0.0718	0.0000
12	14390000	14600000	255.5200	0.0632	0.0000
8	125640000	126200000	255.5000	0.1257	0.0000
22	30190000	30540000	255.5000	0.1204	0.0000
2	74360000	74540000	255.5000	0.0669	0.0000
3	37160000	37190000	255.5000	0.0255	0.0000
4	37130000	37260000	255.5000	0.0188	0.0000
4	182480000	182500000	255.5000	0.0093	0.0000
16	240000	480000	255.4800	0.0793	0.0000
12	96040000	96110000	255.4800	0.0259	0.0000
1	86920000	86980000	255.4800	0.0189	0.0000
1	59690000	59930000	255.4600	0.0899	0.0000
11	30930000	31240000	255.4600	0.0783	0.0000
5	92230000	92300000	255.4600	0.0081	0.0000
14	80410000	80750000	255.4400	0.0918	0.0000
12	90860000	91030000	255.4400	0.0249	0.0000
4	147060000	147580000	255.4200	0.0834	0.0000
1	16990000	17210000	255.4200	0.0585	0.0000
3	181220000	181370000	255.4200	0.0544	0.0000
21	34340000	34370000	255.4200	0.0156	0.0000
18	70130000	70340000	255.4000	0.0399	0.0000
5	13500000	13550000	255.4000	0.0223	0.0000
16	88350000	88380000	255.4000	0.0143	0.0000
12	97870000	98080000	255.3800	0.0395	0.0000
4	171290000	171340000	255.3800	0.0358	0.0000
9	14340000	14640000	255.3600	0.0878	0.0000
2	179800000	179970000	255.3600	0.0764	0.0000
12	49640000	49710000	255.3600	0.0524	0.0000
14	80100000	80150000	255.3400	0.0361	0.0000
5	17880000	18120000	255.3400	0.0329	0.0000
6	49400000	49420000	255.3400	0.0215	0.0000
8	86400000	86980000	255.3200	0.0950	0.0000
3	10080000	10600000	255.3200	0.0554	0.0000
12	32750000	33080000	255.3200	0.0451	0.0000
16	68790000	68860000	255.3200	0.0395	0.0000
2	67620000	67820000	255.3200	0.0293	0.0000
6	51940000	51990000	255.3200	0.0127	0.0000
18	13530000	13590000	255.3000	0.0476	0.0000
4	112660000	112720000	255.3000	0.0336	0.0000
3	63510000	63530000	255.3000	0.0131	0.0000
11	120120000	120380000	255.2800	0.0544	0.0000
20	44730000	44940000	255.2800	0.0442	0.0000
3	159540000	159650000	255.2800	0.0238	0.0000
3	119480000	119490000	255.2800	0.0095	0.0000
6	41020000	41750000	255.2600	0.1199	0.0000
2	227710000	227990000	255.2600	0.0559	0.0000
2	184250000	184750000	255.2600	0.0447	0.0000
13	71210000	71260000	255.2600	0.0287	0.0000
1	149890000	149940000	255.2600	0.0110	0.0000
2	224100000	224590000	255.2400	0.1688	0.0000
4	84510000	84950000	255.2400	0.0391	0.0000
5	42340000	42430000	255.2400	0.0306	0.0000
8	129480000	129580000	255.2400	0.0182	0.0000
5	83520000	83560000	255.2400	0.0103	0.0000
3	3730000	3850000	255.2200	0.0223	0.0000
3	148730000	148780000	255.2200	0.0177	0.0000
1	44560000	44600000	255.2200	0.0131	0.0000
6	118730000	118830000	255.2000	0.0459	0.0000
8	122580000	122890000	255.2000	0.0435	0.0000
3	172890000	173060000	255.2000	0.0359	0.0000
2	55870000	55970000	255.2000	0.0203	0.0000
5	156930000	157200000	255.1800	0.0627	0.0000
17	35220000	35390000	255.1800	0.0538	0.0000
8	118600000	118760000	255.1800	0.0438	0.0000
9	14170000	14310000	255.1600	0.0808	0.0000
18	1930000	1970000	255.1600	0.0200	0.0000
10	117950000	118510000	255.1400	0.0924	0.0000
17	43460000	43600000	255.1400	0.0355	0.0000
10	29680000	29740000	255.1400	0.0277	0.0000
4	144730000	144740000	255.1400	0.0059	0.0000
7	117140000	117260000	255.1200	0.0412	0.0000
13	49980000	50030000	255.1200	0.0300	0.0000
1	13770000	13970000	255.1200	0.0292	0.0000
1	3440000	3600000	255.1200	0.0261	0.0000
19	10300000	10330000	255.1200	0.0201	0.0000
3	183970000	183980000	255.1200	0.0113	0.0000
17	63460000	63810000	255.1000	0.2011	0.0000
11	106630000	107010000	255.1000	0.0733	0.0000
11	111420000	111530000	255.1000	0.0222	0.0000
9	113370000	113410000	255.1000	0.0201	0.0000
2	190260000	190280000	255.1000	0.0188	0.0000
7	159200000	159220000	255.1000	0.0162	0.0000
6	2490000	2550000	255.1000	0.0115	0.0000
4	133020000	133780000	255.0800	0.1087	0.0000
10	35190000	35280000	255.0800	0.0826	0.0000
4	34120000	34170000	255.0800	0.0366	0.0000
6	36710000	36750000	255.0800	0.0232	0.0000
16	50580000	50610000	255.0800	0.0177	0.0000
3	118420000	118650000	255.0600	0.0511	0.0000
12	125370000	125790000	255.0400	0.1048	0.0000
4	173820000	174210000	255.0400	0.0686	0.0000
6	161810000	162580000	255.0400	0.0681	0.0000
7	134540000	134550000	255.0400	0.0025	0.0000
7	126930000	127070000	255.0200	0.0347	0.0000
5	52420000	52520000	255.0200	0.0167	0.0000
5	14730000	14820000	255.0000	0.0748	0.0000
1	113720000	113930000	255.0000	0.0477	0.0000
3	142000000	142130000	255.0000	0.0219	0.0000
1	9480000	9570000	255.0000	0.0196	0.0000
12	6360000	6580000	254.9800	0.1649	0.0000
8	91240000	91420000	254.9800	0.0713	0.0000
8	24760000	24830000	254.9800	0.0098	0.0000
12	81280000	81660000	254.9600	0.0901	0.0000
19	12970000	13040000	254.9600	0.0205	0.0000
1	235420000	235430000	254.9600	0.0104	0.0000
13	71960000	72180000	254.9400	0.0442	0.0000
21	28890000	28950000	254.9400	0.0392	0.0000
12	45730000	45790000	254.9400	0.0271	0.0000
1	164780000	165690000	254.9200	0.2833	0.0000
9	33170000	33340000	254.9200	0.0893	0.0000
2	221580000	221850000	254.9200	0.0714	0.0000
8	61710000	61740000	254.9200	0.0272	0.0000
1	9000000	9040000	254.9200	0.0068	0.0000
12	98790000	98860000	254.9000	0.0309	0.0000
4	55090000	55170000	254.9000	0.0221	0.0000
2	18450000	18510000	254.9000	0.0198	0.0000
7	139490000	140100000	254.8800	0.0527	0.0000
13	69400000	69780000	254.8600	0.0417	0.0000
9	2030000	2080000	254.8600	0.0200	0.0000
9	26360000	26390000	254.8600	0.0054	0.0000
17	76780000	76980000	254.8400	0.0519	0.0000
5	167090000	167260000	254.8400	0.0369	0.0000
13	96350000	97090000	254.8400	0.0169	0.0000
16	7590000	7750000	254.8200	0.0453	0.0000
3	139610000	140250000	254.8200	0.0405	0.0000
2	12650000	12920000	254.8200	0.0280	0.0000
8	94900000	94910000	254.8200	0.0116	0.0000
22	50150000	50430000	254.8000	0.0635	0.0000
9	137360000	137460000	254.8000	0.0486	0.0000
5	27570000	27720000	254.8000	0.0335	0.0000
7	20500000	20660000	254.8000	0.0214	0.0000
16	520000	590000	254.7800	0.0490	0.0000
14	45020000	45160000	254.7800	0.0335	0.0000
10	94170000	94500000	254.7600	0.0562	0.0000
7	2210000	2260000	254.7600	0.0236	0.0000
7	46040000	46090000	254.7600	0.0173	0.0000
9	18470000	18550000	254.7400	0.0321	0.0000
14	73120000	73200000	254.7400	0.0212	0.0000
9	15310000	15510000	254.7200	0.0765	0.0000
8	64260000	64380000	254.7200	0.0461	0.0000
4	6720000	6730000	254.7200	0.0033	0.0000
9	93510000	93690000	254.7000	0.0592	0.0000
11	11850000	12020000	254.7000	0.0397	0.0000
7	55380000	55510000	254.7000	0.0325	0.0000
5	79640000	79650000	254.7000	0.0136	0.0000
1	32060000	32200000	254.6800	0.0496	0.0000
1	218170000	218230000	254.6800	0.0331	0.0000
9	128630000	128690000	254.6800	0.0266	0.0000
16	22740000	22770000	254.6800	0.0206	0.0000
7	13420000	13490000	254.6600	0.0529	0.0000
3	71890000	71960000	254.6400	0.0323	0.0000
16	83810000	83840000	254.6400	0.0194	0.0000
7	141670000	141690000	254.6400	0.0170	0.0000
3	127600000	127720000	254.6200	0.0324	0.0000
22	17740000	17870000	254.6200	0.0292	0.0000
12	25880000	26670000	254.6000	0.0957	0.0000
4	29930000	30200000	254.6000	0.0457	0.0000
3	48450000	48570000	254.6000	0.0249	0.0000
22	43170000	43330000	254.5800	0.0626	0.0000
3	98140000	98300000	254.5800	0.0588	0.0000
5	167500000	167550000	254.5800	0.0344	0.0000
3	78780000	78850000	254.5800	0.0237	0.0000
22	42860000	42870000	254.5800	0.0108	0.0000
10	28870000	29030000	254.5600	0.0666	0.0000
1	198490000	198510000	254.5600	0.0118	0.0000
18	3780000	4330000	254.5400	0.3254	0.0000
9	119200000	119570000	254.5400	0.1272	0.0000
3	178540000	178800000	254.5400	0.1200	0.0000
3	107170000	107220000	254.5400	0.0244	0.0000
19	16080000	16100000	254.5400	0.0174	0.0000
4	62160000	62370000	254.5400	0.0123	0.0000
3	153180000	153230000	254.5400	0.0111	0.0000
12	87490000	87820000	254.5200	0.1685	0.0000
7	95960000	96080000	254.5200	0.0697	0.0000
1	162940000	163230000	254.5200	0.0571	0.0000
14	34160000	34300000	254.5000	0.0515	0.0000
7	5440000	5730000	254.5000	0.0476	0.0000
12	122290000	122410000	254.5000	0.0275	0.0000
11	27550000	27810000	254.4800	0.0486	0.0000
4	19000000	19930000	254.4800	0.0415	0.0000
3	59380000	59460000	254.4800	0.0367	0.0000
9	130080000	130110000	254.4800	0.0356	0.0000
19	48710000	48810000	254.4800	0.0307	0.0000
13	30900000	31070000	254.4800	0.0296	0.0000
22	39430000	39500000	254.4800	0.0233	0.0000
16	23450000	24020000	254.4600	0.1385	0.0000
10	68440000	69070000	254.4600	0.1141	0.0000
2	191110000	191200000	254.4600	0.0297	0.0000
1	217880000	217950000	254.4600	0.0151	0.0000
4	28340000	28630000	254.4400	0.0653	0.0000
18	35200000	35240000	254.4400	0.0112	0.0000
12	92580000	92600000	254.4400	0.0083	0.0000
3	38810000	38910000	254.4200	0.0217	0.0000
20	32710000	32780000	254.4000	0.0182	0.0000
12	43080000	43120000	254.4000	0.0160	0.0000
3	51870000	52210000	254.3800	0.0870	0.0000
2	150720000	151200000	254.3800	0.0679	0.0000
1	203450000	203890000	254.3600	0.1080	0.0000
3	74020000	74270000	254.3600	0.0559	0.0000
13	112970000	113060000	254.3600	0.0275	0.0000
13	27620000	27960000	254.3600	0.0272	0.0000
7	15140000	15210000	254.3600	0.0158	0.0000
10	7350000	7720000	254.3400	0.0961	0.0000
5	62030000	62160000	254.3400	0.0880	0.0000
19	3750000	3810000	254.3400	0.0612	0.0000
6	163120000	163220000	254.3200	0.0606	0.0000
20	10840000	11000000	254.3200	0.0416	0.0000
9	137020000	137120000	254.3200	0.0379	0.0000
1	225430000	225500000	254.3200	0.0308	0.0000
2	83960000	84100000	254.2800	0.0737	0.0000
15	63620000	63690000	254.2600	0.0199	0.0000
5	880000	910000	254.2600	0.0189	0.0000
12	80310000	80560000	254.2400	0.0617	0.0000
4	61400000	61510000	254.2400	0.0608	0.0000
8	85860000	86040000	254.2400	0.0533	0.0000
21	42640000	42750000	254.2400	0.0291	0.0000
12	34570000	34650000	254.2400	0.0177	0.0000
2	160600000	160670000	254.2200	0.0264	0.0000
11	101250000	101620000	254.2200	0.0252	0.0000
6	47800000	48020000	254.2000	0.1008	0.0000
3	159130000	159280000	254.2000	0.0365	0.0000
1	6430000	6460000	254.2000	0.0254	0.0000
6	70180000	70260000	254.2000	0.0226	0.0000
19	3950000	3970000	254.2000	0.0183	0.0000
2	108420000	108500000	254.1800	0.0623	0.0000
4	101660000	101720000	254.1800	0.0468	0.0000
20	63310000	63460000	254.1800	0.0339	0.0000
1	44970000	45160000	254.1800	0.0336	0.0000
7	82050000	82120000	254.1800	0.0196	0.0000
22	23680000	23830000	254.1800	0.0093	0.0000
1	156470000	156480000	254.1800	0.0077	0.0000
12	15990000	16420000	254.1600	0.1039	0.0000
17	75520000	75700000	254.1600	0.0855	0.0000
8	135470000	135830000	254.1600	0.0678	0.0000
4	156380000	156550000	254.1600	0.0336	0.0000
7	2410000	2480000	254.1600	0.0207	0.0000
2	214240000	214490000	254.1400	0.0620	0.0000
1	79350000	79370000	254.1400	0.0146	0.0000
9	128150000	128520000	254.1200	0.0714	0.0000
2	27330000	27460000	254.1200	0.0500	0.0000
9	131430000	131490000	254.1200	0.0423	0.0000
1	145830000	145930000	254.1200	0.0137	0.0000
11	5660000	5780000	254.1000	0.0618	0.0000
1	31260000	32040000	254.1000	0.0414	0.0000
6	132070000	132290000	254.1000	0.0361	0.0000
16	75550000	75590000	254.1000	0.0326	0.0000
10	114560000	114590000	254.1000	0.0185	0.0000
19	18060000	18090000	254.1000	0.0174	0.0000
