15	63620000	64590000	277.0400	0.1530	0.0000
17	75790000	75920000	275.1400	0.0599	0.0000
2	136170000	136330000	274.9600	0.0454	0.0000
16	57380000	58090000	274.7400	0.0678	0.0000
3	52200000	53040000	274.5200	0.1222	0.0000
2	232950000	233470000	274.4000	0.1236	0.0000
9	35630000	36120000	272.6200	0.0612	0.0000
10	73740000	74390000	272.4800	0.1638	0.0000
6	33410000	34200000	272.4400	0.0608	0.0000
6	36140000	37050000	270.4600	0.1775	0.0000
12	91580000	92140000	270.2600	0.0617	0.0000
16	66930000	67530000	270.0200	0.1302	0.0000
6	42520000	43360000	269.2600	0.0531	0.0000
3	141420000	141600000	269.2400	0.0731	0.0000
1	12070000	12510000	269.2200	0.1132	0.0000
1	35420000	36420000	268.8600	0.1045	0.0000
4	2160000	2920000	268.7800	0.0865	0.0000
22	37830000	38350000	268.5200	0.0784	0.0000
12	110300000	110720000	268.3800	0.0728	0.0000
3	45400000	46340000	268.1000	0.0584	0.0000
1	26180000	26690000	267.6000	0.0936	0.0000
2	27600000	28590000	267.5800	0.1579	0.0000
17	81980000	82250000	267.5000	0.0531	0.0000
10	119290000	119590000	267.2200	0.1090	0.0000
9	93060000	93330000	267.0800	0.0683	0.0000
12	122850000	122870000	267.0800	0.0071	0.0000
5	134390000	134580000	266.9200	0.0549	0.0000
1	206740000	206880000	266.9000	0.0458	0.0000
19	17620000	17890000	266.8400	0.0441	0.0000
17	8180000	8790000	266.8000	0.1667	0.0000
4	112980000	113450000	266.5400	0.0595	0.0000
17	77100000	77440000	266.3800	0.0708	0.0000
16	88480000	88560000	266.3200	0.0606	0.0000
12	111840000	112380000	266.2600	0.0810	0.0000
22	19910000	20140000	266.1400	0.0317	0.0000
9	136090000	136110000	266.1000	0.0174	0.0000
7	1890000	2060000	265.9200	0.0493	0.0000
4	6490000	7260000	265.9000	0.1708	0.0000
1	52340000	52500000	265.9000	0.0566	0.0000
11	65630000	66130000	265.8800	0.1276	0.0000
15	69670000	69760000	265.7000	0.0369	0.0000
12	55860000	56220000	265.6600	0.1173	0.0000
19	10570000	11050000	265.3000	0.1269	0.0000
11	85600000	85900000	265.1600	0.1274	0.0000
16	67880000	68580000	264.9000	0.1622	0.0000
3	43230000	43510000	264.8800	0.0602	0.0000
1	39900000	40360000	264.8400	0.0823	0.0000
16	10920000	11900000	264.8200	0.3719	0.0000
1	8070000	8400000	264.8200	0.0453	0.0000
18	23330000	23570000	264.8000	0.0832	0.0000
9	136380000	136720000	264.8000	0.0669	0.0000
3	48220000	48730000	264.7800	0.0834	0.0000
21	43630000	44070000	264.4400	0.0767	0.0000
11	47160000	47320000	264.4400	0.0738	0.0000
21	42140000	42310000	264.3200	0.0466	0.0000
2	240990000	241580000	264.2600	0.0820	0.0000
2	100500000	101440000	264.2400	0.0932	0.0000
22	41420000	42070000	264.2200	0.1074	0.0000
14	68420000	69410000	264.1800	0.1183	0.0000
14	92390000	92630000	264.1800	0.1132	0.0000
9	130410000	131220000	264.0800	0.1781	0.0000
17	39780000	40160000	264.0600	0.0877	0.0000
14	35180000	35470000	264.0600	0.0601	0.0000
3	105700000	106430000	263.9400	0.1495	0.0000
1	205600000	205870000	263.9400	0.0680	0.0000
9	37120000	37220000	263.7600	0.0317	0.0000
2	61300000	61870000	263.7000	0.0769	0.0000
8	132780000	133600000	263.6400	0.1244	0.0000
12	81960000	82930000	263.5200	0.1652	0.0000
8	63490000	64070000	263.4800	0.1179	0.0000
17	80730000	81160000	263.4800	0.0670	0.0000
19	47490000	47710000	263.4800	0.0609	0.0000
19	960000	1020000	263.4800	0.0391	0.0000
1	2420000	2510000	263.4600	0.0203	0.0000
22	37370000	37580000	263.3000	0.0859	0.0000
4	114260000	114990000	263.2200	0.1180	0.0000
4	88220000	88750000	263.2000	0.0720	0.0000
16	22300000	22350000	263.2000	0.0290	0.0000
2	64460000	64880000	263.1800	0.1152	0.0000
12	53580000	53660000	263.1800	0.0402	0.0000
1	145980000	146000000	263.1600	0.0297	0.0000
14	100400000	100770000	263.1200	0.0686	0.0000
14	78460000	79150000	262.9800	0.1435	0.0000
3	30280000	30540000	262.9600	0.0448	0.0000
17	2160000	2910000	262.9200	0.1114	0.0000
5	177220000	177570000	262.9200	0.0901	0.0000
13	40010000	40330000	262.9200	0.0704	0.0000
17	32360000	32560000	262.8800	0.0416	0.0000
13	101820000	102450000	262.8600	0.0935	0.0000
17	3870000	3980000	262.7600	0.0447	0.0000
6	157810000	158800000	262.7000	0.0702	0.0000
17	36950000	37640000	262.6400	0.0613	0.0000
20	32110000	32840000	262.5000	0.1906	0.0000
17	55570000	55800000	262.4600	0.0228	0.0000
4	44800000	45460000	262.4400	0.1175	0.0000
2	25190000	25420000	262.3800	0.0714	0.0000
9	127750000	127920000	262.2200	0.0249	0.0000
3	182840000	182910000	262.2200	0.0241	0.0000
10	110030000	110980000	262.1800	0.1332	0.0000
22	20380000	20600000	262.1400	0.0430	0.0000
22	37050000	37140000	262.1000	0.0397	0.0000
19	6170000	6980000	262.0600	0.1171	0.0000
11	105190000	105990000	262.0400	0.1920	0.0000
17	76020000	76050000	262.0200	0.0203	0.0000
12	76870000	77170000	262.0000	0.0745	0.0000
1	150980000	151140000	261.9800	0.0393	0.0000
16	1360000	1510000	261.9800	0.0269	0.0000
8	22290000	22750000	261.8800	0.0784	0.0000
2	218230000	218420000	261.8800	0.0357	0.0000
16	27450000	27500000	261.8600	0.0217	0.0000
5	7430000	7830000	261.8400	0.0581	0.0000
17	50410000	51040000	261.8000	0.1068	0.0000
11	740000	930000	261.8000	0.0600	0.0000
17	57460000	58190000	261.7200	0.1181	0.0000
17	65070000	65550000	261.7000	0.0686	0.0000
8	48540000	48790000	261.6400	0.0699	0.0000
1	24540000	25230000	261.6200	0.1365	0.0000
11	14320000	14570000	261.6000	0.0512	0.0000
21	36030000	36530000	261.5400	0.1208	0.0000
10	91800000	91850000	261.5400	0.0135	0.0000
10	5690000	6370000	261.5200	0.1528	0.0000
5	127210000	127440000	261.5200	0.0415	0.0000
1	113720000	113930000	261.5200	0.0359	0.0000
7	150860000	151790000	261.5000	0.1253	0.0000
12	67530000	67580000	261.5000	0.0145	0.0000
17	30810000	31020000	261.4800	0.0659	0.0000
14	63090000	63180000	261.4600	0.0357	0.0000
14	104700000	104810000	261.4600	0.0339	0.0000
22	39660000	40450000	261.4200	0.0924	0.0000
2	69690000	70030000	261.4200	0.0897	0.0000
13	36270000	36940000	261.3800	0.1529	0.0000
3	191850000	192740000	261.3800	0.0868	0.0000
4	12930000	13080000	261.3800	0.0665	0.0000
20	33620000	33690000	261.3800	0.0234	0.0000
7	51000000	51250000	261.3400	0.0610	0.0000
21	45470000	45760000	261.3400	0.0393	0.0000
12	83250000	83540000	261.2800	0.0515	0.0000
12	52540000	53490000	261.2600	0.1580	0.0000
1	178340000	178470000	261.2200	0.0324	0.0000
11	72440000	73030000	261.1600	0.1440	0.0000
1	41410000	41940000	261.1600	0.0604	0.0000
17	77990000	78480000	261.1400	0.1711	0.0000
2	53750000	54260000	261.0800	0.0900	0.0000
3	46820000	47210000	261.0400	0.0929	0.0000
19	19230000	19380000	261.0400	0.0540	0.0000
11	75250000	75670000	261.0000	0.0773	0.0000
6	41760000	42420000	260.9400	0.0496	0.0000
11	121230000	121430000	260.9200	0.0434	0.0000
16	81320000	81760000	260.8600	0.0741	0.0000
12	132420000	132550000	260.8600	0.0321	0.0000
14	64000000	64680000	260.8200	0.1102	0.0000
18	32300000	32870000	260.8000	0.0512	0.0000
7	21250000	21490000	260.8000	0.0488	0.0000
14	39790000	39920000	260.8000	0.0283	0.0000
20	62260000	62820000	260.7200	0.1069	0.0000
9	104270000	104610000	260.7000	0.0668	0.0000
11	78160000	78260000	260.6800	0.0598	0.0000
19	1110000	1240000	260.6200	0.0448	0.0000
1	10620000	10680000	260.5600	0.0256	0.0000
14	24120000	24270000	260.5400	0.0741	0.0000
20	35570000	35910000	260.5000	0.0499	0.0000
19	44910000	45430000	260.5000	0.0475	0.0000
6	37050000	38030000	260.4800	0.1336	0.0000
20	280000	510000	260.4800	0.0534	0.0000
3	176100000	176270000	260.4600	0.0305	0.0000
1	27090000	27770000	260.4200	0.0970	0.0000
10	43170000	43360000	260.4200	0.0450	0.0000
21	45900000	46320000	260.4000	0.0448	0.0000
2	30070000	30570000	260.3800	0.1292	0.0000
7	2870000	3110000	260.3800	0.1032	0.0000
20	4770000	5720000	260.3600	0.1234	0.0000
22	23080000	23300000	260.3400	0.0275	0.0000
17	63910000	64000000	260.3200	0.0318	0.0000
15	48110000	48600000	260.3000	0.1540	0.0000
6	142810000	142880000	260.3000	0.0287	0.0000
2	96070000	96180000	260.2400	0.0346	0.0000
6	12060000	12150000	260.2400	0.0230	0.0000
17	67160000	67740000	260.2200	0.1415	0.0000
3	12430000	12900000	260.2200	0.0510	0.0000
17	45200000	45410000	260.1800	0.0356	0.0000
16	510000	590000	260.1200	0.0331	0.0000
3	131510000	132350000	260.0600	0.1489	0.0000
22	44260000	44950000	260.0400	0.2730	0.0000
10	74600000	75100000	260.0400	0.0723	0.0000
22	20780000	21080000	260.0200	0.0440	0.0000
22	45530000	46380000	260.0000	0.1821	0.0000
8	11730000	11920000	260.0000	0.0524	0.0000
9	126300000	126510000	259.9400	0.0213	0.0000
3	51380000	51600000	259.9200	0.0194	0.0000
11	47580000	47990000	259.8800	0.1026	0.0000
17	47610000	48510000	259.8400	0.1515	0.0000
20	63650000	64160000	259.8400	0.1121	0.0000
8	144040000	144330000	259.8000	0.0521	0.0000
17	39580000	39730000	259.7400	0.0593	0.0000
8	13480000	13760000	259.7000	0.0376	0.0000
3	18470000	18820000	259.7000	0.0264	0.0000
2	237820000	238450000	259.6800	0.0911	0.0000
19	40090000	40530000	259.6800	0.0764	0.0000
2	229940000	230280000	259.6400	0.0678	0.0000
16	30400000	30610000	259.5800	0.1056	0.0000
2	96540000	97010000	259.5800	0.0834	0.0000
1	153520000	153800000	259.5800	0.0573	0.0000
14	99230000	99270000	259.5800	0.0292	0.0000
17	76120000	76540000	259.5600	0.0714	0.0000
4	162490000	163490000	259.5200	0.0931	0.0000
14	74810000	75540000	259.5000	0.0392	0.0000
19	41390000	41450000	259.5000	0.0289	0.0000
3	49100000	49130000	259.4800	0.0217	0.0000
1	235880000	236030000	259.4600	0.0542	0.0000
19	8590000	8650000	259.4600	0.0114	0.0000
2	152800000	153180000	259.4200	0.0399	0.0000
14	97370000	98100000	259.4000	0.1344	0.0000
10	67250000	67620000	259.4000	0.0815	0.0000
2	60700000	60930000	259.4000	0.0370	0.0000
19	2110000	2380000	259.3600	0.2809	0.0000
9	113660000	113840000	259.3600	0.0852	0.0000
4	1140000	1240000	259.3400	0.0193	0.0000
6	118730000	118830000	259.3000	0.0294	0.0000
11	46130000	46950000	259.2800	0.1250	0.0000
1	53060000	53890000	259.2800	0.1151	0.0000
1	167150000	167400000	259.2400	0.0507	0.0000
3	180180000	180350000	259.2200	0.0344	0.0000
17	81450000	81630000	259.1800	0.0389	0.0000
11	82830000	83150000	259.1400	0.0514	0.0000
11	61250000	61440000	259.1200	0.0759	0.0000
18	48700000	48980000	259.0800	0.0442	0.0000
20	33740000	34210000	259.0600	0.0916	0.0000
14	105320000	105480000	259.0600	0.0742	0.0000
12	56990000	57350000	259.0400	0.1090	0.0000
3	188740000	189320000	259.0000	0.0786	0.0000
2	192170000	192400000	258.9600	0.0828	0.0000
19	41870000	42400000	258.9200	0.0669	0.0000
2	184450000	184780000	258.9200	0.0372	0.0000
8	18360000	18580000	258.8600	0.0522	0.0000
6	2720000	3060000	258.8400	0.0776	0.0000
7	1380000	1640000	258.8400	0.0632	0.0000
12	63870000	64130000	258.8000	0.0558	0.0000
4	8150000	8270000	258.8000	0.0538	0.0000
7	13400000	13630000	258.7600	0.0260	0.0000
7	36590000	36870000	258.7400	0.1188	0.0000
2	114380000	114580000	258.7400	0.0327	0.0000
18	53290000	53510000	258.7200	0.0329	0.0000
11	2070000	2590000	258.6800	0.1764	0.0000
7	105730000	106090000	258.6800	0.0980	0.0000
9	4630000	4750000	258.6800	0.0339	0.0000
3	129500000	129640000	258.6800	0.0230	0.0000
2	157280000	157370000	258.6400	0.0408	0.0000
15	40280000	40650000	258.6000	0.0774	0.0000
9	133430000	133780000	258.6000	0.0593	0.0000
11	30710000	31380000	258.5600	0.0594	0.0000
14	98770000	98960000	258.5600	0.0427	0.0000
6	123480000	123710000	258.5400	0.0420	0.0000
16	89670000	90000000	258.5200	0.0797	0.0000
1	160950000	161350000	258.5200	0.0726	0.0000
7	107180000	107220000	258.5000	0.0247	0.0000
6	30770000	31180000	258.4800	0.1305	0.0000
3	128010000	128730000	258.4600	0.0863	0.0000
1	77130000	77990000	258.4600	0.0597	0.0000
3	47310000	47740000	258.4400	0.0737	0.0000
11	27550000	27810000	258.4400	0.0420	0.0000
8	74420000	74470000	258.4400	0.0109	0.0000
1	85550000	85600000	258.4200	0.0254	0.0000
14	41310000	41390000	258.4200	0.0223	0.0000
20	49490000	50460000	258.4000	0.1709	0.0000
5	146170000	146320000	258.4000	0.0438	0.0000
11	128410000	128510000	258.4000	0.0402	0.0000
4	84500000	84920000	258.3800	0.0573	0.0000
6	14620000	14870000	258.3800	0.0446	0.0000
13	71210000	71230000	258.3600	0.0090	0.0000
17	28330000	29290000	258.3400	0.2053	0.0000
17	79930000	80240000	258.3200	0.0819	0.0000
14	102020000	102080000	258.3200	0.0358	0.0000
2	225720000	226320000	258.3000	0.1072	0.0000
10	103310000	103840000	258.3000	0.0842	0.0000
13	39380000	39670000	258.3000	0.0527	0.0000
11	67090000	67590000	258.3000	0.0521	0.0000
15	90070000	90140000	258.2800	0.0283	0.0000
15	35520000	36460000	258.2600	0.1049	0.0000
13	30470000	30810000	258.2400	0.0973	0.0000
15	42600000	43210000	258.1800	0.1152	0.0000
3	191050000	191280000	258.1600	0.0613	0.0000
11	131800000	132310000	258.1600	0.0417	0.0000
8	18930000	19040000	258.1600	0.0302	0.0000
16	56420000	57240000	258.1400	0.1697	0.0000
19	1790000	2000000	258.1200	0.0762	0.0000
13	90910000	91370000	258.1200	0.0389	0.0000
17	29370000	29800000	258.0800	0.0763	0.0000
1	15240000	16180000	258.0400	0.1787	0.0000
7	124560000	124900000	258.0400	0.0597	0.0000
3	4830000	4990000	258.0400	0.0472	0.0000
14	41430000	41720000	258.0400	0.0411	0.0000
12	54120000	54710000	258.0200	0.1451	0.0000
1	73760000	74430000	258.0200	0.1119	0.0000
1	203460000	203880000	258.0000	0.0840	0.0000
1	28590000	29160000	258.0000	0.0818	0.0000
1	19280000	19470000	257.9800	0.0734	0.0000
8	142500000	142600000	257.9800	0.0403	0.0000
1	78850000	79480000	257.9400	0.0841	0.0000
11	11790000	12010000	257.9400	0.0514	0.0000
5	38780000	38960000	257.9400	0.0410	0.0000
5	87000000	87310000	257.9400	0.0320	0.0000
1	234860000	235310000	257.9000	0.0755	0.0000
16	77020000	77470000	257.9000	0.0580	0.0000
4	18510000	18690000	257.8600	0.0297	0.0000
10	132210000	132450000	257.8000	0.0654	0.0000
7	136120000	136310000	257.8000	0.0414	0.0000
5	140610000	140690000	257.7800	0.0226	0.0000
6	109040000	109080000	257.7600	0.0253	0.0000
17	16180000	16350000	257.7400	0.0298	0.0000
4	79610000	79810000	257.7200	0.0447	0.0000
7	19720000	19840000	257.7200	0.0281	0.0000
9	131470000	131640000	257.7000	0.0664	0.0000
3	28190000	28260000	257.7000	0.0254	0.0000
3	173220000	173700000	257.6800	0.0699	0.0000
3	182190000	182210000	257.6800	0.0084	0.0000
9	128870000	129010000	257.6600	0.0487	0.0000
4	38460000	39360000	257.6400	0.1026	0.0000
4	17170000	17420000	257.6400	0.0440	0.0000
12	84760000	84890000	257.6400	0.0193	0.0000
16	4380000	4400000	257.6000	0.0110	0.0000
3	168920000	169610000	257.5800	0.1237	0.0000
9	71640000	71710000	257.5800	0.0368	0.0000
10	124270000	124890000	257.5600	0.0915	0.0000
13	108220000	108230000	257.5600	0.0115	0.0000
21	24430000	24960000	257.5200	0.1348	0.0000
19	15090000	15490000	257.5200	0.0818	0.0000
9	130080000	130220000	257.5200	0.0435	0.0000
21	20870000	21080000	257.5000	0.0659	0.0000
16	70630000	70770000	257.5000	0.0263	0.0000
3	141200000	141250000	257.4800	0.0256	0.0000
4	178040000	178470000	257.4600	0.0431	0.0000
4	163680000	163980000	257.4400	0.0703	0.0000
6	47800000	48050000	257.4400	0.0623	0.0000
11	119020000	119300000	257.4000	0.0656	0.0000
4	160180000	160860000	257.3600	0.0525	0.0000
16	31320000	31530000	257.3600	0.0315	0.0000
17	7170000	7230000	257.3400	0.0277	0.0000
1	173820000	174220000	257.3200	0.0766	0.0000
5	180390000	180830000	257.2800	0.0463	0.0000
1	100880000	101430000	257.2600	0.0471	0.0000
1	228210000	228400000	257.2400	0.0306	0.0000
22	29540000	30310000	257.2200	0.1779	0.0000
3	116580000	117400000	257.2200	0.1148	0.0000
14	33230000	33560000	257.2200	0.0618	0.0000
2	234060000	234590000	257.2000	0.0707	0.0000
20	38040000	38110000	257.2000	0.0433	0.0000
3	15580000	15700000	257.1800	0.0408	0.0000
9	69530000	70180000	257.1600	0.0890	0.0000
22	43830000	44200000	257.1600	0.0590	0.0000
17	75530000	75710000	257.1600	0.0483	0.0000
14	95410000	95510000	257.1600	0.0243	0.0000
17	82390000	82450000	257.1400	0.0336	0.0000
14	20420000	20560000	257.1000	0.0250	0.0000
1	43550000	44100000	257.0800	0.0599	0.0000
12	47070000	47510000	257.0800	0.0543	0.0000
17	74450000	75230000	257.0600	0.1460	0.0000
18	25000000	25990000	257.0600	0.1170	0.0000
3	53260000	53320000	257.0600	0.0314	0.0000
11	126310000	126330000	257.0600	0.0109	0.0000
19	12970000	13090000	257.0200	0.0416	0.0000
19	2510000	2580000	257.0200	0.0308	0.0000
7	27990000	28160000	256.9800	0.0382	0.0000
19	8460000	8540000	256.9800	0.0333	0.0000
11	47380000	47480000	256.9600	0.0481	0.0000
14	22730000	23270000	256.9400	0.1135	0.0000
4	137350000	137950000	256.9400	0.0727	0.0000
12	390000	750000	256.9400	0.0598	0.0000
11	4620000	4910000	256.9400	0.0319	0.0000
3	130540000	130680000	256.9400	0.0276	0.0000
1	69960000	70110000	256.9400	0.0231	0.0000
3	56280000	56360000	256.9200	0.0307	0.0000
5	76260000	76360000	256.9200	0.0299	0.0000
16	4600000	4900000	256.9000	0.1253	0.0000
6	70180000	70260000	256.9000	0.0188	0.0000
3	7550000	7680000	256.8600	0.0331	0.0000
19	34960000	35110000	256.8200	0.0737	0.0000
19	17290000	17580000	256.8200	0.0431	0.0000
20	44890000	45060000	256.8200	0.0391	0.0000
11	28400000	28980000	256.7800	0.0497	0.0000
5	172790000	173150000	256.7600	0.0506	0.0000
13	108550000	108710000	256.7600	0.0320	0.0000
15	87790000	87800000	256.7400	0.0080	0.0000
9	26490000	26750000	256.7000	0.0240	0.0000
12	90110000	90930000	256.6600	0.0809	0.0000
20	6230000	6600000	256.6600	0.0392	0.0000
10	132770000	132780000	256.6600	0.0055	0.0000
5	83220000	83660000	256.6400	0.1006	0.0000
8	28900000	29400000	256.6400	0.0567	0.0000
9	98980000	99100000	256.6000	0.0393	0.0000
6	49160000	49780000	256.5800	0.0619	0.0000
16	75860000	75940000	256.5800	0.0325	0.0000
14	22550000	22560000	256.5400	0.0162	0.0000
7	125640000	125670000	256.5200	0.0138	0.0000
8	122590000	122830000	256.5000	0.0445	0.0000
19	19030000	19100000	256.5000	0.0321	0.0000
8	118580000	118660000	256.5000	0.0309	0.0000
11	83920000	84460000	256.4800	0.0619	0.0000
2	18450000	18510000	256.4800	0.0217	0.0000
17	3990000	4780000	256.4400	0.2210	0.0000
4	182420000	182510000	256.4200	0.0575	0.0000
10	82820000	82950000	256.4200	0.0310	0.0000
8	130680000	130860000	256.4200	0.0181	0.0000
2	204170000	204770000	256.4000	0.1208	0.0000
17	17620000	18090000	256.4000	0.1048	0.0000
3	122470000	122620000	256.4000	0.0235	0.0000
7	111540000	111910000	256.3800	0.0786	0.0000
7	128310000	128450000	256.3800	0.0547	0.0000
2	86050000	86190000	256.3800	0.0335	0.0000
3	157390000	157550000	256.3800	0.0306	0.0000
4	111420000	112110000	256.3600	0.0774	0.0000
11	64520000	65060000	256.3600	0.0617	0.0000
22	26400000	26600000	256.3600	0.0381	0.0000
22	50140000	50420000	256.3400	0.0550	0.0000
18	38750000	38870000	256.3400	0.0497	0.0000
13	105180000	105370000	256.3400	0.0325	0.0000
16	2010000	2090000	256.3200	0.0425	0.0000
5	98860000	98910000	256.3200	0.0259	0.0000
4	74530000	75060000	256.3000	0.0790	0.0000
12	14510000	14550000	256.3000	0.0187	0.0000
2	127070000	127350000	256.2800	0.0459	0.0000
7	131120000	131380000	256.2800	0.0437	0.0000
3	152010000	152240000	256.2600	0.0476	0.0000
16	23750000	24170000	256.2400	0.0948	0.0000
21	30160000	31090000	256.2200	0.1474	0.0000
5	62970000	63420000	256.2000	0.0834	0.0000
3	16190000	16690000	256.2000	0.0561	0.0000
4	55080000	55240000	256.1400	0.0244	0.0000
2	198330000	198450000	256.1200	0.0454	0.0000
1	89640000	90070000	256.1000	0.0522	0.0000
2	7340000	7570000	256.1000	0.0357	0.0000
5	4920000	5200000	256.0800	0.0441	0.0000
2	12180000	12490000	256.0800	0.0358	0.0000
10	66400000	67210000	256.0600	0.0751	0.0000
16	6600000	6810000	256.0600	0.0460	0.0000
15	92890000	92920000	256.0600	0.0252	0.0000
21	34310000	34370000	256.0400	0.0367	0.0000
8	16990000	17130000	256.0400	0.0282	0.0000
5	103520000	103640000	256.0200	0.0367	0.0000
11	92010000	92430000	256.0200	0.0280	0.0000
3	178140000	178760000	255.9800	0.0817	0.0000
2	105610000	105710000	255.9800	0.0433	0.0000
19	4970000	5140000	255.9200	0.0543	0.0000
3	49040000	49080000	255.9200	0.0199	0.0000
2	201110000	201120000	255.9200	0.0074	0.0000
12	119560000	120510000	255.9000	0.0849	0.0000
7	105020000	105430000	255.8800	0.0567	0.0000
14	103510000	104250000	255.8600	0.1543	0.0000
3	12950000	13950000	255.8600	0.1079	0.0000
17	35120000	35370000	255.8600	0.0715	0.0000
11	102080000	102270000	255.8400	0.0405	0.0000
6	139260000	139300000	255.8400	0.0189	0.0000
1	225390000	226370000	255.8200	0.1530	0.0000
7	2420000	2490000	255.8200	0.0195	0.0000
8	60790000	61040000	255.8000	0.0737	0.0000
1	205010000	205210000	255.8000	0.0488	0.0000
2	8550000	8600000	255.8000	0.0298	0.0000
17	78650000	79060000	255.7800	0.0480	0.0000
13	59760000	59920000	255.7600	0.0382	0.0000
15	75320000	75450000	255.7400	0.0499	0.0000
15	65580000	66200000	255.7400	0.0447	0.0000
12	55710000	55820000	255.7400	0.0292	0.0000
2	85920000	85960000	255.7200	0.0144	0.0000
7	11180000	12170000	255.6800	0.1317	0.0000
5	15300000	16030000	255.6800	0.0658	0.0000
13	93550000	93960000	255.6800	0.0457	0.0000
5	179770000	179920000	255.6800	0.0399	0.0000
15	67400000	67410000	255.6600	0.0088	0.0000
1	155240000	155440000	255.6400	0.1016	0.0000
12	107230000	107640000	255.6400	0.0668	0.0000
10	35010000	35310000	255.6200	0.0587	0.0000
1	60050000	60380000	255.6200	0.0558	0.0000
3	148250000	148350000	255.6200	0.0389	0.0000
2	161540000	161880000	255.6000	0.0453	0.0000
4	156890000	157620000	255.6000	0.0394	0.0000
5	80180000	80190000	255.6000	0.0122	0.0000
10	68790000	69510000	255.5800	0.1322	0.0000
5	98650000	98750000	255.5800	0.0296	0.0000
20	57580000	58480000	255.5600	0.1316	0.0000
7	118520000	118920000	255.5400	0.0560	0.0000
18	10810000	10870000	255.5400	0.0312	0.0000
5	31040000	31450000	255.5200	0.0461	0.0000
17	5200000	5410000	255.5200	0.0391	0.0000
2	241810000	241890000	255.5000	0.0273	0.0000
21	43270000	43380000	255.5000	0.0186	0.0000
12	62800000	63200000	255.4800	0.0730	0.0000
7	155680000	155730000	255.4800	0.0146	0.0000
6	35870000	36110000	255.4600	0.1567	0.0000
7	96870000	97270000	255.4600	0.0838	0.0000
6	77560000	77590000	255.4400	0.0148	0.0000
17	35800000	36050000	255.4200	0.0968	0.0000
5	132220000	132400000	255.4200	0.0570	0.0000
5	39220000	39310000	255.4200	0.0310	0.0000
6	97280000	97480000	255.3800	0.0587	0.0000
16	89130000	89150000	255.3800	0.0125	0.0000
10	11810000	12720000	255.3600	0.1334	0.0000
6	53950000	54060000	255.3600	0.0469	0.0000
16	85910000	86010000	255.3600	0.0333	0.0000
8	142900000	143620000	255.3400	0.1562	0.0000
3	37160000	37190000	255.3400	0.0338	0.0000
18	12700000	13310000	255.3200	0.0686	0.0000
6	90270000	90480000	255.3200	0.0619	0.0000
12	56280000	56620000	255.3200	0.0542	0.0000
3	29510000	29550000	255.3200	0.0136	0.0000
2	168090000	168630000	255.3000	0.0516	0.0000
2	68160000	68220000	255.3000	0.0501	0.0000
10	15180000	15200000	255.3000	0.0137	0.0000
6	162460000	162530000	255.3000	0.0083	0.0000
15	36790000	37030000	255.2800	0.0465	0.0000
13	113750000	113880000	255.2800	0.0443	0.0000
3	98720000	98830000	255.2800	0.0412	0.0000
1	218020000	218270000	255.2800	0.0392	0.0000
16	50080000	50190000	255.2800	0.0206	0.0000
20	3640000	4190000	255.2600	0.1373	0.0000
8	63030000	63480000	255.2600	0.0456	0.0000
9	107370000	107520000	255.2600	0.0313	0.0000
1	156470000	156480000	255.2600	0.0123	0.0000
4	149870000	150190000	255.2400	0.0376	0.0000
22	49570000	49810000	255.2200	0.0664	0.0000
13	49810000	49870000	255.2200	0.0233	0.0000
15	87370000	87420000	255.2000	0.0199	0.0000
13	91660000	91920000	255.1800	0.0542	0.0000
1	192230000	192470000	255.1800	0.0240	0.0000
5	150200000	150460000	255.1600	0.0550	0.0000
7	129450000	130020000	255.1600	0.0505	0.0000
15	92950000	93210000	255.1600	0.0402	0.0000
17	17130000	17190000	255.1600	0.0328	0.0000
12	121080000	122080000	255.1400	0.1550	0.0000
17	41980000	42550000	255.1200	0.0775	0.0000
20	47210000	47750000	255.1000	0.1331	0.0000
8	49010000	49740000	255.1000	0.1006	0.0000
2	171170000	171230000	255.0800	0.0387	0.0000
12	87150000	87930000	255.0600	0.1302	0.0000
13	100860000	101310000	255.0600	0.1054	0.0000
9	134310000	134430000	255.0600	0.0197	0.0000
14	21100000	21470000	255.0400	0.0665	0.0000
22	36440000	36550000	255.0400	0.0298	0.0000
1	25510000	25550000	255.0400	0.0211	0.0000
3	190320000	190710000	255.0200	0.0681	0.0000
1	96890000	97220000	255.0200	0.0613	0.0000
11	27280000	27320000	255.0200	0.0139	0.0000
3	111920000	112090000	255.0000	0.0341	0.0000
22	24070000	24190000	254.9800	0.0360	0.0000
15	75610000	76040000	254.9600	0.0858	0.0000
2	20650000	20760000	254.9600	0.0326	0.0000
1	16950000	17030000	254.9400	0.0418	0.0000
7	159100000	159250000	254.9400	0.0306	0.0000
11	6370000	6720000	254.9200	0.0638	0.0000
6	120980000	121100000	254.9200	0.0411	0.0000
10	80950000	81150000	254.9200	0.0401	0.0000
17	42640000	42850000	254.9000	0.0964	0.0000
9	108510000	108780000	254.9000	0.0411	0.0000
20	40950000	41720000	254.8600	0.0943	0.0000
2	227750000	227770000	254.8600	0.0113	0.0000
2	239080000	240010000	254.8400	0.1009	0.0000
9	97930000	98350000	254.8400	0.0672	0.0000
10	71570000	71830000	254.8400	0.0422	0.0000
2	41670000	41700000	254.8400	0.0346	0.0000
21	25210000	25400000	254.8400	0.0189	0.0000
10	30380000	30560000	254.8200	0.0521	0.0000
20	61970000	62150000	254.8200	0.0358	0.0000
9	34210000	34250000	254.8200	0.0251	0.0000
2	58930000	59470000	254.8000	0.0539	0.0000
11	1730000	1850000	254.8000	0.0367	0.0000
6	55450000	55570000	254.8000	0.0327	0.0000
4	42410000	42760000	254.7800	0.0929	0.0000
8	103950000	104290000	254.7800	0.0371	0.0000
9	18390000	18630000	254.7800	0.0278	0.0000
3	144700000	144760000	254.7800	0.0226	0.0000
4	36920000	36980000	254.7800	0.0198	0.0000
10	17050000	17100000	254.7800	0.0170	0.0000
4	95220000	95650000	254.7600	0.0393	0.0000
3	141800000	142130000	254.7200	0.0716	0.0000
4	94460000	94930000	254.7200	0.0411	0.0000
5	122670000	122740000	254.7200	0.0182	0.0000
12	74400000	74440000	254.7200	0.0179	0.0000
8	21970000	22200000	254.7000	0.0813	0.0000
8	85860000	86030000	254.7000	0.0396	0.0000
16	24640000	25110000	254.6800	0.0777	0.0000
5	51020000	51060000	254.6800	0.0152	0.0000
11	22740000	23080000	254.6600	0.0991	0.0000
10	97260000	97510000	254.6600	0.0678	0.0000
19	3520000	3700000	254.6600	0.0544	0.0000
2	73910000	74190000	254.6600	0.0412	0.0000
4	171290000	171350000	254.6600	0.0210	0.0000
6	149050000	149240000	254.6400	0.0422	0.0000
6	152240000	152320000	254.6400	0.0300	0.0000
12	9740000	10050000	254.6200	0.0702	0.0000
9	2030000	2080000	254.6200	0.0420	0.0000
19	16400000	16480000	254.6200	0.0294	0.0000
5	52150000	52350000	254.6200	0.0213	0.0000
10	101330000	101900000	254.6000	0.0702	0.0000
20	60390000	60430000	254.6000	0.0208	0.0000
5	139520000	139710000	254.5800	0.0412	0.0000
21	17390000	17500000	254.5800	0.0259	0.0000
12	15960000	16940000	254.5400	0.1417	0.0000
1	154760000	155050000	254.5400	0.1197	0.0000
3	95260000	95730000	254.5400	0.0486	0.0000
18	45840000	46180000	254.5000	0.0637	0.0000
1	63740000	64110000	254.5000	0.0568	0.0000
7	44060000	44990000	254.4800	0.1113	0.0000
14	36010000	36100000	254.4800	0.0384	0.0000
11	44610000	44850000	254.4600	0.0744	0.0000
3	147730000	148090000	254.4600	0.0327	0.0000
2	83140000	84090000	254.4400	0.0934	0.0000
18	38990000	39730000	254.4400	0.0470	0.0000
22	23680000	23830000	254.4400	0.0384	0.0000
14	61560000	61690000	254.4200	0.0349	0.0000
6	127930000	128010000	254.4000	0.0198	0.0000
1	151240000	151930000	254.3800	0.0984	0.0000
10	50850000	51120000	254.3800	0.0458	0.0000
11	220000	260000	254.3800	0.0186	0.0000
19	5570000	5710000	254.3600	0.0463	0.0000
19	48760000	48870000	254.3600	0.0445	0.0000
13	39170000	39350000	254.3600	0.0403	0.0000
4	127770000	127820000	254.3600	0.0227	0.0000
1	10430000	10590000	254.3400	0.0870	0.0000
13	73690000	73990000	254.3400	0.0418	0.0000
12	6350000	6580000	254.3400	0.0372	0.0000
6	137690000	137810000	254.3200	0.0476	0.0000
5	52430000	52610000	254.3200	0.0322	0.0000
4	99890000	99990000	254.3200	0.0320	0.0000
1	228740000	228950000	254.3200	0.0314	0.0000
7	26140000	26180000	254.3000	0.0227	0.0000
14	72930000	73200000	254.2800	0.0469	0.0000
4	138050000	138220000	254.2800	0.0297	0.0000
3	46500000	46680000	254.2800	0.0275	0.0000
1	207300000	207410000	254.2800	0.0272	0.0000
3	84830000	84850000	254.2800	0.0110	0.0000
13	20210000	20930000	254.2600	0.1212	0.0000
1	237540000	237840000	254.2600	0.0693	0.0000
4	101960000	102110000	254.2600	0.0536	0.0000
15	90290000	90920000	254.2400	0.1163	0.0000
10	14390000	14980000	254.2400	0.0878	0.0000
14	63430000	63630000	254.2400	0.0558	0.0000
2	5420000	5550000	254.2400	0.0196	0.0000
1	20360000	21340000	254.2200	0.1565	0.0000
11	104650000	105100000	254.2200	0.0723	0.0000
1	194670000	194870000	254.2000	0.0588	0.0000
11	32270000	32550000	254.2000	0.0584	0.0000
14	98380000	98610000	254.2000	0.0363	0.0000
9	117270000	118090000	254.1600	0.0908	0.0000
5	65760000	66180000	254.1600	0.0874	0.0000
16	70250000	70570000	254.1600	0.0760	0.0000
6	108800000	108950000	254.1600	0.0573	0.0000
2	232490000	232820000	254.1400	0.0742	0.0000
19	18040000	18090000	254.1400	0.0278	0.0000
8	91210000	91520000	254.1200	0.1189	0.0000
5	40690000	40780000	254.1000	0.0304	0.0000
11	118790000	118860000	254.1000	0.0280	0.0000
14	34170000	34370000	254.0800	0.0550	0.0000
6	106560000	106690000	254.0800	0.0312	0.0000
8	74750000	74820000	254.0800	0.0170	0.0000
12	17420000	17580000	254.0800	0.0159	0.0000
13	23000000	23260000	254.0600	0.0641	0.0000
2	104410000	104680000	254.0200	0.0604	0.0000
8	129460000	129610000	254.0200	0.0213	0.0000
3	97220000	97590000	254.0000	0.0959	0.0000
17	76760000	76950000	254.0000	0.0527	0.0000
6	31590000	31800000	254.0000	0.0480	0.0000
14	39950000	40080000	254.0000	0.0342	0.0000
6	3330000	3400000	254.0000	0.0227	0.0000
6	161690000	161980000	253.9800	0.0823	0.0000
3	193260000	193580000	253.9800	0.0381	0.0000
12	4240000	4260000	253.9800	0.0108	0.0000
18	61320000	61870000	253.9600	0.0592	0.0000
2	225370000	225460000	253.9600	0.0328	0.0000
17	41280000	41520000	253.9400	0.0599	0.0000
17	77790000	77940000	253.9400	0.0486	0.0000
20	23370000	23490000	253.9200	0.0725	0.0000
10	7410000	7610000	253.9200	0.0694	0.0000
14	96380000	96620000	253.9200	0.0334	0.0000
6	126010000	126470000	253.9000	0.0811	0.0000
13	96820000	97100000	253.8800	0.1041	0.0000
1	25760000	25980000	253.8800	0.0435	0.0000
8	2800000	2990000	253.8800	0.0424	0.0000
5	134770000	134880000	253.8800	0.0314	0.0000
2	74360000	74500000	253.8600	0.0501	0.0000
12	109710000	109910000	253.8600	0.0367	0.0000
3	127600000	127730000	253.8600	0.0247	0.0000
9	21120000	21130000	253.8600	0.0094	0.0000
13	114000000	114020000	253.8600	0.0083	0.0000
3	63220000	63530000	253.8400	0.0613	0.0000
1	165680000	165920000	253.8400	0.0600	0.0000
13	89980000	90490000	253.8400	0.0509	0.0000
16	71730000	71800000	253.8400	0.0328	0.0000
8	85470000	85480000	253.8400	0.0149	0.0000
4	47020000	47280000	253.8200	0.0872	0.0000
5	54520000	54780000	253.8200	0.0611	0.0000
6	132060000	132290000	253.8200	0.0370	0.0000
10	20860000	21130000	253.8000	0.0588	0.0000
12	98760000	99090000	253.8000	0.0545	0.0000
7	100400000	100520000	253.8000	0.0527	0.0000
8	33310000	33350000	253.8000	0.0133	0.0000
11	78700000	79490000	253.7800	0.0570	0.0000
14	98190000	98350000	253.7800	0.0491	0.0000
1	115780000	115850000	253.7800	0.0133	0.0000
18	67960000	68650000	253.7600	0.0862	0.0000
6	29970000	30060000	253.7600	0.0381	0.0000
11	116650000	117120000	253.7400	0.0693	0.0000
6	77390000	77490000	253.7400	0.0571	0.0000
4	24610000	24790000	253.7400	0.0505	0.0000
22	33510000	33600000	253.7400	0.0216	0.0000
7	49870000	50040000	253.7200	0.0589	0.0000
12	64340000	64380000	253.7200	0.0170	0.0000
17	68320000	68340000	253.7200	0.0141	0.0000
4	37560000	37910000	253.7000	0.1265	0.0000
2	214240000	214490000	253.7000	0.0876	0.0000
17	71710000	72280000	253.7000	0.0767	0.0000
3	81380000	81670000	253.7000	0.0434	0.0000
10	57840000	58600000	253.6600	0.1226	0.0000
1	176330000	177300000	253.6600	0.0639	0.0000
11	3730000	3780000	253.6400	0.0295	0.0000
8	111510000	111790000	253.6200	0.0466	0.0000
8	52140000	52240000	253.6200	0.0426	0.0000
12	31580000	31890000	253.6000	0.0539	0.0000
6	165090000	165300000	253.6000	0.0324	0.0000
16	8870000	8920000	253.6000	0.0255	0.0000
6	156900000	157670000	253.5800	0.0528	0.0000
6	133820000	133890000	253.5800	0.0378	0.0000
16	910000	1230000	253.5800	0.0360	0.0000
6	64140000	64200000	253.5800	0.0281	0.0000
3	9700000	10010000	253.5600	0.0670	0.0000
22	17750000	17870000	253.5600	0.0347	0.0000
20	34350000	34380000	253.5600	0.0155	0.0000
1	86920000	86980000	253.5400	0.0375	0.0000
3	153170000	153210000	253.5400	0.0231	0.0000
12	71830000	71900000	253.5400	0.0214	0.0000
1	6430000	6530000	253.5200	0.0346	0.0000
12	124330000	124510000	253.5000	0.0579	0.0000
21	28890000	29010000	253.5000	0.0420	0.0000
2	68870000	68890000	253.5000	0.0076	0.0000
8	108770000	109280000	253.4800	0.1412	0.0000
7	120370000	120710000	253.4800	0.0495	0.0000
4	165860000	166160000	253.4800	0.0440	0.0000
6	34540000	34910000	253.4600	0.0737	0.0000
9	32020000	32150000	253.4600	0.0659	0.0000
16	72600000	72820000	253.4600	0.0511	0.0000
3	145260000	145680000	253.4400	0.0592	0.0000
3	98170000	98340000	253.4400	0.0401	0.0000
8	38820000	39010000	253.4400	0.0311	0.0000
3	51930000	52190000	253.4200	0.0735	0.0000
2	176810000	176860000	253.4200	0.0220	0.0000
2	48100000	48310000	253.4000	0.0471	0.0000
12	11810000	11900000	253.4000	0.0330	0.0000
18	1670000	2320000	253.3800	0.0966	0.0000
8	24090000	24210000	253.3800	0.0312	0.0000
13	102940000	103000000	253.3800	0.0224	0.0000
8	136710000	136740000	253.3800	0.0180	0.0000
12	49020000	49050000	253.3800	0.0146	0.0000
3	5310000	5520000	253.3600	0.0612	0.0000
6	30130000	30360000	253.3600	0.0319	0.0000
5	88640000	88670000	253.3600	0.0258	0.0000
3	58030000	58690000	253.3400	0.0803	0.0000
15	50590000	50990000	253.3200	0.0557	0.0000
1	45300000	45930000	253.3000	0.0950	0.0000
1	78240000	78400000	253.3000	0.0252	0.0000
12	49630000	49800000	253.2800	0.0626	0.0000
2	200720000	201090000	253.2800	0.0527	0.0000
9	29060000	29200000	253.2800	0.0289	0.0000
5	27570000	27720000	253.2800	0.0199	0.0000
12	49830000	50450000	253.2600	0.0689	0.0000
5	14730000	14820000	253.2600	0.0261	0.0000
21	39190000	39280000	253.2600	0.0218	0.0000
13	27450000	27540000	253.2600	0.0160	0.0000
11	580000	730000	253.2400	0.0394	0.0000
20	15710000	15870000	253.2200	0.0376	0.0000
16	30830000	30860000	253.2200	0.0138	0.0000
6	65680000	65710000	253.2000	0.0162	0.0000
18	3280000	3360000	253.1800	0.0469	0.0000
20	46200000	46220000	253.1800	0.0221	0.0000
7	8150000	8210000	253.1800	0.0201	0.0000
13	54610000	55090000	253.1600	0.0623	0.0000
4	119630000	119890000	253.1600	0.0520	0.0000
4	152080000	152150000	253.1400	0.0280	0.0000
4	121580000	121650000	253.1400	0.0184	0.0000
18	7480000	7560000	253.1400	0.0174	0.0000
2	98420000	98440000	253.1400	0.0113	0.0000
12	92400000	92660000	253.1200	0.0764	0.0000
2	70250000	70320000	253.1200	0.0391	0.0000
11	37340000	37420000	253.1200	0.0234	0.0000
2	217700000	217720000	253.1200	0.0088	0.0000
3	146030000	146530000	253.1000	0.0400	0.0000
4	48720000	48850000	253.1000	0.0287	0.0000
11	79630000	80390000	253.0800	0.0656	0.0000
9	33170000	33380000	253.0800	0.0593	0.0000
18	69020000	69190000	253.0800	0.0470	0.0000
5	65600000	65710000	253.0800	0.0374	0.0000
6	134710000	134740000	253.0800	0.0201	0.0000
4	175990000	176690000	253.0600	0.0990	0.0000
6	155510000	155730000	253.0600	0.0706	0.0000
19	49970000	50010000	253.0600	0.0221	0.0000
2	195770000	196080000	253.0400	0.0638	0.0000
22	43170000	43330000	253.0400	0.0561	0.0000
13	72010000	72230000	253.0400	0.0459	0.0000
2	75220000	75390000	253.0400	0.0291	0.0000
11	62600000	62630000	253.0400	0.0107	0.0000
5	116470000	117080000	253.0200	0.1347	0.0000
13	60330000	60660000	253.0200	0.0619	0.0000
20	63530000	63620000	253.0200	0.0409	0.0000
12	62690000	62750000	253.0200	0.0180	0.0000
19	40680000	40690000	253.0200	0.0071	0.0000
6	73470000	73500000	253.0000	0.0243	0.0000
16	75550000	75590000	253.0000	0.0171	0.0000
8	114420000	114530000	252.9800	0.0164	0.0000
16	22410000	22430000	252.9800	0.0076	0.0000
18	41790000	42390000	252.9600	0.1502	0.0000
17	82700000	83200000	252.9600	0.0327	0.0000
3	159730000	159830000	252.9600	0.0309	0.0000
1	234460000	234500000	252.9600	0.0220	0.0000
19	47130000	47380000	252.9400	0.1099	0.0000
11	117160000	117230000	252.9400	0.0314	0.0000
3	183640000	183700000	252.9400	0.0204	0.0000
14	29670000	29760000	252.9400	0.0198	0.0000
13	77970000	78510000	252.9200	0.0682	0.0000
5	111650000	111860000	252.9200	0.0444	0.0000
19	35260000	35310000	252.9200	0.0222	0.0000
8	119170000	119220000	252.9000	0.0202	0.0000
6	32870000	32940000	252.8800	0.0357	0.0000
16	15610000	15720000	252.8800	0.0346	0.0000
6	72330000	72470000	252.8800	0.0318	0.0000
13	62370000	62630000	252.8600	0.0515	0.0000
7	127400000	127700000	252.8600	0.0485	0.0000
1	7880000	7980000	252.8600	0.0365	0.0000
4	177610000	177870000	252.8600	0.0272	0.0000
13	51180000	51400000	252.8200	0.0542	0.0000
6	106140000	106290000	252.8200	0.0461	0.0000
13	96140000	96440000	252.8200	0.0414	0.0000
12	11920000	11990000	252.8200	0.0372	0.0000
12	1100000	1200000	252.8200	0.0299	0.0000
9	124850000	124930000	252.7800	0.0390	0.0000
15	52110000	52290000	252.7800	0.0342	0.0000
12	58130000	58330000	252.7800	0.0236	0.0000
1	183110000	183160000	252.7800	0.0198	0.0000
2	12580000	12760000	252.7600	0.0553	0.0000
15	60390000	60520000	252.7600	0.0522	0.0000
9	32960000	33020000	252.7200	0.0356	0.0000
19	34270000	34520000	252.7200	0.0300	0.0000
6	111450000	111460000	252.7200	0.0098	0.0000
17	56840000	56970000	252.7000	0.0364	0.0000
4	83690000	83870000	252.7000	0.0245	0.0000
17	49270000	49440000	252.6800	0.0345	0.0000
4	90590000	90710000	252.6800	0.0327	0.0000
8	1470000	1510000	252.6800	0.0161	0.0000
6	144460000	144880000	252.6600	0.1061	0.0000
7	117660000	117840000	252.6600	0.0701	0.0000
4	167510000	167910000	252.6600	0.0558	0.0000
9	29580000	29730000	252.6600	0.0508	0.0000
4	173530000	173600000	252.6600	0.0355	0.0000
20	7850000	7940000	252.6400	0.0279	0.0000
3	195840000	195900000	252.6400	0.0189	0.0000
2	42330000	42350000	252.6400	0.0120	0.0000
7	55380000	55510000	252.6200	0.0310	0.0000
7	112780000	112850000	252.6200	0.0258	0.0000
8	42950000	43180000	252.6200	0.0209	0.0000
3	191380000	191660000	252.6000	0.0527	0.0000
3	174610000	175010000	252.5800	0.1084	0.0000
12	96740000	97340000	252.5800	0.0931	0.0000
11	118360000	118390000	252.5800	0.0228	0.0000
18	51800000	51890000	252.5800	0.0181	0.0000
19	46720000	47050000	252.5600	0.0588	0.0000
5	53870000	53980000	252.5600	0.0291	0.0000
20	31240000	31260000	252.5600	0.0186	0.0000
3	10240000	10250000	252.5600	0.0126	0.0000
8	28280000	28510000	252.5400	0.0348	0.0000
11	111480000	111530000	252.5400	0.0235	0.0000
10	3170000	3200000	252.5400	0.0088	0.0000
4	108740000	109300000	252.5200	0.1143	0.0000
5	11660000	12240000	252.5200	0.0723	0.0000
18	40930000	41210000	252.5200	0.0564	0.0000
3	113480000	113560000	252.5200	0.0491	0.0000
14	104370000	104410000	252.5200	0.0224	0.0000
4	154540000	154760000	252.5000	0.0500	0.0000
3	118180000	118650000	252.5000	0.0390	0.0000
13	64480000	64550000	252.5000	0.0151	0.0000
16	66700000	66930000	252.4800	0.0639	0.0000
1	234700000	234720000	252.4800	0.0267	0.0000
1	9260000	9280000	252.4800	0.0191	0.0000
16	83800000	83860000	252.4800	0.0187	0.0000
22	21670000	21720000	252.4800	0.0183	0.0000
16	9870000	9920000	252.4800	0.0177	0.0000
3	61860000	62370000	252.4600	0.1069	0.0000
4	105480000	105840000	252.4600	0.0466	0.0000
2	101550000	101720000	252.4600	0.0281	0.0000
19	46000000	46030000	252.4600	0.0260	0.0000
1	81570000	81630000	252.4600	0.0149	0.0000
9	38030000	38120000	252.4400	0.0277	0.0000
14	70810000	70880000	252.4400	0.0187	0.0000
5	174970000	175110000	252.4200	0.0439	0.0000
2	174570000	174960000	252.4000	0.0643	0.0000
7	113080000	113470000	252.4000	0.0565	0.0000
12	15110000	15180000	252.4000	0.0262	0.0000
2	9650000	9700000	252.4000	0.0165	0.0000
7	127130000	127320000	252.3800	0.0515	0.0000
5	86650000	86870000	252.3800	0.0446	0.0000
14	48800000	49050000	252.3800	0.0354	0.0000
8	132320000	132410000	252.3800	0.0236	0.0000
7	139560000	139930000	252.3600	0.0632	0.0000
6	113630000	114370000	252.3600	0.0433	0.0000
2	164330000	164610000	252.3600	0.0421	0.0000
9	7270000	7610000	252.3600	0.0364	0.0000
15	71470000	71510000	252.3600	0.0242	0.0000
8	109880000	110550000	252.3400	0.0531	0.0000
5	21620000	21760000	252.3400	0.0289	0.0000
4	151120000	151160000	252.3400	0.0254	0.0000
4	133100000	133440000	252.3400	0.0143	0.0000
12	81290000	81660000	252.3200	0.0606	0.0000
20	2730000	3100000	252.3200	0.0515	0.0000
8	19250000	19280000	252.3200	0.0195	0.0000
3	197690000	197890000	252.3000	0.0341	0.0000
14	40830000	40920000	252.3000	0.0204	0.0000
14	67320000	67330000	252.3000	0.0110	0.0000
1	75680000	75700000	252.3000	0.0109	0.0000
2	219140000	219490000	252.2800	0.1231	0.0000
4	140710000	140740000	252.2800	0.0255	0.0000
1	189720000	189730000	252.2800	0.0058	0.0000
8	90650000	91070000	252.2600	0.0821	0.0000
22	42790000	42900000	252.2600	0.0467	0.0000
3	3730000	3850000	252.2600	0.0248	0.0000
3	50460000	50520000	252.2600	0.0218	0.0000
15	41750000	41930000	252.2400	0.1106	0.0000
6	95240000	95550000	252.2400	0.0907	0.0000
7	39570000	39760000	252.2400	0.0616	0.0000
3	1710000	2330000	252.2400	0.0604	0.0000
6	62740000	63040000	252.2400	0.0457	0.0000
3	65130000	65380000	252.2400	0.0373	0.0000
6	33180000	33310000	252.2400	0.0347	0.0000
12	32740000	33100000	252.2400	0.0317	0.0000
1	169320000	169370000	252.2200	0.0307	0.0000
3	124980000	125180000	252.2200	0.0272	0.0000
9	109190000	109660000	252.2000	0.0762	0.0000
3	142360000	142570000	252.2000	0.0454	0.0000
12	99820000	99960000	252.2000	0.0414	0.0000
1	11490000	11600000	252.2000	0.0330	0.0000
18	35210000	35240000	252.2000	0.0148	0.0000
8	128250000	128340000	252.1800	0.0375	0.0000
9	14690000	14870000	252.1800	0.0319	0.0000
2	13210000	13260000	252.1800	0.0191	0.0000
2	185990000	186410000	252.1600	0.0753	0.0000
1	224250000	224400000	252.1600	0.0372	0.0000
6	117860000	118150000	252.1400	0.0776	0.0000
10	25170000	25550000	252.1400	0.0444	0.0000
6	88890000	89020000	252.1400	0.0440	0.0000
1	34980000	35030000	252.1400	0.0319	0.0000
6	41190000	41220000	252.1400	0.0169	0.0000
12	91500000	91580000	252.1200	0.0230	0.0000
1	97930000	97970000	252.1200	0.0214	0.0000
15	44720000	44730000	252.1200	0.0078	0.0000
1	85350000	85410000	252.1000	0.0227	0.0000
3	38800000	38900000	252.0800	0.0299	0.0000
1	89540000	89590000	252.0800	0.0233	0.0000
7	46690000	46880000	252.0800	0.0166	0.0000
2	163040000	163790000	252.0600	0.1172	0.0000
15	86710000	86990000	252.0600	0.0485	0.0000
11	118580000	118600000	252.0600	0.0316	0.0000
6	105800000	105890000	252.0600	0.0236	0.0000
4	20470000	20800000	252.0400	0.0499	0.0000
2	8390000	8480000	252.0400	0.0454	0.0000
15	63250000	63390000	252.0400	0.0379	0.0000
20	48830000	48970000	252.0400	0.0293	0.0000
5	176320000	176590000	252.0200	0.0595	0.0000
13	36070000	36210000	252.0200	0.0345	0.0000
13	100490000	100630000	252.0200	0.0163	0.0000
3	104990000	105260000	252.0000	0.0807	0.0000
13	35570000	36060000	252.0000	0.0550	0.0000
2	210530000	211040000	252.0000	0.0465	0.0000
10	111480000	111550000	252.0000	0.0220	0.0000
11	16530000	16620000	251.9800	0.0284	0.0000
13	112960000	113040000	251.9800	0.0191	0.0000
3	33300000	33320000	251.9800	0.0151	0.0000
11	83460000	83510000	251.9800	0.0108	0.0000
2	57650000	58040000	251.9600	0.0595	0.0000
5	101200000	101230000	251.9600	0.0176	0.0000
14	80580000	80760000	251.9400	0.0578	0.0000
11	123780000	123910000	251.9400	0.0575	0.0000
12	100530000	100610000	251.9400	0.0230	0.0000
3	104260000	104290000	251.9400	0.0214	0.0000
19	41820000	41860000	251.9400	0.0097	0.0000
4	36290000	36330000	251.9200	0.0182	0.0000
8	144390000	144430000	251.9200	0.0177	0.0000
5	166660000	167490000	251.9000	0.0726	0.0000
11	68860000	68940000	251.9000	0.0310	0.0000
9	99170000	99220000	251.9000	0.0308	0.0000
16	23460000	23480000	251.9000	0.0117	0.0000
5	40260000	40510000	251.8800	0.0502	0.0000
11	129850000	129940000	251.8800	0.0389	0.0000
13	36970000	37020000	251.8800	0.0271	0.0000
18	60130000	60240000	251.8800	0.0234	0.0000
4	170800000	170860000	251.8800	0.0222	0.0000
5	8780000	8950000	251.8800	0.0173	0.0000
6	32110000	32120000	251.8800	0.0085	0.0000
1	239680000	240410000	251.8600	0.0995	0.0000
14	49540000	49850000	251.8600	0.0356	0.0000
11	66190000	66340000	251.8600	0.0322	0.0000
11	119580000	119640000	251.8600	0.0169	0.0000
15	81610000	81630000	251.8600	0.0125	0.0000
7	107520000	108050000	251.8400	0.0832	0.0000
15	57630000	57740000	251.8400	0.0280	0.0000
12	75130000	75220000	251.8000	0.0173	0.0000
1	187080000	187360000	251.7800	0.0611	0.0000
8	123080000	123480000	251.7800	0.0534	0.0000
